Symlinking /home/rob/NGR-Goose/mirte_ws/devel/include/ridgeback_msgs/Lights.h
Symlinking /home/rob/NGR-Goose/mirte_ws/devel/include/ridgeback_msgs/Status.h
Symlinking /home/rob/NGR-Goose/mirte_ws/devel/include/ridgeback_msgs/Fans.h
Symlinking /home/rob/NGR-Goose/mirte_ws/devel/include/ridgeback_msgs/RGB.h
Symlinking /home/rob/NGR-Goose/mirte_ws/devel/lib/python3/dist-packages/ridgeback_msgs/__init__.py
Symlinking /home/rob/NGR-Goose/mirte_ws/devel/lib/python3/dist-packages/ridgeback_msgs/msg/_Lights.py
Symlinking /home/rob/NGR-Goose/mirte_ws/devel/lib/python3/dist-packages/ridgeback_msgs/msg/_Fans.py
Symlinking /home/rob/NGR-Goose/mirte_ws/devel/lib/python3/dist-packages/ridgeback_msgs/msg/__init__.py
Symlinking /home/rob/NGR-Goose/mirte_ws/devel/lib/python3/dist-packages/ridgeback_msgs/msg/_RGB.py
Symlinking /home/rob/NGR-Goose/mirte_ws/devel/lib/python3/dist-packages/ridgeback_msgs/msg/_Status.py
Symlinking /home/rob/NGR-Goose/mirte_ws/devel/lib/pkgconfig/ridgeback_msgs.pc
Symlinking /home/rob/NGR-Goose/mirte_ws/devel/share/roseus/ros/ridgeback_msgs/manifest.l
Symlinking /home/rob/NGR-Goose/mirte_ws/devel/share/roseus/ros/ridgeback_msgs/msg/Lights.l
Symlinking /home/rob/NGR-Goose/mirte_ws/devel/share/roseus/ros/ridgeback_msgs/msg/Fans.l
Symlinking /home/rob/NGR-Goose/mirte_ws/devel/share/roseus/ros/ridgeback_msgs/msg/RGB.l
Symlinking /home/rob/NGR-Goose/mirte_ws/devel/share/roseus/ros/ridgeback_msgs/msg/Status.l
Symlinking /home/rob/NGR-Goose/mirte_ws/devel/share/ridgeback_msgs/cmake/ridgeback_msgsConfig-version.cmake
Symlinking /home/rob/NGR-Goose/mirte_ws/devel/share/ridgeback_msgs/cmake/ridgeback_msgsConfig.cmake
Symlinking /home/rob/NGR-Goose/mirte_ws/devel/share/ridgeback_msgs/cmake/ridgeback_msgs-msg-extras.cmake
Symlinking /home/rob/NGR-Goose/mirte_ws/devel/share/ridgeback_msgs/cmake/ridgeback_msgs-msg-paths.cmake
Symlinking /home/rob/NGR-Goose/mirte_ws/devel/share/gennodejs/ros/ridgeback_msgs/_index.js
Symlinking /home/rob/NGR-Goose/mirte_ws/devel/share/gennodejs/ros/ridgeback_msgs/msg/Status.js
Symlinking /home/rob/NGR-Goose/mirte_ws/devel/share/gennodejs/ros/ridgeback_msgs/msg/_index.js
Symlinking /home/rob/NGR-Goose/mirte_ws/devel/share/gennodejs/ros/ridgeback_msgs/msg/Fans.js
Symlinking /home/rob/NGR-Goose/mirte_ws/devel/share/gennodejs/ros/ridgeback_msgs/msg/Lights.js
Symlinking /home/rob/NGR-Goose/mirte_ws/devel/share/gennodejs/ros/ridgeback_msgs/msg/RGB.js
Symlinking /home/rob/NGR-Goose/mirte_ws/devel/share/common-lisp/ros/ridgeback_msgs/msg/Status.lisp
Symlinking /home/rob/NGR-Goose/mirte_ws/devel/share/common-lisp/ros/ridgeback_msgs/msg/_package_Fans.lisp
Symlinking /home/rob/NGR-Goose/mirte_ws/devel/share/common-lisp/ros/ridgeback_msgs/msg/Lights.lisp
Symlinking /home/rob/NGR-Goose/mirte_ws/devel/share/common-lisp/ros/ridgeback_msgs/msg/_package.lisp
Symlinking /home/rob/NGR-Goose/mirte_ws/devel/share/common-lisp/ros/ridgeback_msgs/msg/Fans.lisp
Symlinking /home/rob/NGR-Goose/mirte_ws/devel/share/common-lisp/ros/ridgeback_msgs/msg/_package_RGB.lisp
Symlinking /home/rob/NGR-Goose/mirte_ws/devel/share/common-lisp/ros/ridgeback_msgs/msg/_package_Lights.lisp
Symlinking /home/rob/NGR-Goose/mirte_ws/devel/share/common-lisp/ros/ridgeback_msgs/msg/_package_Status.lisp
Symlinking /home/rob/NGR-Goose/mirte_ws/devel/share/common-lisp/ros/ridgeback_msgs/msg/ridgeback_msgs-msg.asd
Symlinking /home/rob/NGR-Goose/mirte_ws/devel/share/common-lisp/ros/ridgeback_msgs/msg/RGB.lisp
