Warning: Cannot symlink from /home/rob/NGR-Goose/mirte_ws/devel/.private/ridgeback_msgs/lib/pkgconfig/ridgeback_msgs.pc to existing file /home/rob/NGR-Goose/mirte_ws/devel/lib/pkgconfig/ridgeback_msgs.pc
Warning: Source hash: 92bcc673214df0d14e04cd955f166bc8
Warning: Dest hash: 16fa0ddb9b90d77bd00eed8aaf8eedd2
Warning: Cannot symlink from /home/rob/NGR-Goose/mirte_ws/devel/.private/ridgeback_msgs/share/ridgeback_msgs/cmake/ridgeback_msgsConfig.cmake to existing file /home/rob/NGR-Goose/mirte_ws/devel/share/ridgeback_msgs/cmake/ridgeback_msgsConfig.cmake
Warning: Source hash: 4b0dfe52903f38cf629094aeaa6b2841
Warning: Dest hash: 7d4e0947c64e1acd1ae71f1e171217ad
Warning: Cannot symlink from /home/rob/NGR-Goose/mirte_ws/devel/.private/ridgeback_msgs/share/ridgeback_msgs/cmake/ridgeback_msgs-msg-extras.cmake to existing file /home/rob/NGR-Goose/mirte_ws/devel/share/ridgeback_msgs/cmake/ridgeback_msgs-msg-extras.cmake
Warning: Source hash: dc0ce388f75120bf86e82f8a178180b4
Warning: Dest hash: 953aa033f97d5a78d58f9eb4311900ca
Warning: Cannot symlink from /home/rob/NGR-Goose/mirte_ws/devel/.private/ridgeback_msgs/share/ridgeback_msgs/cmake/ridgeback_msgs-msg-paths.cmake to existing file /home/rob/NGR-Goose/mirte_ws/devel/share/ridgeback_msgs/cmake/ridgeback_msgs-msg-paths.cmake
Warning: Source hash: 9eec8a02f7e0644f81ae8b53d9e261e6
Warning: Dest hash: b9f7f92bbf229252cff8b2d8f24166ca
Cleaning: (/home/rob/mirte_ws/devel/.private/ridgeback_msgs/cmake.lock, /home/rob/mirte_ws/devel/./cmake.lock)
Cleaning: (/home/rob/mirte_ws/devel/.private/ridgeback_msgs/include/ridgeback_msgs/Lights.h, /home/rob/mirte_ws/devel/include/ridgeback_msgs/Lights.h)
Cleaning: (/home/rob/mirte_ws/devel/.private/ridgeback_msgs/include/ridgeback_msgs/Status.h, /home/rob/mirte_ws/devel/include/ridgeback_msgs/Status.h)
Cleaning: (/home/rob/mirte_ws/devel/.private/ridgeback_msgs/include/ridgeback_msgs/Fans.h, /home/rob/mirte_ws/devel/include/ridgeback_msgs/Fans.h)
Cleaning: (/home/rob/mirte_ws/devel/.private/ridgeback_msgs/include/ridgeback_msgs/RGB.h, /home/rob/mirte_ws/devel/include/ridgeback_msgs/RGB.h)
Cleaning: (/home/rob/mirte_ws/devel/.private/ridgeback_msgs/lib/python3/dist-packages/ridgeback_msgs/__init__.py, /home/rob/mirte_ws/devel/lib/python3/dist-packages/ridgeback_msgs/__init__.py)
Cleaning: (/home/rob/mirte_ws/devel/.private/ridgeback_msgs/lib/python3/dist-packages/ridgeback_msgs/msg/_Lights.py, /home/rob/mirte_ws/devel/lib/python3/dist-packages/ridgeback_msgs/msg/_Lights.py)
Cleaning: (/home/rob/mirte_ws/devel/.private/ridgeback_msgs/lib/python3/dist-packages/ridgeback_msgs/msg/_Fans.py, /home/rob/mirte_ws/devel/lib/python3/dist-packages/ridgeback_msgs/msg/_Fans.py)
Cleaning: (/home/rob/mirte_ws/devel/.private/ridgeback_msgs/lib/python3/dist-packages/ridgeback_msgs/msg/__init__.py, /home/rob/mirte_ws/devel/lib/python3/dist-packages/ridgeback_msgs/msg/__init__.py)
Cleaning: (/home/rob/mirte_ws/devel/.private/ridgeback_msgs/lib/python3/dist-packages/ridgeback_msgs/msg/_RGB.py, /home/rob/mirte_ws/devel/lib/python3/dist-packages/ridgeback_msgs/msg/_RGB.py)
Cleaning: (/home/rob/mirte_ws/devel/.private/ridgeback_msgs/lib/python3/dist-packages/ridgeback_msgs/msg/_Status.py, /home/rob/mirte_ws/devel/lib/python3/dist-packages/ridgeback_msgs/msg/_Status.py)
Cleaning: (/home/rob/mirte_ws/devel/.private/ridgeback_msgs/lib/pkgconfig/ridgeback_msgs.pc, /home/rob/mirte_ws/devel/lib/pkgconfig/ridgeback_msgs.pc)
Cleaning: (/home/rob/mirte_ws/devel/.private/ridgeback_msgs/share/roseus/ros/ridgeback_msgs/manifest.l, /home/rob/mirte_ws/devel/share/roseus/ros/ridgeback_msgs/manifest.l)
Cleaning: (/home/rob/mirte_ws/devel/.private/ridgeback_msgs/share/roseus/ros/ridgeback_msgs/msg/Lights.l, /home/rob/mirte_ws/devel/share/roseus/ros/ridgeback_msgs/msg/Lights.l)
Cleaning: (/home/rob/mirte_ws/devel/.private/ridgeback_msgs/share/roseus/ros/ridgeback_msgs/msg/Fans.l, /home/rob/mirte_ws/devel/share/roseus/ros/ridgeback_msgs/msg/Fans.l)
Cleaning: (/home/rob/mirte_ws/devel/.private/ridgeback_msgs/share/roseus/ros/ridgeback_msgs/msg/RGB.l, /home/rob/mirte_ws/devel/share/roseus/ros/ridgeback_msgs/msg/RGB.l)
Cleaning: (/home/rob/mirte_ws/devel/.private/ridgeback_msgs/share/roseus/ros/ridgeback_msgs/msg/Status.l, /home/rob/mirte_ws/devel/share/roseus/ros/ridgeback_msgs/msg/Status.l)
Cleaning: (/home/rob/mirte_ws/devel/.private/ridgeback_msgs/share/ridgeback_msgs/cmake/ridgeback_msgsConfig-version.cmake, /home/rob/mirte_ws/devel/share/ridgeback_msgs/cmake/ridgeback_msgsConfig-version.cmake)
Cleaning: (/home/rob/mirte_ws/devel/.private/ridgeback_msgs/share/ridgeback_msgs/cmake/ridgeback_msgsConfig.cmake, /home/rob/mirte_ws/devel/share/ridgeback_msgs/cmake/ridgeback_msgsConfig.cmake)
Cleaning: (/home/rob/mirte_ws/devel/.private/ridgeback_msgs/share/ridgeback_msgs/cmake/ridgeback_msgs-msg-extras.cmake, /home/rob/mirte_ws/devel/share/ridgeback_msgs/cmake/ridgeback_msgs-msg-extras.cmake)
Cleaning: (/home/rob/mirte_ws/devel/.private/ridgeback_msgs/share/ridgeback_msgs/cmake/ridgeback_msgs-msg-paths.cmake, /home/rob/mirte_ws/devel/share/ridgeback_msgs/cmake/ridgeback_msgs-msg-paths.cmake)
Cleaning: (/home/rob/mirte_ws/devel/.private/ridgeback_msgs/share/gennodejs/ros/ridgeback_msgs/_index.js, /home/rob/mirte_ws/devel/share/gennodejs/ros/ridgeback_msgs/_index.js)
Cleaning: (/home/rob/mirte_ws/devel/.private/ridgeback_msgs/share/gennodejs/ros/ridgeback_msgs/msg/Status.js, /home/rob/mirte_ws/devel/share/gennodejs/ros/ridgeback_msgs/msg/Status.js)
Cleaning: (/home/rob/mirte_ws/devel/.private/ridgeback_msgs/share/gennodejs/ros/ridgeback_msgs/msg/_index.js, /home/rob/mirte_ws/devel/share/gennodejs/ros/ridgeback_msgs/msg/_index.js)
Cleaning: (/home/rob/mirte_ws/devel/.private/ridgeback_msgs/share/gennodejs/ros/ridgeback_msgs/msg/Fans.js, /home/rob/mirte_ws/devel/share/gennodejs/ros/ridgeback_msgs/msg/Fans.js)
Cleaning: (/home/rob/mirte_ws/devel/.private/ridgeback_msgs/share/gennodejs/ros/ridgeback_msgs/msg/Lights.js, /home/rob/mirte_ws/devel/share/gennodejs/ros/ridgeback_msgs/msg/Lights.js)
Cleaning: (/home/rob/mirte_ws/devel/.private/ridgeback_msgs/share/gennodejs/ros/ridgeback_msgs/msg/RGB.js, /home/rob/mirte_ws/devel/share/gennodejs/ros/ridgeback_msgs/msg/RGB.js)
Cleaning: (/home/rob/mirte_ws/devel/.private/ridgeback_msgs/share/common-lisp/ros/ridgeback_msgs/msg/Status.lisp, /home/rob/mirte_ws/devel/share/common-lisp/ros/ridgeback_msgs/msg/Status.lisp)
Cleaning: (/home/rob/mirte_ws/devel/.private/ridgeback_msgs/share/common-lisp/ros/ridgeback_msgs/msg/_package_Fans.lisp, /home/rob/mirte_ws/devel/share/common-lisp/ros/ridgeback_msgs/msg/_package_Fans.lisp)
Cleaning: (/home/rob/mirte_ws/devel/.private/ridgeback_msgs/share/common-lisp/ros/ridgeback_msgs/msg/Lights.lisp, /home/rob/mirte_ws/devel/share/common-lisp/ros/ridgeback_msgs/msg/Lights.lisp)
Cleaning: (/home/rob/mirte_ws/devel/.private/ridgeback_msgs/share/common-lisp/ros/ridgeback_msgs/msg/_package.lisp, /home/rob/mirte_ws/devel/share/common-lisp/ros/ridgeback_msgs/msg/_package.lisp)
Cleaning: (/home/rob/mirte_ws/devel/.private/ridgeback_msgs/share/common-lisp/ros/ridgeback_msgs/msg/Fans.lisp, /home/rob/mirte_ws/devel/share/common-lisp/ros/ridgeback_msgs/msg/Fans.lisp)
Cleaning: (/home/rob/mirte_ws/devel/.private/ridgeback_msgs/share/common-lisp/ros/ridgeback_msgs/msg/_package_RGB.lisp, /home/rob/mirte_ws/devel/share/common-lisp/ros/ridgeback_msgs/msg/_package_RGB.lisp)
Cleaning: (/home/rob/mirte_ws/devel/.private/ridgeback_msgs/share/common-lisp/ros/ridgeback_msgs/msg/_package_Lights.lisp, /home/rob/mirte_ws/devel/share/common-lisp/ros/ridgeback_msgs/msg/_package_Lights.lisp)
Cleaning: (/home/rob/mirte_ws/devel/.private/ridgeback_msgs/share/common-lisp/ros/ridgeback_msgs/msg/_package_Status.lisp, /home/rob/mirte_ws/devel/share/common-lisp/ros/ridgeback_msgs/msg/_package_Status.lisp)
Cleaning: (/home/rob/mirte_ws/devel/.private/ridgeback_msgs/share/common-lisp/ros/ridgeback_msgs/msg/ridgeback_msgs-msg.asd, /home/rob/mirte_ws/devel/share/common-lisp/ros/ridgeback_msgs/msg/ridgeback_msgs-msg.asd)
Cleaning: (/home/rob/mirte_ws/devel/.private/ridgeback_msgs/share/common-lisp/ros/ridgeback_msgs/msg/RGB.lisp, /home/rob/mirte_ws/devel/share/common-lisp/ros/ridgeback_msgs/msg/RGB.lisp)
Unlinking: /home/rob/mirte_ws/devel/include/ridgeback_msgs/Lights.h
Unlinking: /home/rob/mirte_ws/devel/include/ridgeback_msgs/Status.h
Unlinking: /home/rob/mirte_ws/devel/include/ridgeback_msgs/Fans.h
Unlinking: /home/rob/mirte_ws/devel/include/ridgeback_msgs/RGB.h
Unlinking: /home/rob/mirte_ws/devel/lib/python3/dist-packages/ridgeback_msgs/__init__.py
Unlinking: /home/rob/mirte_ws/devel/lib/python3/dist-packages/ridgeback_msgs/msg/_Lights.py
Unlinking: /home/rob/mirte_ws/devel/lib/python3/dist-packages/ridgeback_msgs/msg/_Fans.py
Unlinking: /home/rob/mirte_ws/devel/lib/python3/dist-packages/ridgeback_msgs/msg/__init__.py
Unlinking: /home/rob/mirte_ws/devel/lib/python3/dist-packages/ridgeback_msgs/msg/_RGB.py
Unlinking: /home/rob/mirte_ws/devel/lib/python3/dist-packages/ridgeback_msgs/msg/_Status.py
Unlinking: /home/rob/mirte_ws/devel/lib/pkgconfig/ridgeback_msgs.pc
Unlinking: /home/rob/mirte_ws/devel/share/roseus/ros/ridgeback_msgs/manifest.l
Unlinking: /home/rob/mirte_ws/devel/share/roseus/ros/ridgeback_msgs/msg/Lights.l
Unlinking: /home/rob/mirte_ws/devel/share/roseus/ros/ridgeback_msgs/msg/Fans.l
Unlinking: /home/rob/mirte_ws/devel/share/roseus/ros/ridgeback_msgs/msg/RGB.l
Unlinking: /home/rob/mirte_ws/devel/share/roseus/ros/ridgeback_msgs/msg/Status.l
Unlinking: /home/rob/mirte_ws/devel/share/ridgeback_msgs/cmake/ridgeback_msgsConfig-version.cmake
Unlinking: /home/rob/mirte_ws/devel/share/ridgeback_msgs/cmake/ridgeback_msgsConfig.cmake
Unlinking: /home/rob/mirte_ws/devel/share/ridgeback_msgs/cmake/ridgeback_msgs-msg-extras.cmake
Unlinking: /home/rob/mirte_ws/devel/share/ridgeback_msgs/cmake/ridgeback_msgs-msg-paths.cmake
Unlinking: /home/rob/mirte_ws/devel/share/gennodejs/ros/ridgeback_msgs/_index.js
Unlinking: /home/rob/mirte_ws/devel/share/gennodejs/ros/ridgeback_msgs/msg/Status.js
Unlinking: /home/rob/mirte_ws/devel/share/gennodejs/ros/ridgeback_msgs/msg/_index.js
Unlinking: /home/rob/mirte_ws/devel/share/gennodejs/ros/ridgeback_msgs/msg/Fans.js
Unlinking: /home/rob/mirte_ws/devel/share/gennodejs/ros/ridgeback_msgs/msg/Lights.js
Unlinking: /home/rob/mirte_ws/devel/share/gennodejs/ros/ridgeback_msgs/msg/RGB.js
Unlinking: /home/rob/mirte_ws/devel/share/common-lisp/ros/ridgeback_msgs/msg/Status.lisp
Unlinking: /home/rob/mirte_ws/devel/share/common-lisp/ros/ridgeback_msgs/msg/_package_Fans.lisp
Unlinking: /home/rob/mirte_ws/devel/share/common-lisp/ros/ridgeback_msgs/msg/Lights.lisp
Unlinking: /home/rob/mirte_ws/devel/share/common-lisp/ros/ridgeback_msgs/msg/_package.lisp
Unlinking: /home/rob/mirte_ws/devel/share/common-lisp/ros/ridgeback_msgs/msg/Fans.lisp
Unlinking: /home/rob/mirte_ws/devel/share/common-lisp/ros/ridgeback_msgs/msg/_package_RGB.lisp
Unlinking: /home/rob/mirte_ws/devel/share/common-lisp/ros/ridgeback_msgs/msg/_package_Lights.lisp
Unlinking: /home/rob/mirte_ws/devel/share/common-lisp/ros/ridgeback_msgs/msg/_package_Status.lisp
Unlinking: /home/rob/mirte_ws/devel/share/common-lisp/ros/ridgeback_msgs/msg/ridgeback_msgs-msg.asd
Unlinking: /home/rob/mirte_ws/devel/share/common-lisp/ros/ridgeback_msgs/msg/RGB.lisp
