Linked: (/home/rob/NGR-Goose/mirte_ws/devel/.private/ridgeback_msgs/share/ridgeback_msgs/cmake/ridgeback_msgsConfig.cmake, /home/rob/NGR-Goose/mirte_ws/devel/share/ridgeback_msgs/cmake/ridgeback_msgsConfig.cmake)
Linked: (/home/rob/NGR-Goose/mirte_ws/devel/.private/ridgeback_msgs/share/ridgeback_msgs/cmake/ridgeback_msgs-msg-paths.cmake, /home/rob/NGR-Goose/mirte_ws/devel/share/ridgeback_msgs/cmake/ridgeback_msgs-msg-paths.cmake)
Linked: (/home/rob/NGR-Goose/mirte_ws/devel/.private/ridgeback_msgs/share/ridgeback_msgs/cmake/ridgeback_msgs-msg-extras.cmake, /home/rob/NGR-Goose/mirte_ws/devel/share/ridgeback_msgs/cmake/ridgeback_msgs-msg-extras.cmake)
Linked: (/home/rob/NGR-Goose/mirte_ws/devel/.private/ridgeback_msgs/share/ridgeback_msgs/cmake/ridgeback_msgsConfig-version.cmake, /home/rob/NGR-Goose/mirte_ws/devel/share/ridgeback_msgs/cmake/ridgeback_msgsConfig-version.cmake)
Linked: (/home/rob/NGR-Goose/mirte_ws/devel/.private/ridgeback_msgs/share/gennodejs/ros/ridgeback_msgs/_index.js, /home/rob/NGR-Goose/mirte_ws/devel/share/gennodejs/ros/ridgeback_msgs/_index.js)
Linked: (/home/rob/NGR-Goose/mirte_ws/devel/.private/ridgeback_msgs/share/gennodejs/ros/ridgeback_msgs/msg/_index.js, /home/rob/NGR-Goose/mirte_ws/devel/share/gennodejs/ros/ridgeback_msgs/msg/_index.js)
Linked: (/home/rob/NGR-Goose/mirte_ws/devel/.private/ridgeback_msgs/share/gennodejs/ros/ridgeback_msgs/msg/Status.js, /home/rob/NGR-Goose/mirte_ws/devel/share/gennodejs/ros/ridgeback_msgs/msg/Status.js)
Linked: (/home/rob/NGR-Goose/mirte_ws/devel/.private/ridgeback_msgs/share/gennodejs/ros/ridgeback_msgs/msg/Fans.js, /home/rob/NGR-Goose/mirte_ws/devel/share/gennodejs/ros/ridgeback_msgs/msg/Fans.js)
Linked: (/home/rob/NGR-Goose/mirte_ws/devel/.private/ridgeback_msgs/share/gennodejs/ros/ridgeback_msgs/msg/Lights.js, /home/rob/NGR-Goose/mirte_ws/devel/share/gennodejs/ros/ridgeback_msgs/msg/Lights.js)
Linked: (/home/rob/NGR-Goose/mirte_ws/devel/.private/ridgeback_msgs/share/gennodejs/ros/ridgeback_msgs/msg/RGB.js, /home/rob/NGR-Goose/mirte_ws/devel/share/gennodejs/ros/ridgeback_msgs/msg/RGB.js)
Linked: (/home/rob/NGR-Goose/mirte_ws/devel/.private/ridgeback_msgs/share/roseus/ros/ridgeback_msgs/manifest.l, /home/rob/NGR-Goose/mirte_ws/devel/share/roseus/ros/ridgeback_msgs/manifest.l)
Linked: (/home/rob/NGR-Goose/mirte_ws/devel/.private/ridgeback_msgs/share/roseus/ros/ridgeback_msgs/msg/RGB.l, /home/rob/NGR-Goose/mirte_ws/devel/share/roseus/ros/ridgeback_msgs/msg/RGB.l)
Linked: (/home/rob/NGR-Goose/mirte_ws/devel/.private/ridgeback_msgs/share/roseus/ros/ridgeback_msgs/msg/Status.l, /home/rob/NGR-Goose/mirte_ws/devel/share/roseus/ros/ridgeback_msgs/msg/Status.l)
Linked: (/home/rob/NGR-Goose/mirte_ws/devel/.private/ridgeback_msgs/share/roseus/ros/ridgeback_msgs/msg/Fans.l, /home/rob/NGR-Goose/mirte_ws/devel/share/roseus/ros/ridgeback_msgs/msg/Fans.l)
Linked: (/home/rob/NGR-Goose/mirte_ws/devel/.private/ridgeback_msgs/share/roseus/ros/ridgeback_msgs/msg/Lights.l, /home/rob/NGR-Goose/mirte_ws/devel/share/roseus/ros/ridgeback_msgs/msg/Lights.l)
Linked: (/home/rob/NGR-Goose/mirte_ws/devel/.private/ridgeback_msgs/share/common-lisp/ros/ridgeback_msgs/msg/_package_Fans.lisp, /home/rob/NGR-Goose/mirte_ws/devel/share/common-lisp/ros/ridgeback_msgs/msg/_package_Fans.lisp)
Linked: (/home/rob/NGR-Goose/mirte_ws/devel/.private/ridgeback_msgs/share/common-lisp/ros/ridgeback_msgs/msg/_package_RGB.lisp, /home/rob/NGR-Goose/mirte_ws/devel/share/common-lisp/ros/ridgeback_msgs/msg/_package_RGB.lisp)
Linked: (/home/rob/NGR-Goose/mirte_ws/devel/.private/ridgeback_msgs/share/common-lisp/ros/ridgeback_msgs/msg/Fans.lisp, /home/rob/NGR-Goose/mirte_ws/devel/share/common-lisp/ros/ridgeback_msgs/msg/Fans.lisp)
Linked: (/home/rob/NGR-Goose/mirte_ws/devel/.private/ridgeback_msgs/share/common-lisp/ros/ridgeback_msgs/msg/ridgeback_msgs-msg.asd, /home/rob/NGR-Goose/mirte_ws/devel/share/common-lisp/ros/ridgeback_msgs/msg/ridgeback_msgs-msg.asd)
Linked: (/home/rob/NGR-Goose/mirte_ws/devel/.private/ridgeback_msgs/share/common-lisp/ros/ridgeback_msgs/msg/RGB.lisp, /home/rob/NGR-Goose/mirte_ws/devel/share/common-lisp/ros/ridgeback_msgs/msg/RGB.lisp)
Linked: (/home/rob/NGR-Goose/mirte_ws/devel/.private/ridgeback_msgs/share/common-lisp/ros/ridgeback_msgs/msg/_package.lisp, /home/rob/NGR-Goose/mirte_ws/devel/share/common-lisp/ros/ridgeback_msgs/msg/_package.lisp)
Linked: (/home/rob/NGR-Goose/mirte_ws/devel/.private/ridgeback_msgs/share/common-lisp/ros/ridgeback_msgs/msg/Lights.lisp, /home/rob/NGR-Goose/mirte_ws/devel/share/common-lisp/ros/ridgeback_msgs/msg/Lights.lisp)
Linked: (/home/rob/NGR-Goose/mirte_ws/devel/.private/ridgeback_msgs/share/common-lisp/ros/ridgeback_msgs/msg/_package_Lights.lisp, /home/rob/NGR-Goose/mirte_ws/devel/share/common-lisp/ros/ridgeback_msgs/msg/_package_Lights.lisp)
Linked: (/home/rob/NGR-Goose/mirte_ws/devel/.private/ridgeback_msgs/share/common-lisp/ros/ridgeback_msgs/msg/_package_Status.lisp, /home/rob/NGR-Goose/mirte_ws/devel/share/common-lisp/ros/ridgeback_msgs/msg/_package_Status.lisp)
Linked: (/home/rob/NGR-Goose/mirte_ws/devel/.private/ridgeback_msgs/share/common-lisp/ros/ridgeback_msgs/msg/Status.lisp, /home/rob/NGR-Goose/mirte_ws/devel/share/common-lisp/ros/ridgeback_msgs/msg/Status.lisp)
Linked: (/home/rob/NGR-Goose/mirte_ws/devel/.private/ridgeback_msgs/lib/python3/dist-packages/ridgeback_msgs/__init__.py, /home/rob/NGR-Goose/mirte_ws/devel/lib/python3/dist-packages/ridgeback_msgs/__init__.py)
Linked: (/home/rob/NGR-Goose/mirte_ws/devel/.private/ridgeback_msgs/lib/python3/dist-packages/ridgeback_msgs/msg/_Lights.py, /home/rob/NGR-Goose/mirte_ws/devel/lib/python3/dist-packages/ridgeback_msgs/msg/_Lights.py)
Linked: (/home/rob/NGR-Goose/mirte_ws/devel/.private/ridgeback_msgs/lib/python3/dist-packages/ridgeback_msgs/msg/_Fans.py, /home/rob/NGR-Goose/mirte_ws/devel/lib/python3/dist-packages/ridgeback_msgs/msg/_Fans.py)
Linked: (/home/rob/NGR-Goose/mirte_ws/devel/.private/ridgeback_msgs/lib/python3/dist-packages/ridgeback_msgs/msg/__init__.py, /home/rob/NGR-Goose/mirte_ws/devel/lib/python3/dist-packages/ridgeback_msgs/msg/__init__.py)
Linked: (/home/rob/NGR-Goose/mirte_ws/devel/.private/ridgeback_msgs/lib/python3/dist-packages/ridgeback_msgs/msg/_RGB.py, /home/rob/NGR-Goose/mirte_ws/devel/lib/python3/dist-packages/ridgeback_msgs/msg/_RGB.py)
Linked: (/home/rob/NGR-Goose/mirte_ws/devel/.private/ridgeback_msgs/lib/python3/dist-packages/ridgeback_msgs/msg/_Status.py, /home/rob/NGR-Goose/mirte_ws/devel/lib/python3/dist-packages/ridgeback_msgs/msg/_Status.py)
Linked: (/home/rob/NGR-Goose/mirte_ws/devel/.private/ridgeback_msgs/lib/pkgconfig/ridgeback_msgs.pc, /home/rob/NGR-Goose/mirte_ws/devel/lib/pkgconfig/ridgeback_msgs.pc)
Linked: (/home/rob/NGR-Goose/mirte_ws/devel/.private/ridgeback_msgs/include/ridgeback_msgs/Status.h, /home/rob/NGR-Goose/mirte_ws/devel/include/ridgeback_msgs/Status.h)
Linked: (/home/rob/NGR-Goose/mirte_ws/devel/.private/ridgeback_msgs/include/ridgeback_msgs/Fans.h, /home/rob/NGR-Goose/mirte_ws/devel/include/ridgeback_msgs/Fans.h)
Linked: (/home/rob/NGR-Goose/mirte_ws/devel/.private/ridgeback_msgs/include/ridgeback_msgs/RGB.h, /home/rob/NGR-Goose/mirte_ws/devel/include/ridgeback_msgs/RGB.h)
Linked: (/home/rob/NGR-Goose/mirte_ws/devel/.private/ridgeback_msgs/include/ridgeback_msgs/Lights.h, /home/rob/NGR-Goose/mirte_ws/devel/include/ridgeback_msgs/Lights.h)
