[  0%] Built target tf_generate_messages_py
[  0%] Built target nav_msgs_generate_messages_eus
[  0%] Built target dynamic_reconfigure_generate_messages_eus
[  0%] Built target hector_gazebo_plugins_generate_messages_eus
[  0%] Built target geometry_msgs_generate_messages_nodejs
[  0%] Built target gazebo_msgs_generate_messages_eus
[  0%] Built target bond_generate_messages_eus
[  0%] Built target nav_msgs_generate_messages_cpp
[  0%] Built target gazebo_msgs_generate_messages_cpp
[  0%] Built target visualization_msgs_generate_messages_eus
[  0%] Built target dynamic_reconfigure_generate_messages_cpp
[  0%] Built target nav_msgs_generate_messages_lisp
[  0%] Built target dynamic_reconfigure_gencfg
[  0%] Built target visualization_msgs_generate_messages_py
[  0%] Built target tf2_msgs_generate_messages_cpp
[  0%] Built target std_srvs_generate_messages_eus
[  0%] Built target sensor_msgs_generate_messages_eus
[  0%] Built target actionlib_msgs_generate_messages_cpp
[  0%] Built target rosgraph_msgs_generate_messages_eus
[  0%] Built target actionlib_generate_messages_eus
[  0%] Built target trajectory_msgs_generate_messages_py
[  0%] Built target rosgraph_msgs_generate_messages_cpp
[  0%] Built target hector_gazebo_plugins_generate_messages_py
[  0%] Built target nav_msgs_generate_messages_py
[  0%] Built target tf_generate_messages_lisp
[  0%] Built target geometry_msgs_generate_messages_lisp
[  0%] Built target geometry_msgs_generate_messages_py
[  0%] Built target tf2_msgs_generate_messages_eus
[  0%] Built target sensor_msgs_generate_messages_py
[  0%] Built target hector_gazebo_plugins_gencfg
[  0%] Built target visualization_msgs_generate_messages_lisp
[  0%] Built target rosgraph_msgs_generate_messages_py
[  0%] Built target geometry_msgs_generate_messages_cpp
[  0%] Built target visualization_msgs_generate_messages_nodejs
[  0%] Built target uuid_msgs_generate_messages_cpp
[  0%] Built target roscpp_generate_messages_eus
[  0%] Built target actionlib_msgs_generate_messages_eus
[  0%] Built target dynamic_reconfigure_generate_messages_py
[  0%] Built target nav_msgs_generate_messages_nodejs
[  0%] Built target nodelet_generate_messages_py
[  0%] Built target sensor_msgs_generate_messages_cpp
[  0%] Built target uuid_msgs_generate_messages_eus
[  0%] Built target geographic_msgs_generate_messages_lisp
[  0%] Built target rosgraph_msgs_generate_messages_lisp
[  0%] Built target std_srvs_generate_messages_cpp
[  0%] Built target gazebo_plugins_gencfg
[  0%] Built target trajectory_msgs_generate_messages_eus
[  0%] Built target actionlib_msgs_generate_messages_py
[  0%] Built target std_msgs_generate_messages_eus
[  0%] Built target std_srvs_generate_messages_lisp
[  0%] Built target std_msgs_generate_messages_lisp
[  0%] Built target roscpp_generate_messages_lisp
[  0%] Built target rosgraph_msgs_generate_messages_nodejs
[  0%] Built target hector_gazebo_plugins_generate_messages_cpp
[  0%] Built target dynamic_reconfigure_generate_messages_nodejs
[  0%] Built target roscpp_generate_messages_nodejs
[  0%] Built target std_msgs_generate_messages_py
[  0%] Built target std_msgs_generate_messages_cpp
[  0%] Built target bond_generate_messages_cpp
[  0%] Built target gazebo_msgs_generate_messages_lisp
[  0%] Built target geographic_msgs_generate_messages_cpp
[  0%] Built target gazebo_msgs_generate_messages_nodejs
[  0%] Built target std_msgs_generate_messages_nodejs
[  0%] Built target trajectory_msgs_generate_messages_nodejs
[  0%] Built target trajectory_msgs_generate_messages_cpp
[  0%] Built target nodelet_generate_messages_lisp
[  0%] Built target std_srvs_generate_messages_nodejs
[  0%] Built target geometry_msgs_generate_messages_eus
[  0%] Built target tf2_msgs_generate_messages_py
[  0%] Built target trajectory_msgs_generate_messages_lisp
[  0%] Built target gazebo_msgs_generate_messages_py
[  0%] Built target nodelet_generate_messages_eus
[  0%] Built target bond_generate_messages_nodejs
[  0%] Built target bond_generate_messages_lisp
[  0%] Built target actionlib_msgs_generate_messages_nodejs
[  0%] Built target nodelet_generate_messages_nodejs
[  0%] Built target dynamic_reconfigure_generate_messages_lisp
[  0%] Built target uuid_msgs_generate_messages_py
[  0%] Built target bond_generate_messages_py
[  0%] Built target roscpp_generate_messages_py
[  0%] Built target sensor_msgs_generate_messages_nodejs
[  0%] Built target actionlib_generate_messages_py
[  0%] Built target tf_generate_messages_nodejs
[  0%] Built target std_srvs_generate_messages_py
[  0%] Built target actionlib_generate_messages_cpp
[  0%] Built target nodelet_generate_messages_cpp
[  0%] Built target geographic_msgs_generate_messages_py
[  0%] Built target tf2_msgs_generate_messages_lisp
[  0%] Built target actionlib_generate_messages_nodejs
[  0%] Built target sensor_msgs_generate_messages_lisp
[  0%] Built target tf2_msgs_generate_messages_nodejs
[  0%] Built target hector_gazebo_plugins_generate_messages_lisp
[  0%] Built target actionlib_generate_messages_lisp
[  0%] Built target actionlib_msgs_generate_messages_lisp
[  0%] Built target tf_generate_messages_cpp
[  0%] Built target hector_gazebo_plugins_generate_messages_nodejs
[  0%] Built target geographic_msgs_generate_messages_eus
[  0%] Built target uuid_msgs_generate_messages_lisp
[  0%] Built target gazebo_ros_gencfg
[  0%] Built target uuid_msgs_generate_messages_nodejs
[  0%] Built target visualization_msgs_generate_messages_cpp
[  0%] Built target tf_generate_messages_eus
[  0%] Built target geographic_msgs_generate_messages_nodejs
[  0%] Built target gazebo_sensor_collection_plugins_xacro_generated_to_devel_space_
[  0%] Built target _gazebo_sensor_collection_plugins_generate_messages_check_deps_ImuData
[  0%] Built target _gazebo_sensor_collection_plugins_generate_messages_check_deps_GpsData
[  0%] Built target _gazebo_sensor_collection_plugins_generate_messages_check_deps_EncoderData
[  0%] Built target _gazebo_sensor_collection_plugins_generate_messages_check_deps_OrientationSensorData
[  0%] Built target roscpp_generate_messages_cpp
[  0%] Built target _gazebo_sensor_collection_plugins_generate_messages_check_deps_DataXYZ
[  0%] Built target _gazebo_sensor_collection_plugins_generate_messages_check_deps_SensorData3D
[  0%] Built target _gazebo_sensor_collection_plugins_generate_messages_check_deps_BatteryData
[  0%] Built target _gazebo_sensor_collection_plugins_generate_messages_check_deps_QuaternionData
[  0%] Built target _gazebo_sensor_collection_plugins_generate_messages_check_deps_EulerData
[ 15%] Built target gazebo_sensor_collection_plugins_generate_messages_cpp
[ 49%] Built target gazebo_sensor_collection_plugins_generate_messages_eus
[ 49%] Built target gazebo_sensor_collection_plugins_generate_messages_py
[ 77%] Built target gazebo_sensor_collection_plugins_generate_messages_nodejs
[ 79%] Built target gazebo_sensor_collection_plugins_generate_messages_lisp
[ 83%] Built target gazebo_ros_realsense
[ 83%] Built target gazebo_sensor_collection_plugins_generate_messages
[ 89%] Built target gazebo_ros_skid_steer_w_encoder
[ 89%] Built target gazebo_ros_encoder
[ 93%] Built target gazebo_ros_battery_simple
[ 96%] Built target gazebo_ros_gps_with_dropout
[100%] Built target gazebo_ros_imu_mod
