Warning: Cannot symlink from /home/rob/NGR-Goose/mirte_ws/devel/.private/gazebo_sensor_collection_plugins/lib/libgazebo_ros_gps_with_dropout.so to existing file /home/rob/NGR-Goose/mirte_ws/devel/lib/libgazebo_ros_gps_with_dropout.so
Warning: Source hash: 97957e72e4cf912ac46e5c2bb766fd80
Warning: Dest hash: 7f62ea4a0bb184b79efbee1641220a7c
Warning: Cannot symlink from /home/rob/NGR-Goose/mirte_ws/devel/.private/gazebo_sensor_collection_plugins/lib/libgazebo_ros_battery_simple.so to existing file /home/rob/NGR-Goose/mirte_ws/devel/lib/libgazebo_ros_battery_simple.so
Warning: Source hash: c803c4c7a387c7c9e31f2fa183226d6f
Warning: Dest hash: 5f7ef484a08599f1f3dbe07c7fa521cb
Warning: Cannot symlink from /home/rob/NGR-Goose/mirte_ws/devel/.private/gazebo_sensor_collection_plugins/lib/libgazebo_ros_realsense.so to existing file /home/rob/NGR-Goose/mirte_ws/devel/lib/libgazebo_ros_realsense.so
Warning: Source hash: e801223cb56aa1458d10b7bb4f1e586a
Warning: Dest hash: 94c3f1aebe54390017a2b4c5ca5b43d7
Warning: Cannot symlink from /home/rob/NGR-Goose/mirte_ws/devel/.private/gazebo_sensor_collection_plugins/lib/libgazebo_ros_skid_steer_w_encoder.so to existing file /home/rob/NGR-Goose/mirte_ws/devel/lib/libgazebo_ros_skid_steer_w_encoder.so
Warning: Source hash: 154479d80ac0a9c3ff896bd454747316
Warning: Dest hash: fc12607d9d07c54cd7ad2d72eb71d03a
Warning: Cannot symlink from /home/rob/NGR-Goose/mirte_ws/devel/.private/gazebo_sensor_collection_plugins/lib/libgazebo_ros_encoder.so to existing file /home/rob/NGR-Goose/mirte_ws/devel/lib/libgazebo_ros_encoder.so
Warning: Source hash: 199e49faac026576febd4ba217c75e0d
Warning: Dest hash: 57372a50e616d182c7139130608676b5
Warning: Cannot symlink from /home/rob/NGR-Goose/mirte_ws/devel/.private/gazebo_sensor_collection_plugins/lib/libgazebo_ros_imu_mod.so to existing file /home/rob/NGR-Goose/mirte_ws/devel/lib/libgazebo_ros_imu_mod.so
Warning: Source hash: a675eb714218d1c529266fcea4189cff
Warning: Dest hash: 3fd2fc6e2fe26a47d8e989e6cd4d5db0
Warning: Cannot symlink from /home/rob/NGR-Goose/mirte_ws/devel/.private/gazebo_sensor_collection_plugins/lib/pkgconfig/gazebo_sensor_collection_plugins.pc to existing file /home/rob/NGR-Goose/mirte_ws/devel/lib/pkgconfig/gazebo_sensor_collection_plugins.pc
Warning: Source hash: 04d4f9c716eef610ab08b85b9690bd43
Warning: Dest hash: 635099e863b9ab3221964c84817b05cf
Warning: Cannot symlink from /home/rob/NGR-Goose/mirte_ws/devel/.private/gazebo_sensor_collection_plugins/share/gazebo_sensor_collection_plugins/cmake/gazebo_sensor_collection_plugins-msg-paths.cmake to existing file /home/rob/NGR-Goose/mirte_ws/devel/share/gazebo_sensor_collection_plugins/cmake/gazebo_sensor_collection_plugins-msg-paths.cmake
Warning: Source hash: b035f2d0f218ac7b0e4ae6bc2b126723
Warning: Dest hash: 4e76d51c1aba272a9b78a289577029b3
Warning: Cannot symlink from /home/rob/NGR-Goose/mirte_ws/devel/.private/gazebo_sensor_collection_plugins/share/gazebo_sensor_collection_plugins/cmake/gazebo_sensor_collection_plugins-msg-extras.cmake to existing file /home/rob/NGR-Goose/mirte_ws/devel/share/gazebo_sensor_collection_plugins/cmake/gazebo_sensor_collection_plugins-msg-extras.cmake
Warning: Source hash: 784dcdab14538497516dd953aa7725e0
Warning: Dest hash: a4dab1e7cc25d7cbfaf6e38cbe3bda27
Warning: Cannot symlink from /home/rob/NGR-Goose/mirte_ws/devel/.private/gazebo_sensor_collection_plugins/share/gazebo_sensor_collection_plugins/cmake/gazebo_sensor_collection_pluginsConfig.cmake to existing file /home/rob/NGR-Goose/mirte_ws/devel/share/gazebo_sensor_collection_plugins/cmake/gazebo_sensor_collection_pluginsConfig.cmake
Warning: Source hash: 3e941d7efcace761c741e08cdcf5b0cc
Warning: Dest hash: 7f285b0bca52176a3de54c510ad4fbb1
