Warning: Cannot symlink from /home/rob/NGR-Goose/mirte_ws/devel/.private/mirte_msgs/lib/pkgconfig/mirte_msgs.pc to existing file /home/rob/NGR-Goose/mirte_ws/devel/lib/pkgconfig/mirte_msgs.pc
Warning: Source hash: b8746f18fe0cf57418c171f7415bf1f3
Warning: Dest hash: abe39adf1a7770914984cfeed6f4b534
Warning: Cannot symlink from /home/rob/NGR-Goose/mirte_ws/devel/.private/mirte_msgs/share/mirte_msgs/cmake/mirte_msgs-msg-paths.cmake to existing file /home/rob/NGR-Goose/mirte_ws/devel/share/mirte_msgs/cmake/mirte_msgs-msg-paths.cmake
Warning: Source hash: 12ae395f37393e4a2306a23f67f848de
Warning: Dest hash: 94dca1169b6160f8375b22007c369352
Warning: Cannot symlink from /home/rob/NGR-Goose/mirte_ws/devel/.private/mirte_msgs/share/mirte_msgs/cmake/mirte_msgs-msg-extras.cmake to existing file /home/rob/NGR-Goose/mirte_ws/devel/share/mirte_msgs/cmake/mirte_msgs-msg-extras.cmake
Warning: Source hash: 771e2e6513e26edbc1df7aac958e41fd
Warning: Dest hash: 2967b55cf75b8a0630711aa937888a83
Warning: Cannot symlink from /home/rob/NGR-Goose/mirte_ws/devel/.private/mirte_msgs/share/mirte_msgs/cmake/mirte_msgsConfig.cmake to existing file /home/rob/NGR-Goose/mirte_ws/devel/share/mirte_msgs/cmake/mirte_msgsConfig.cmake
Warning: Source hash: 128fb8885da3d25da31ada6293ecc296
Warning: Dest hash: 86556187e5c8957d11f5235b5ec871da
Cleaning: (/home/rob/mirte_ws/devel/.private/mirte_msgs/cmake.lock, /home/rob/mirte_ws/devel/./cmake.lock)
Cleaning: (/home/rob/mirte_ws/devel/.private/mirte_msgs/include/mirte_msgs/GetIMU.h, /home/rob/mirte_ws/devel/include/mirte_msgs/GetIMU.h)
Cleaning: (/home/rob/mirte_ws/devel/.private/mirte_msgs/include/mirte_msgs/get_barcodeResponse.h, /home/rob/mirte_ws/devel/include/mirte_msgs/get_barcodeResponse.h)
Cleaning: (/home/rob/mirte_ws/devel/.private/mirte_msgs/include/mirte_msgs/GetEncoderResponse.h, /home/rob/mirte_ws/devel/include/mirte_msgs/GetEncoderResponse.h)
Cleaning: (/home/rob/mirte_ws/devel/.private/mirte_msgs/include/mirte_msgs/GetIntensityDigitalRequest.h, /home/rob/mirte_ws/devel/include/mirte_msgs/GetIntensityDigitalRequest.h)
Cleaning: (/home/rob/mirte_ws/devel/.private/mirte_msgs/include/mirte_msgs/GetRange.h, /home/rob/mirte_ws/devel/include/mirte_msgs/GetRange.h)
Cleaning: (/home/rob/mirte_ws/devel/.private/mirte_msgs/include/mirte_msgs/get_barcode.h, /home/rob/mirte_ws/devel/include/mirte_msgs/get_barcode.h)
Cleaning: (/home/rob/mirte_ws/devel/.private/mirte_msgs/include/mirte_msgs/get_barcodeRequest.h, /home/rob/mirte_ws/devel/include/mirte_msgs/get_barcodeRequest.h)
Cleaning: (/home/rob/mirte_ws/devel/.private/mirte_msgs/include/mirte_msgs/SetMotorSpeed.h, /home/rob/mirte_ws/devel/include/mirte_msgs/SetMotorSpeed.h)
Cleaning: (/home/rob/mirte_ws/devel/.private/mirte_msgs/include/mirte_msgs/SetLEDValue.h, /home/rob/mirte_ws/devel/include/mirte_msgs/SetLEDValue.h)
Cleaning: (/home/rob/mirte_ws/devel/.private/mirte_msgs/include/mirte_msgs/SetOLEDImageRequest.h, /home/rob/mirte_ws/devel/include/mirte_msgs/SetOLEDImageRequest.h)
Cleaning: (/home/rob/mirte_ws/devel/.private/mirte_msgs/include/mirte_msgs/SetMotorSpeedResponse.h, /home/rob/mirte_ws/devel/include/mirte_msgs/SetMotorSpeedResponse.h)
Cleaning: (/home/rob/mirte_ws/devel/.private/mirte_msgs/include/mirte_msgs/Intensity.h, /home/rob/mirte_ws/devel/include/mirte_msgs/Intensity.h)
Cleaning: (/home/rob/mirte_ws/devel/.private/mirte_msgs/include/mirte_msgs/SetSingleLEDValueResponse.h, /home/rob/mirte_ws/devel/include/mirte_msgs/SetSingleLEDValueResponse.h)
Cleaning: (/home/rob/mirte_ws/devel/.private/mirte_msgs/include/mirte_msgs/GetIMUResponse.h, /home/rob/mirte_ws/devel/include/mirte_msgs/GetIMUResponse.h)
Cleaning: (/home/rob/mirte_ws/devel/.private/mirte_msgs/include/mirte_msgs/GetIntensityResponse.h, /home/rob/mirte_ws/devel/include/mirte_msgs/GetIntensityResponse.h)
Cleaning: (/home/rob/mirte_ws/devel/.private/mirte_msgs/include/mirte_msgs/SetSingleLEDValue.h, /home/rob/mirte_ws/devel/include/mirte_msgs/SetSingleLEDValue.h)
Cleaning: (/home/rob/mirte_ws/devel/.private/mirte_msgs/include/mirte_msgs/GetKeypad.h, /home/rob/mirte_ws/devel/include/mirte_msgs/GetKeypad.h)
Cleaning: (/home/rob/mirte_ws/devel/.private/mirte_msgs/include/mirte_msgs/GetPinValue.h, /home/rob/mirte_ws/devel/include/mirte_msgs/GetPinValue.h)
Cleaning: (/home/rob/mirte_ws/devel/.private/mirte_msgs/include/mirte_msgs/Keypad.h, /home/rob/mirte_ws/devel/include/mirte_msgs/Keypad.h)
Cleaning: (/home/rob/mirte_ws/devel/.private/mirte_msgs/include/mirte_msgs/SetSingleLEDValueRequest.h, /home/rob/mirte_ws/devel/include/mirte_msgs/SetSingleLEDValueRequest.h)
Cleaning: (/home/rob/mirte_ws/devel/.private/mirte_msgs/include/mirte_msgs/SetPinValueResponse.h, /home/rob/mirte_ws/devel/include/mirte_msgs/SetPinValueResponse.h)
Cleaning: (/home/rob/mirte_ws/devel/.private/mirte_msgs/include/mirte_msgs/GetKeypadRequest.h, /home/rob/mirte_ws/devel/include/mirte_msgs/GetKeypadRequest.h)
Cleaning: (/home/rob/mirte_ws/devel/.private/mirte_msgs/include/mirte_msgs/Encoder.h, /home/rob/mirte_ws/devel/include/mirte_msgs/Encoder.h)
Cleaning: (/home/rob/mirte_ws/devel/.private/mirte_msgs/include/mirte_msgs/GetRangeRequest.h, /home/rob/mirte_ws/devel/include/mirte_msgs/GetRangeRequest.h)
Cleaning: (/home/rob/mirte_ws/devel/.private/mirte_msgs/include/mirte_msgs/GetIMURequest.h, /home/rob/mirte_ws/devel/include/mirte_msgs/GetIMURequest.h)
Cleaning: (/home/rob/mirte_ws/devel/.private/mirte_msgs/include/mirte_msgs/IntensityDigital.h, /home/rob/mirte_ws/devel/include/mirte_msgs/IntensityDigital.h)
Cleaning: (/home/rob/mirte_ws/devel/.private/mirte_msgs/include/mirte_msgs/get_virtual_colorResponse.h, /home/rob/mirte_ws/devel/include/mirte_msgs/get_virtual_colorResponse.h)
Cleaning: (/home/rob/mirte_ws/devel/.private/mirte_msgs/include/mirte_msgs/ServoPosition.h, /home/rob/mirte_ws/devel/include/mirte_msgs/ServoPosition.h)
Cleaning: (/home/rob/mirte_ws/devel/.private/mirte_msgs/include/mirte_msgs/SetPinMode.h, /home/rob/mirte_ws/devel/include/mirte_msgs/SetPinMode.h)
Cleaning: (/home/rob/mirte_ws/devel/.private/mirte_msgs/include/mirte_msgs/MoveResponse.h, /home/rob/mirte_ws/devel/include/mirte_msgs/MoveResponse.h)
Cleaning: (/home/rob/mirte_ws/devel/.private/mirte_msgs/include/mirte_msgs/GetDistance.h, /home/rob/mirte_ws/devel/include/mirte_msgs/GetDistance.h)
Cleaning: (/home/rob/mirte_ws/devel/.private/mirte_msgs/include/mirte_msgs/GetIntensityRequest.h, /home/rob/mirte_ws/devel/include/mirte_msgs/GetIntensityRequest.h)
Cleaning: (/home/rob/mirte_ws/devel/.private/mirte_msgs/include/mirte_msgs/SetOLEDImageResponse.h, /home/rob/mirte_ws/devel/include/mirte_msgs/SetOLEDImageResponse.h)
Cleaning: (/home/rob/mirte_ws/devel/.private/mirte_msgs/include/mirte_msgs/GetKeypadResponse.h, /home/rob/mirte_ws/devel/include/mirte_msgs/GetKeypadResponse.h)
Cleaning: (/home/rob/mirte_ws/devel/.private/mirte_msgs/include/mirte_msgs/SetPinModeResponse.h, /home/rob/mirte_ws/devel/include/mirte_msgs/SetPinModeResponse.h)
Cleaning: (/home/rob/mirte_ws/devel/.private/mirte_msgs/include/mirte_msgs/GetEncoder.h, /home/rob/mirte_ws/devel/include/mirte_msgs/GetEncoder.h)
Cleaning: (/home/rob/mirte_ws/devel/.private/mirte_msgs/include/mirte_msgs/SetOLEDImage.h, /home/rob/mirte_ws/devel/include/mirte_msgs/SetOLEDImage.h)
Cleaning: (/home/rob/mirte_ws/devel/.private/mirte_msgs/include/mirte_msgs/SetServoAngleRequest.h, /home/rob/mirte_ws/devel/include/mirte_msgs/SetServoAngleRequest.h)
Cleaning: (/home/rob/mirte_ws/devel/.private/mirte_msgs/include/mirte_msgs/TurnResponse.h, /home/rob/mirte_ws/devel/include/mirte_msgs/TurnResponse.h)
Cleaning: (/home/rob/mirte_ws/devel/.private/mirte_msgs/include/mirte_msgs/MoveRequest.h, /home/rob/mirte_ws/devel/include/mirte_msgs/MoveRequest.h)
Cleaning: (/home/rob/mirte_ws/devel/.private/mirte_msgs/include/mirte_msgs/GetDistanceRequest.h, /home/rob/mirte_ws/devel/include/mirte_msgs/GetDistanceRequest.h)
Cleaning: (/home/rob/mirte_ws/devel/.private/mirte_msgs/include/mirte_msgs/GetPinValueResponse.h, /home/rob/mirte_ws/devel/include/mirte_msgs/GetPinValueResponse.h)
Cleaning: (/home/rob/mirte_ws/devel/.private/mirte_msgs/include/mirte_msgs/get_virtual_colorRequest.h, /home/rob/mirte_ws/devel/include/mirte_msgs/get_virtual_colorRequest.h)
Cleaning: (/home/rob/mirte_ws/devel/.private/mirte_msgs/include/mirte_msgs/Move.h, /home/rob/mirte_ws/devel/include/mirte_msgs/Move.h)
Cleaning: (/home/rob/mirte_ws/devel/.private/mirte_msgs/include/mirte_msgs/GetEncoderRequest.h, /home/rob/mirte_ws/devel/include/mirte_msgs/GetEncoderRequest.h)
Cleaning: (/home/rob/mirte_ws/devel/.private/mirte_msgs/include/mirte_msgs/color.h, /home/rob/mirte_ws/devel/include/mirte_msgs/color.h)
Cleaning: (/home/rob/mirte_ws/devel/.private/mirte_msgs/include/mirte_msgs/SetLEDValueResponse.h, /home/rob/mirte_ws/devel/include/mirte_msgs/SetLEDValueResponse.h)
Cleaning: (/home/rob/mirte_ws/devel/.private/mirte_msgs/include/mirte_msgs/GetIntensityDigitalResponse.h, /home/rob/mirte_ws/devel/include/mirte_msgs/GetIntensityDigitalResponse.h)
Cleaning: (/home/rob/mirte_ws/devel/.private/mirte_msgs/include/mirte_msgs/GetIntensity.h, /home/rob/mirte_ws/devel/include/mirte_msgs/GetIntensity.h)
Cleaning: (/home/rob/mirte_ws/devel/.private/mirte_msgs/include/mirte_msgs/Turn.h, /home/rob/mirte_ws/devel/include/mirte_msgs/Turn.h)
Cleaning: (/home/rob/mirte_ws/devel/.private/mirte_msgs/include/mirte_msgs/GetDistanceResponse.h, /home/rob/mirte_ws/devel/include/mirte_msgs/GetDistanceResponse.h)
Cleaning: (/home/rob/mirte_ws/devel/.private/mirte_msgs/include/mirte_msgs/get_virtual_color.h, /home/rob/mirte_ws/devel/include/mirte_msgs/get_virtual_color.h)
Cleaning: (/home/rob/mirte_ws/devel/.private/mirte_msgs/include/mirte_msgs/SetPinModeRequest.h, /home/rob/mirte_ws/devel/include/mirte_msgs/SetPinModeRequest.h)
Cleaning: (/home/rob/mirte_ws/devel/.private/mirte_msgs/include/mirte_msgs/SetServoAngleResponse.h, /home/rob/mirte_ws/devel/include/mirte_msgs/SetServoAngleResponse.h)
Cleaning: (/home/rob/mirte_ws/devel/.private/mirte_msgs/include/mirte_msgs/GetRangeResponse.h, /home/rob/mirte_ws/devel/include/mirte_msgs/GetRangeResponse.h)
Cleaning: (/home/rob/mirte_ws/devel/.private/mirte_msgs/include/mirte_msgs/TurnRequest.h, /home/rob/mirte_ws/devel/include/mirte_msgs/TurnRequest.h)
Cleaning: (/home/rob/mirte_ws/devel/.private/mirte_msgs/include/mirte_msgs/GetPinValueRequest.h, /home/rob/mirte_ws/devel/include/mirte_msgs/GetPinValueRequest.h)
Cleaning: (/home/rob/mirte_ws/devel/.private/mirte_msgs/include/mirte_msgs/SetPinValue.h, /home/rob/mirte_ws/devel/include/mirte_msgs/SetPinValue.h)
Cleaning: (/home/rob/mirte_ws/devel/.private/mirte_msgs/include/mirte_msgs/SetPinValueRequest.h, /home/rob/mirte_ws/devel/include/mirte_msgs/SetPinValueRequest.h)
Cleaning: (/home/rob/mirte_ws/devel/.private/mirte_msgs/include/mirte_msgs/SetLEDValueRequest.h, /home/rob/mirte_ws/devel/include/mirte_msgs/SetLEDValueRequest.h)
Cleaning: (/home/rob/mirte_ws/devel/.private/mirte_msgs/include/mirte_msgs/SetServoAngle.h, /home/rob/mirte_ws/devel/include/mirte_msgs/SetServoAngle.h)
Cleaning: (/home/rob/mirte_ws/devel/.private/mirte_msgs/include/mirte_msgs/GetIntensityDigital.h, /home/rob/mirte_ws/devel/include/mirte_msgs/GetIntensityDigital.h)
Cleaning: (/home/rob/mirte_ws/devel/.private/mirte_msgs/include/mirte_msgs/SetMotorSpeedRequest.h, /home/rob/mirte_ws/devel/include/mirte_msgs/SetMotorSpeedRequest.h)
Cleaning: (/home/rob/mirte_ws/devel/.private/mirte_msgs/lib/python3/dist-packages/mirte_msgs/__init__.py, /home/rob/mirte_ws/devel/lib/python3/dist-packages/mirte_msgs/__init__.py)
Cleaning: (/home/rob/mirte_ws/devel/.private/mirte_msgs/lib/python3/dist-packages/mirte_msgs/srv/_GetIntensity.py, /home/rob/mirte_ws/devel/lib/python3/dist-packages/mirte_msgs/srv/_GetIntensity.py)
Cleaning: (/home/rob/mirte_ws/devel/.private/mirte_msgs/lib/python3/dist-packages/mirte_msgs/srv/_SetPinMode.py, /home/rob/mirte_ws/devel/lib/python3/dist-packages/mirte_msgs/srv/_SetPinMode.py)
Cleaning: (/home/rob/mirte_ws/devel/.private/mirte_msgs/lib/python3/dist-packages/mirte_msgs/srv/_GetIntensityDigital.py, /home/rob/mirte_ws/devel/lib/python3/dist-packages/mirte_msgs/srv/_GetIntensityDigital.py)
Cleaning: (/home/rob/mirte_ws/devel/.private/mirte_msgs/lib/python3/dist-packages/mirte_msgs/srv/_GetEncoder.py, /home/rob/mirte_ws/devel/lib/python3/dist-packages/mirte_msgs/srv/_GetEncoder.py)
Cleaning: (/home/rob/mirte_ws/devel/.private/mirte_msgs/lib/python3/dist-packages/mirte_msgs/srv/_SetOLEDImage.py, /home/rob/mirte_ws/devel/lib/python3/dist-packages/mirte_msgs/srv/_SetOLEDImage.py)
Cleaning: (/home/rob/mirte_ws/devel/.private/mirte_msgs/lib/python3/dist-packages/mirte_msgs/srv/_GetRange.py, /home/rob/mirte_ws/devel/lib/python3/dist-packages/mirte_msgs/srv/_GetRange.py)
Cleaning: (/home/rob/mirte_ws/devel/.private/mirte_msgs/lib/python3/dist-packages/mirte_msgs/srv/_Turn.py, /home/rob/mirte_ws/devel/lib/python3/dist-packages/mirte_msgs/srv/_Turn.py)
Cleaning: (/home/rob/mirte_ws/devel/.private/mirte_msgs/lib/python3/dist-packages/mirte_msgs/srv/_SetServoAngle.py, /home/rob/mirte_ws/devel/lib/python3/dist-packages/mirte_msgs/srv/_SetServoAngle.py)
Cleaning: (/home/rob/mirte_ws/devel/.private/mirte_msgs/lib/python3/dist-packages/mirte_msgs/srv/_GetKeypad.py, /home/rob/mirte_ws/devel/lib/python3/dist-packages/mirte_msgs/srv/_GetKeypad.py)
Cleaning: (/home/rob/mirte_ws/devel/.private/mirte_msgs/lib/python3/dist-packages/mirte_msgs/srv/_GetPinValue.py, /home/rob/mirte_ws/devel/lib/python3/dist-packages/mirte_msgs/srv/_GetPinValue.py)
Cleaning: (/home/rob/mirte_ws/devel/.private/mirte_msgs/lib/python3/dist-packages/mirte_msgs/srv/_SetLEDValue.py, /home/rob/mirte_ws/devel/lib/python3/dist-packages/mirte_msgs/srv/_SetLEDValue.py)
Cleaning: (/home/rob/mirte_ws/devel/.private/mirte_msgs/lib/python3/dist-packages/mirte_msgs/srv/_GetDistance.py, /home/rob/mirte_ws/devel/lib/python3/dist-packages/mirte_msgs/srv/_GetDistance.py)
Cleaning: (/home/rob/mirte_ws/devel/.private/mirte_msgs/lib/python3/dist-packages/mirte_msgs/srv/_SetSingleLEDValue.py, /home/rob/mirte_ws/devel/lib/python3/dist-packages/mirte_msgs/srv/_SetSingleLEDValue.py)
Cleaning: (/home/rob/mirte_ws/devel/.private/mirte_msgs/lib/python3/dist-packages/mirte_msgs/srv/__init__.py, /home/rob/mirte_ws/devel/lib/python3/dist-packages/mirte_msgs/srv/__init__.py)
Cleaning: (/home/rob/mirte_ws/devel/.private/mirte_msgs/lib/python3/dist-packages/mirte_msgs/srv/_SetPinValue.py, /home/rob/mirte_ws/devel/lib/python3/dist-packages/mirte_msgs/srv/_SetPinValue.py)
Cleaning: (/home/rob/mirte_ws/devel/.private/mirte_msgs/lib/python3/dist-packages/mirte_msgs/srv/_get_barcode.py, /home/rob/mirte_ws/devel/lib/python3/dist-packages/mirte_msgs/srv/_get_barcode.py)
Cleaning: (/home/rob/mirte_ws/devel/.private/mirte_msgs/lib/python3/dist-packages/mirte_msgs/srv/_Move.py, /home/rob/mirte_ws/devel/lib/python3/dist-packages/mirte_msgs/srv/_Move.py)
Cleaning: (/home/rob/mirte_ws/devel/.private/mirte_msgs/lib/python3/dist-packages/mirte_msgs/srv/_get_virtual_color.py, /home/rob/mirte_ws/devel/lib/python3/dist-packages/mirte_msgs/srv/_get_virtual_color.py)
Cleaning: (/home/rob/mirte_ws/devel/.private/mirte_msgs/lib/python3/dist-packages/mirte_msgs/srv/_SetMotorSpeed.py, /home/rob/mirte_ws/devel/lib/python3/dist-packages/mirte_msgs/srv/_SetMotorSpeed.py)
Cleaning: (/home/rob/mirte_ws/devel/.private/mirte_msgs/lib/python3/dist-packages/mirte_msgs/srv/_GetIMU.py, /home/rob/mirte_ws/devel/lib/python3/dist-packages/mirte_msgs/srv/_GetIMU.py)
Cleaning: (/home/rob/mirte_ws/devel/.private/mirte_msgs/lib/python3/dist-packages/mirte_msgs/msg/_ServoPosition.py, /home/rob/mirte_ws/devel/lib/python3/dist-packages/mirte_msgs/msg/_ServoPosition.py)
Cleaning: (/home/rob/mirte_ws/devel/.private/mirte_msgs/lib/python3/dist-packages/mirte_msgs/msg/_Keypad.py, /home/rob/mirte_ws/devel/lib/python3/dist-packages/mirte_msgs/msg/_Keypad.py)
Cleaning: (/home/rob/mirte_ws/devel/.private/mirte_msgs/lib/python3/dist-packages/mirte_msgs/msg/__init__.py, /home/rob/mirte_ws/devel/lib/python3/dist-packages/mirte_msgs/msg/__init__.py)
Cleaning: (/home/rob/mirte_ws/devel/.private/mirte_msgs/lib/python3/dist-packages/mirte_msgs/msg/_color.py, /home/rob/mirte_ws/devel/lib/python3/dist-packages/mirte_msgs/msg/_color.py)
Cleaning: (/home/rob/mirte_ws/devel/.private/mirte_msgs/lib/python3/dist-packages/mirte_msgs/msg/_Intensity.py, /home/rob/mirte_ws/devel/lib/python3/dist-packages/mirte_msgs/msg/_Intensity.py)
Cleaning: (/home/rob/mirte_ws/devel/.private/mirte_msgs/lib/python3/dist-packages/mirte_msgs/msg/_Encoder.py, /home/rob/mirte_ws/devel/lib/python3/dist-packages/mirte_msgs/msg/_Encoder.py)
Cleaning: (/home/rob/mirte_ws/devel/.private/mirte_msgs/lib/python3/dist-packages/mirte_msgs/msg/_IntensityDigital.py, /home/rob/mirte_ws/devel/lib/python3/dist-packages/mirte_msgs/msg/_IntensityDigital.py)
Cleaning: (/home/rob/mirte_ws/devel/.private/mirte_msgs/lib/pkgconfig/mirte_msgs.pc, /home/rob/mirte_ws/devel/lib/pkgconfig/mirte_msgs.pc)
Cleaning: (/home/rob/mirte_ws/devel/.private/mirte_msgs/share/roseus/ros/mirte_msgs/manifest.l, /home/rob/mirte_ws/devel/share/roseus/ros/mirte_msgs/manifest.l)
Cleaning: (/home/rob/mirte_ws/devel/.private/mirte_msgs/share/roseus/ros/mirte_msgs/srv/SetSingleLEDValue.l, /home/rob/mirte_ws/devel/share/roseus/ros/mirte_msgs/srv/SetSingleLEDValue.l)
Cleaning: (/home/rob/mirte_ws/devel/.private/mirte_msgs/share/roseus/ros/mirte_msgs/srv/GetPinValue.l, /home/rob/mirte_ws/devel/share/roseus/ros/mirte_msgs/srv/GetPinValue.l)
Cleaning: (/home/rob/mirte_ws/devel/.private/mirte_msgs/share/roseus/ros/mirte_msgs/srv/SetOLEDImage.l, /home/rob/mirte_ws/devel/share/roseus/ros/mirte_msgs/srv/SetOLEDImage.l)
Cleaning: (/home/rob/mirte_ws/devel/.private/mirte_msgs/share/roseus/ros/mirte_msgs/srv/get_barcode.l, /home/rob/mirte_ws/devel/share/roseus/ros/mirte_msgs/srv/get_barcode.l)
Cleaning: (/home/rob/mirte_ws/devel/.private/mirte_msgs/share/roseus/ros/mirte_msgs/srv/GetIMU.l, /home/rob/mirte_ws/devel/share/roseus/ros/mirte_msgs/srv/GetIMU.l)
Cleaning: (/home/rob/mirte_ws/devel/.private/mirte_msgs/share/roseus/ros/mirte_msgs/srv/SetMotorSpeed.l, /home/rob/mirte_ws/devel/share/roseus/ros/mirte_msgs/srv/SetMotorSpeed.l)
Cleaning: (/home/rob/mirte_ws/devel/.private/mirte_msgs/share/roseus/ros/mirte_msgs/srv/GetEncoder.l, /home/rob/mirte_ws/devel/share/roseus/ros/mirte_msgs/srv/GetEncoder.l)
Cleaning: (/home/rob/mirte_ws/devel/.private/mirte_msgs/share/roseus/ros/mirte_msgs/srv/GetIntensity.l, /home/rob/mirte_ws/devel/share/roseus/ros/mirte_msgs/srv/GetIntensity.l)
Cleaning: (/home/rob/mirte_ws/devel/.private/mirte_msgs/share/roseus/ros/mirte_msgs/srv/SetPinValue.l, /home/rob/mirte_ws/devel/share/roseus/ros/mirte_msgs/srv/SetPinValue.l)
Cleaning: (/home/rob/mirte_ws/devel/.private/mirte_msgs/share/roseus/ros/mirte_msgs/srv/GetKeypad.l, /home/rob/mirte_ws/devel/share/roseus/ros/mirte_msgs/srv/GetKeypad.l)
Cleaning: (/home/rob/mirte_ws/devel/.private/mirte_msgs/share/roseus/ros/mirte_msgs/srv/Move.l, /home/rob/mirte_ws/devel/share/roseus/ros/mirte_msgs/srv/Move.l)
Cleaning: (/home/rob/mirte_ws/devel/.private/mirte_msgs/share/roseus/ros/mirte_msgs/srv/GetDistance.l, /home/rob/mirte_ws/devel/share/roseus/ros/mirte_msgs/srv/GetDistance.l)
Cleaning: (/home/rob/mirte_ws/devel/.private/mirte_msgs/share/roseus/ros/mirte_msgs/srv/get_virtual_color.l, /home/rob/mirte_ws/devel/share/roseus/ros/mirte_msgs/srv/get_virtual_color.l)
Cleaning: (/home/rob/mirte_ws/devel/.private/mirte_msgs/share/roseus/ros/mirte_msgs/srv/Turn.l, /home/rob/mirte_ws/devel/share/roseus/ros/mirte_msgs/srv/Turn.l)
Cleaning: (/home/rob/mirte_ws/devel/.private/mirte_msgs/share/roseus/ros/mirte_msgs/srv/SetLEDValue.l, /home/rob/mirte_ws/devel/share/roseus/ros/mirte_msgs/srv/SetLEDValue.l)
Cleaning: (/home/rob/mirte_ws/devel/.private/mirte_msgs/share/roseus/ros/mirte_msgs/srv/SetServoAngle.l, /home/rob/mirte_ws/devel/share/roseus/ros/mirte_msgs/srv/SetServoAngle.l)
Cleaning: (/home/rob/mirte_ws/devel/.private/mirte_msgs/share/roseus/ros/mirte_msgs/srv/GetIntensityDigital.l, /home/rob/mirte_ws/devel/share/roseus/ros/mirte_msgs/srv/GetIntensityDigital.l)
Cleaning: (/home/rob/mirte_ws/devel/.private/mirte_msgs/share/roseus/ros/mirte_msgs/srv/GetRange.l, /home/rob/mirte_ws/devel/share/roseus/ros/mirte_msgs/srv/GetRange.l)
Cleaning: (/home/rob/mirte_ws/devel/.private/mirte_msgs/share/roseus/ros/mirte_msgs/srv/SetPinMode.l, /home/rob/mirte_ws/devel/share/roseus/ros/mirte_msgs/srv/SetPinMode.l)
Cleaning: (/home/rob/mirte_ws/devel/.private/mirte_msgs/share/roseus/ros/mirte_msgs/msg/Encoder.l, /home/rob/mirte_ws/devel/share/roseus/ros/mirte_msgs/msg/Encoder.l)
Cleaning: (/home/rob/mirte_ws/devel/.private/mirte_msgs/share/roseus/ros/mirte_msgs/msg/color.l, /home/rob/mirte_ws/devel/share/roseus/ros/mirte_msgs/msg/color.l)
Cleaning: (/home/rob/mirte_ws/devel/.private/mirte_msgs/share/roseus/ros/mirte_msgs/msg/ServoPosition.l, /home/rob/mirte_ws/devel/share/roseus/ros/mirte_msgs/msg/ServoPosition.l)
Cleaning: (/home/rob/mirte_ws/devel/.private/mirte_msgs/share/roseus/ros/mirte_msgs/msg/IntensityDigital.l, /home/rob/mirte_ws/devel/share/roseus/ros/mirte_msgs/msg/IntensityDigital.l)
Cleaning: (/home/rob/mirte_ws/devel/.private/mirte_msgs/share/roseus/ros/mirte_msgs/msg/Intensity.l, /home/rob/mirte_ws/devel/share/roseus/ros/mirte_msgs/msg/Intensity.l)
Cleaning: (/home/rob/mirte_ws/devel/.private/mirte_msgs/share/roseus/ros/mirte_msgs/msg/Keypad.l, /home/rob/mirte_ws/devel/share/roseus/ros/mirte_msgs/msg/Keypad.l)
Cleaning: (/home/rob/mirte_ws/devel/.private/mirte_msgs/share/gennodejs/ros/mirte_msgs/_index.js, /home/rob/mirte_ws/devel/share/gennodejs/ros/mirte_msgs/_index.js)
Cleaning: (/home/rob/mirte_ws/devel/.private/mirte_msgs/share/gennodejs/ros/mirte_msgs/srv/get_barcode.js, /home/rob/mirte_ws/devel/share/gennodejs/ros/mirte_msgs/srv/get_barcode.js)
Cleaning: (/home/rob/mirte_ws/devel/.private/mirte_msgs/share/gennodejs/ros/mirte_msgs/srv/SetOLEDImage.js, /home/rob/mirte_ws/devel/share/gennodejs/ros/mirte_msgs/srv/SetOLEDImage.js)
Cleaning: (/home/rob/mirte_ws/devel/.private/mirte_msgs/share/gennodejs/ros/mirte_msgs/srv/Move.js, /home/rob/mirte_ws/devel/share/gennodejs/ros/mirte_msgs/srv/Move.js)
Cleaning: (/home/rob/mirte_ws/devel/.private/mirte_msgs/share/gennodejs/ros/mirte_msgs/srv/GetKeypad.js, /home/rob/mirte_ws/devel/share/gennodejs/ros/mirte_msgs/srv/GetKeypad.js)
Cleaning: (/home/rob/mirte_ws/devel/.private/mirte_msgs/share/gennodejs/ros/mirte_msgs/srv/_index.js, /home/rob/mirte_ws/devel/share/gennodejs/ros/mirte_msgs/srv/_index.js)
Cleaning: (/home/rob/mirte_ws/devel/.private/mirte_msgs/share/gennodejs/ros/mirte_msgs/srv/GetIntensityDigital.js, /home/rob/mirte_ws/devel/share/gennodejs/ros/mirte_msgs/srv/GetIntensityDigital.js)
Cleaning: (/home/rob/mirte_ws/devel/.private/mirte_msgs/share/gennodejs/ros/mirte_msgs/srv/GetIntensity.js, /home/rob/mirte_ws/devel/share/gennodejs/ros/mirte_msgs/srv/GetIntensity.js)
Cleaning: (/home/rob/mirte_ws/devel/.private/mirte_msgs/share/gennodejs/ros/mirte_msgs/srv/SetMotorSpeed.js, /home/rob/mirte_ws/devel/share/gennodejs/ros/mirte_msgs/srv/SetMotorSpeed.js)
Cleaning: (/home/rob/mirte_ws/devel/.private/mirte_msgs/share/gennodejs/ros/mirte_msgs/srv/get_virtual_color.js, /home/rob/mirte_ws/devel/share/gennodejs/ros/mirte_msgs/srv/get_virtual_color.js)
Cleaning: (/home/rob/mirte_ws/devel/.private/mirte_msgs/share/gennodejs/ros/mirte_msgs/srv/GetIMU.js, /home/rob/mirte_ws/devel/share/gennodejs/ros/mirte_msgs/srv/GetIMU.js)
Cleaning: (/home/rob/mirte_ws/devel/.private/mirte_msgs/share/gennodejs/ros/mirte_msgs/srv/GetEncoder.js, /home/rob/mirte_ws/devel/share/gennodejs/ros/mirte_msgs/srv/GetEncoder.js)
Cleaning: (/home/rob/mirte_ws/devel/.private/mirte_msgs/share/gennodejs/ros/mirte_msgs/srv/SetServoAngle.js, /home/rob/mirte_ws/devel/share/gennodejs/ros/mirte_msgs/srv/SetServoAngle.js)
Cleaning: (/home/rob/mirte_ws/devel/.private/mirte_msgs/share/gennodejs/ros/mirte_msgs/srv/GetPinValue.js, /home/rob/mirte_ws/devel/share/gennodejs/ros/mirte_msgs/srv/GetPinValue.js)
Cleaning: (/home/rob/mirte_ws/devel/.private/mirte_msgs/share/gennodejs/ros/mirte_msgs/srv/Turn.js, /home/rob/mirte_ws/devel/share/gennodejs/ros/mirte_msgs/srv/Turn.js)
Cleaning: (/home/rob/mirte_ws/devel/.private/mirte_msgs/share/gennodejs/ros/mirte_msgs/srv/GetDistance.js, /home/rob/mirte_ws/devel/share/gennodejs/ros/mirte_msgs/srv/GetDistance.js)
Cleaning: (/home/rob/mirte_ws/devel/.private/mirte_msgs/share/gennodejs/ros/mirte_msgs/srv/SetPinMode.js, /home/rob/mirte_ws/devel/share/gennodejs/ros/mirte_msgs/srv/SetPinMode.js)
Cleaning: (/home/rob/mirte_ws/devel/.private/mirte_msgs/share/gennodejs/ros/mirte_msgs/srv/SetLEDValue.js, /home/rob/mirte_ws/devel/share/gennodejs/ros/mirte_msgs/srv/SetLEDValue.js)
Cleaning: (/home/rob/mirte_ws/devel/.private/mirte_msgs/share/gennodejs/ros/mirte_msgs/srv/SetSingleLEDValue.js, /home/rob/mirte_ws/devel/share/gennodejs/ros/mirte_msgs/srv/SetSingleLEDValue.js)
Cleaning: (/home/rob/mirte_ws/devel/.private/mirte_msgs/share/gennodejs/ros/mirte_msgs/srv/SetPinValue.js, /home/rob/mirte_ws/devel/share/gennodejs/ros/mirte_msgs/srv/SetPinValue.js)
Cleaning: (/home/rob/mirte_ws/devel/.private/mirte_msgs/share/gennodejs/ros/mirte_msgs/srv/GetRange.js, /home/rob/mirte_ws/devel/share/gennodejs/ros/mirte_msgs/srv/GetRange.js)
Cleaning: (/home/rob/mirte_ws/devel/.private/mirte_msgs/share/gennodejs/ros/mirte_msgs/msg/_index.js, /home/rob/mirte_ws/devel/share/gennodejs/ros/mirte_msgs/msg/_index.js)
Cleaning: (/home/rob/mirte_ws/devel/.private/mirte_msgs/share/gennodejs/ros/mirte_msgs/msg/ServoPosition.js, /home/rob/mirte_ws/devel/share/gennodejs/ros/mirte_msgs/msg/ServoPosition.js)
Cleaning: (/home/rob/mirte_ws/devel/.private/mirte_msgs/share/gennodejs/ros/mirte_msgs/msg/IntensityDigital.js, /home/rob/mirte_ws/devel/share/gennodejs/ros/mirte_msgs/msg/IntensityDigital.js)
Cleaning: (/home/rob/mirte_ws/devel/.private/mirte_msgs/share/gennodejs/ros/mirte_msgs/msg/color.js, /home/rob/mirte_ws/devel/share/gennodejs/ros/mirte_msgs/msg/color.js)
Cleaning: (/home/rob/mirte_ws/devel/.private/mirte_msgs/share/gennodejs/ros/mirte_msgs/msg/Encoder.js, /home/rob/mirte_ws/devel/share/gennodejs/ros/mirte_msgs/msg/Encoder.js)
Cleaning: (/home/rob/mirte_ws/devel/.private/mirte_msgs/share/gennodejs/ros/mirte_msgs/msg/Keypad.js, /home/rob/mirte_ws/devel/share/gennodejs/ros/mirte_msgs/msg/Keypad.js)
Cleaning: (/home/rob/mirte_ws/devel/.private/mirte_msgs/share/gennodejs/ros/mirte_msgs/msg/Intensity.js, /home/rob/mirte_ws/devel/share/gennodejs/ros/mirte_msgs/msg/Intensity.js)
Cleaning: (/home/rob/mirte_ws/devel/.private/mirte_msgs/share/common-lisp/ros/mirte_msgs/srv/_package_GetEncoder.lisp, /home/rob/mirte_ws/devel/share/common-lisp/ros/mirte_msgs/srv/_package_GetEncoder.lisp)
Cleaning: (/home/rob/mirte_ws/devel/.private/mirte_msgs/share/common-lisp/ros/mirte_msgs/srv/_package_SetPinMode.lisp, /home/rob/mirte_ws/devel/share/common-lisp/ros/mirte_msgs/srv/_package_SetPinMode.lisp)
Cleaning: (/home/rob/mirte_ws/devel/.private/mirte_msgs/share/common-lisp/ros/mirte_msgs/srv/_package_GetIntensityDigital.lisp, /home/rob/mirte_ws/devel/share/common-lisp/ros/mirte_msgs/srv/_package_GetIntensityDigital.lisp)
Cleaning: (/home/rob/mirte_ws/devel/.private/mirte_msgs/share/common-lisp/ros/mirte_msgs/srv/_package_SetOLEDImage.lisp, /home/rob/mirte_ws/devel/share/common-lisp/ros/mirte_msgs/srv/_package_SetOLEDImage.lisp)
Cleaning: (/home/rob/mirte_ws/devel/.private/mirte_msgs/share/common-lisp/ros/mirte_msgs/srv/mirte_msgs-srv.asd, /home/rob/mirte_ws/devel/share/common-lisp/ros/mirte_msgs/srv/mirte_msgs-srv.asd)
Cleaning: (/home/rob/mirte_ws/devel/.private/mirte_msgs/share/common-lisp/ros/mirte_msgs/srv/_package_Move.lisp, /home/rob/mirte_ws/devel/share/common-lisp/ros/mirte_msgs/srv/_package_Move.lisp)
Cleaning: (/home/rob/mirte_ws/devel/.private/mirte_msgs/share/common-lisp/ros/mirte_msgs/srv/GetIMU.lisp, /home/rob/mirte_ws/devel/share/common-lisp/ros/mirte_msgs/srv/GetIMU.lisp)
Cleaning: (/home/rob/mirte_ws/devel/.private/mirte_msgs/share/common-lisp/ros/mirte_msgs/srv/_package_SetMotorSpeed.lisp, /home/rob/mirte_ws/devel/share/common-lisp/ros/mirte_msgs/srv/_package_SetMotorSpeed.lisp)
Cleaning: (/home/rob/mirte_ws/devel/.private/mirte_msgs/share/common-lisp/ros/mirte_msgs/srv/GetIntensity.lisp, /home/rob/mirte_ws/devel/share/common-lisp/ros/mirte_msgs/srv/GetIntensity.lisp)
Cleaning: (/home/rob/mirte_ws/devel/.private/mirte_msgs/share/common-lisp/ros/mirte_msgs/srv/_package_GetPinValue.lisp, /home/rob/mirte_ws/devel/share/common-lisp/ros/mirte_msgs/srv/_package_GetPinValue.lisp)
Cleaning: (/home/rob/mirte_ws/devel/.private/mirte_msgs/share/common-lisp/ros/mirte_msgs/srv/SetMotorSpeed.lisp, /home/rob/mirte_ws/devel/share/common-lisp/ros/mirte_msgs/srv/SetMotorSpeed.lisp)
Cleaning: (/home/rob/mirte_ws/devel/.private/mirte_msgs/share/common-lisp/ros/mirte_msgs/srv/SetLEDValue.lisp, /home/rob/mirte_ws/devel/share/common-lisp/ros/mirte_msgs/srv/SetLEDValue.lisp)
Cleaning: (/home/rob/mirte_ws/devel/.private/mirte_msgs/share/common-lisp/ros/mirte_msgs/srv/SetSingleLEDValue.lisp, /home/rob/mirte_ws/devel/share/common-lisp/ros/mirte_msgs/srv/SetSingleLEDValue.lisp)
Cleaning: (/home/rob/mirte_ws/devel/.private/mirte_msgs/share/common-lisp/ros/mirte_msgs/srv/GetIntensityDigital.lisp, /home/rob/mirte_ws/devel/share/common-lisp/ros/mirte_msgs/srv/GetIntensityDigital.lisp)
Cleaning: (/home/rob/mirte_ws/devel/.private/mirte_msgs/share/common-lisp/ros/mirte_msgs/srv/_package_SetPinValue.lisp, /home/rob/mirte_ws/devel/share/common-lisp/ros/mirte_msgs/srv/_package_SetPinValue.lisp)
Cleaning: (/home/rob/mirte_ws/devel/.private/mirte_msgs/share/common-lisp/ros/mirte_msgs/srv/_package_SetLEDValue.lisp, /home/rob/mirte_ws/devel/share/common-lisp/ros/mirte_msgs/srv/_package_SetLEDValue.lisp)
Cleaning: (/home/rob/mirte_ws/devel/.private/mirte_msgs/share/common-lisp/ros/mirte_msgs/srv/_package_GetIMU.lisp, /home/rob/mirte_ws/devel/share/common-lisp/ros/mirte_msgs/srv/_package_GetIMU.lisp)
Cleaning: (/home/rob/mirte_ws/devel/.private/mirte_msgs/share/common-lisp/ros/mirte_msgs/srv/GetKeypad.lisp, /home/rob/mirte_ws/devel/share/common-lisp/ros/mirte_msgs/srv/GetKeypad.lisp)
Cleaning: (/home/rob/mirte_ws/devel/.private/mirte_msgs/share/common-lisp/ros/mirte_msgs/srv/SetPinMode.lisp, /home/rob/mirte_ws/devel/share/common-lisp/ros/mirte_msgs/srv/SetPinMode.lisp)
Cleaning: (/home/rob/mirte_ws/devel/.private/mirte_msgs/share/common-lisp/ros/mirte_msgs/srv/_package_GetKeypad.lisp, /home/rob/mirte_ws/devel/share/common-lisp/ros/mirte_msgs/srv/_package_GetKeypad.lisp)
Cleaning: (/home/rob/mirte_ws/devel/.private/mirte_msgs/share/common-lisp/ros/mirte_msgs/srv/_package.lisp, /home/rob/mirte_ws/devel/share/common-lisp/ros/mirte_msgs/srv/_package.lisp)
Cleaning: (/home/rob/mirte_ws/devel/.private/mirte_msgs/share/common-lisp/ros/mirte_msgs/srv/get_barcode.lisp, /home/rob/mirte_ws/devel/share/common-lisp/ros/mirte_msgs/srv/get_barcode.lisp)
Cleaning: (/home/rob/mirte_ws/devel/.private/mirte_msgs/share/common-lisp/ros/mirte_msgs/srv/Move.lisp, /home/rob/mirte_ws/devel/share/common-lisp/ros/mirte_msgs/srv/Move.lisp)
Cleaning: (/home/rob/mirte_ws/devel/.private/mirte_msgs/share/common-lisp/ros/mirte_msgs/srv/get_virtual_color.lisp, /home/rob/mirte_ws/devel/share/common-lisp/ros/mirte_msgs/srv/get_virtual_color.lisp)
Cleaning: (/home/rob/mirte_ws/devel/.private/mirte_msgs/share/common-lisp/ros/mirte_msgs/srv/GetPinValue.lisp, /home/rob/mirte_ws/devel/share/common-lisp/ros/mirte_msgs/srv/GetPinValue.lisp)
Cleaning: (/home/rob/mirte_ws/devel/.private/mirte_msgs/share/common-lisp/ros/mirte_msgs/srv/_package_GetIntensity.lisp, /home/rob/mirte_ws/devel/share/common-lisp/ros/mirte_msgs/srv/_package_GetIntensity.lisp)
Cleaning: (/home/rob/mirte_ws/devel/.private/mirte_msgs/share/common-lisp/ros/mirte_msgs/srv/_package_GetRange.lisp, /home/rob/mirte_ws/devel/share/common-lisp/ros/mirte_msgs/srv/_package_GetRange.lisp)
Cleaning: (/home/rob/mirte_ws/devel/.private/mirte_msgs/share/common-lisp/ros/mirte_msgs/srv/_package_SetSingleLEDValue.lisp, /home/rob/mirte_ws/devel/share/common-lisp/ros/mirte_msgs/srv/_package_SetSingleLEDValue.lisp)
Cleaning: (/home/rob/mirte_ws/devel/.private/mirte_msgs/share/common-lisp/ros/mirte_msgs/srv/_package_get_virtual_color.lisp, /home/rob/mirte_ws/devel/share/common-lisp/ros/mirte_msgs/srv/_package_get_virtual_color.lisp)
Cleaning: (/home/rob/mirte_ws/devel/.private/mirte_msgs/share/common-lisp/ros/mirte_msgs/srv/SetOLEDImage.lisp, /home/rob/mirte_ws/devel/share/common-lisp/ros/mirte_msgs/srv/SetOLEDImage.lisp)
Cleaning: (/home/rob/mirte_ws/devel/.private/mirte_msgs/share/common-lisp/ros/mirte_msgs/srv/SetPinValue.lisp, /home/rob/mirte_ws/devel/share/common-lisp/ros/mirte_msgs/srv/SetPinValue.lisp)
Cleaning: (/home/rob/mirte_ws/devel/.private/mirte_msgs/share/common-lisp/ros/mirte_msgs/srv/_package_SetServoAngle.lisp, /home/rob/mirte_ws/devel/share/common-lisp/ros/mirte_msgs/srv/_package_SetServoAngle.lisp)
Cleaning: (/home/rob/mirte_ws/devel/.private/mirte_msgs/share/common-lisp/ros/mirte_msgs/srv/SetServoAngle.lisp, /home/rob/mirte_ws/devel/share/common-lisp/ros/mirte_msgs/srv/SetServoAngle.lisp)
Cleaning: (/home/rob/mirte_ws/devel/.private/mirte_msgs/share/common-lisp/ros/mirte_msgs/srv/GetEncoder.lisp, /home/rob/mirte_ws/devel/share/common-lisp/ros/mirte_msgs/srv/GetEncoder.lisp)
Cleaning: (/home/rob/mirte_ws/devel/.private/mirte_msgs/share/common-lisp/ros/mirte_msgs/srv/_package_Turn.lisp, /home/rob/mirte_ws/devel/share/common-lisp/ros/mirte_msgs/srv/_package_Turn.lisp)
Cleaning: (/home/rob/mirte_ws/devel/.private/mirte_msgs/share/common-lisp/ros/mirte_msgs/srv/GetRange.lisp, /home/rob/mirte_ws/devel/share/common-lisp/ros/mirte_msgs/srv/GetRange.lisp)
Cleaning: (/home/rob/mirte_ws/devel/.private/mirte_msgs/share/common-lisp/ros/mirte_msgs/srv/Turn.lisp, /home/rob/mirte_ws/devel/share/common-lisp/ros/mirte_msgs/srv/Turn.lisp)
Cleaning: (/home/rob/mirte_ws/devel/.private/mirte_msgs/share/common-lisp/ros/mirte_msgs/srv/GetDistance.lisp, /home/rob/mirte_ws/devel/share/common-lisp/ros/mirte_msgs/srv/GetDistance.lisp)
Cleaning: (/home/rob/mirte_ws/devel/.private/mirte_msgs/share/common-lisp/ros/mirte_msgs/srv/_package_get_barcode.lisp, /home/rob/mirte_ws/devel/share/common-lisp/ros/mirte_msgs/srv/_package_get_barcode.lisp)
Cleaning: (/home/rob/mirte_ws/devel/.private/mirte_msgs/share/common-lisp/ros/mirte_msgs/srv/_package_GetDistance.lisp, /home/rob/mirte_ws/devel/share/common-lisp/ros/mirte_msgs/srv/_package_GetDistance.lisp)
Cleaning: (/home/rob/mirte_ws/devel/.private/mirte_msgs/share/common-lisp/ros/mirte_msgs/msg/Intensity.lisp, /home/rob/mirte_ws/devel/share/common-lisp/ros/mirte_msgs/msg/Intensity.lisp)
Cleaning: (/home/rob/mirte_ws/devel/.private/mirte_msgs/share/common-lisp/ros/mirte_msgs/msg/color.lisp, /home/rob/mirte_ws/devel/share/common-lisp/ros/mirte_msgs/msg/color.lisp)
Cleaning: (/home/rob/mirte_ws/devel/.private/mirte_msgs/share/common-lisp/ros/mirte_msgs/msg/ServoPosition.lisp, /home/rob/mirte_ws/devel/share/common-lisp/ros/mirte_msgs/msg/ServoPosition.lisp)
Cleaning: (/home/rob/mirte_ws/devel/.private/mirte_msgs/share/common-lisp/ros/mirte_msgs/msg/Encoder.lisp, /home/rob/mirte_ws/devel/share/common-lisp/ros/mirte_msgs/msg/Encoder.lisp)
Cleaning: (/home/rob/mirte_ws/devel/.private/mirte_msgs/share/common-lisp/ros/mirte_msgs/msg/_package_color.lisp, /home/rob/mirte_ws/devel/share/common-lisp/ros/mirte_msgs/msg/_package_color.lisp)
Cleaning: (/home/rob/mirte_ws/devel/.private/mirte_msgs/share/common-lisp/ros/mirte_msgs/msg/_package_ServoPosition.lisp, /home/rob/mirte_ws/devel/share/common-lisp/ros/mirte_msgs/msg/_package_ServoPosition.lisp)
Cleaning: (/home/rob/mirte_ws/devel/.private/mirte_msgs/share/common-lisp/ros/mirte_msgs/msg/IntensityDigital.lisp, /home/rob/mirte_ws/devel/share/common-lisp/ros/mirte_msgs/msg/IntensityDigital.lisp)
Cleaning: (/home/rob/mirte_ws/devel/.private/mirte_msgs/share/common-lisp/ros/mirte_msgs/msg/_package_Intensity.lisp, /home/rob/mirte_ws/devel/share/common-lisp/ros/mirte_msgs/msg/_package_Intensity.lisp)
Cleaning: (/home/rob/mirte_ws/devel/.private/mirte_msgs/share/common-lisp/ros/mirte_msgs/msg/_package.lisp, /home/rob/mirte_ws/devel/share/common-lisp/ros/mirte_msgs/msg/_package.lisp)
Cleaning: (/home/rob/mirte_ws/devel/.private/mirte_msgs/share/common-lisp/ros/mirte_msgs/msg/_package_Keypad.lisp, /home/rob/mirte_ws/devel/share/common-lisp/ros/mirte_msgs/msg/_package_Keypad.lisp)
Cleaning: (/home/rob/mirte_ws/devel/.private/mirte_msgs/share/common-lisp/ros/mirte_msgs/msg/mirte_msgs-msg.asd, /home/rob/mirte_ws/devel/share/common-lisp/ros/mirte_msgs/msg/mirte_msgs-msg.asd)
Cleaning: (/home/rob/mirte_ws/devel/.private/mirte_msgs/share/common-lisp/ros/mirte_msgs/msg/_package_Encoder.lisp, /home/rob/mirte_ws/devel/share/common-lisp/ros/mirte_msgs/msg/_package_Encoder.lisp)
Cleaning: (/home/rob/mirte_ws/devel/.private/mirte_msgs/share/common-lisp/ros/mirte_msgs/msg/Keypad.lisp, /home/rob/mirte_ws/devel/share/common-lisp/ros/mirte_msgs/msg/Keypad.lisp)
Cleaning: (/home/rob/mirte_ws/devel/.private/mirte_msgs/share/common-lisp/ros/mirte_msgs/msg/_package_IntensityDigital.lisp, /home/rob/mirte_ws/devel/share/common-lisp/ros/mirte_msgs/msg/_package_IntensityDigital.lisp)
Cleaning: (/home/rob/mirte_ws/devel/.private/mirte_msgs/share/mirte_msgs/cmake/mirte_msgs-msg-paths.cmake, /home/rob/mirte_ws/devel/share/mirte_msgs/cmake/mirte_msgs-msg-paths.cmake)
Cleaning: (/home/rob/mirte_ws/devel/.private/mirte_msgs/share/mirte_msgs/cmake/mirte_msgs-msg-extras.cmake, /home/rob/mirte_ws/devel/share/mirte_msgs/cmake/mirte_msgs-msg-extras.cmake)
Cleaning: (/home/rob/mirte_ws/devel/.private/mirte_msgs/share/mirte_msgs/cmake/mirte_msgsConfig.cmake, /home/rob/mirte_ws/devel/share/mirte_msgs/cmake/mirte_msgsConfig.cmake)
Cleaning: (/home/rob/mirte_ws/devel/.private/mirte_msgs/share/mirte_msgs/cmake/mirte_msgsConfig-version.cmake, /home/rob/mirte_ws/devel/share/mirte_msgs/cmake/mirte_msgsConfig-version.cmake)
Unlinking: /home/rob/mirte_ws/devel/include/mirte_msgs/GetIMU.h
Unlinking: /home/rob/mirte_ws/devel/include/mirte_msgs/get_barcodeResponse.h
Unlinking: /home/rob/mirte_ws/devel/include/mirte_msgs/GetEncoderResponse.h
Unlinking: /home/rob/mirte_ws/devel/include/mirte_msgs/GetIntensityDigitalRequest.h
Unlinking: /home/rob/mirte_ws/devel/include/mirte_msgs/GetRange.h
Unlinking: /home/rob/mirte_ws/devel/include/mirte_msgs/get_barcode.h
Unlinking: /home/rob/mirte_ws/devel/include/mirte_msgs/get_barcodeRequest.h
Unlinking: /home/rob/mirte_ws/devel/include/mirte_msgs/SetMotorSpeed.h
Unlinking: /home/rob/mirte_ws/devel/include/mirte_msgs/SetLEDValue.h
Unlinking: /home/rob/mirte_ws/devel/include/mirte_msgs/SetOLEDImageRequest.h
Unlinking: /home/rob/mirte_ws/devel/include/mirte_msgs/SetMotorSpeedResponse.h
Unlinking: /home/rob/mirte_ws/devel/include/mirte_msgs/Intensity.h
Unlinking: /home/rob/mirte_ws/devel/include/mirte_msgs/SetSingleLEDValueResponse.h
Unlinking: /home/rob/mirte_ws/devel/include/mirte_msgs/GetIMUResponse.h
Unlinking: /home/rob/mirte_ws/devel/include/mirte_msgs/GetIntensityResponse.h
Unlinking: /home/rob/mirte_ws/devel/include/mirte_msgs/SetSingleLEDValue.h
Unlinking: /home/rob/mirte_ws/devel/include/mirte_msgs/GetKeypad.h
Unlinking: /home/rob/mirte_ws/devel/include/mirte_msgs/GetPinValue.h
Unlinking: /home/rob/mirte_ws/devel/include/mirte_msgs/Keypad.h
Unlinking: /home/rob/mirte_ws/devel/include/mirte_msgs/SetSingleLEDValueRequest.h
Unlinking: /home/rob/mirte_ws/devel/include/mirte_msgs/SetPinValueResponse.h
Unlinking: /home/rob/mirte_ws/devel/include/mirte_msgs/GetKeypadRequest.h
Unlinking: /home/rob/mirte_ws/devel/include/mirte_msgs/Encoder.h
Unlinking: /home/rob/mirte_ws/devel/include/mirte_msgs/GetRangeRequest.h
Unlinking: /home/rob/mirte_ws/devel/include/mirte_msgs/GetIMURequest.h
Unlinking: /home/rob/mirte_ws/devel/include/mirte_msgs/IntensityDigital.h
Unlinking: /home/rob/mirte_ws/devel/include/mirte_msgs/get_virtual_colorResponse.h
Unlinking: /home/rob/mirte_ws/devel/include/mirte_msgs/ServoPosition.h
Unlinking: /home/rob/mirte_ws/devel/include/mirte_msgs/SetPinMode.h
Unlinking: /home/rob/mirte_ws/devel/include/mirte_msgs/MoveResponse.h
Unlinking: /home/rob/mirte_ws/devel/include/mirte_msgs/GetDistance.h
Unlinking: /home/rob/mirte_ws/devel/include/mirte_msgs/GetIntensityRequest.h
Unlinking: /home/rob/mirte_ws/devel/include/mirte_msgs/SetOLEDImageResponse.h
Unlinking: /home/rob/mirte_ws/devel/include/mirte_msgs/GetKeypadResponse.h
Unlinking: /home/rob/mirte_ws/devel/include/mirte_msgs/SetPinModeResponse.h
Unlinking: /home/rob/mirte_ws/devel/include/mirte_msgs/GetEncoder.h
Unlinking: /home/rob/mirte_ws/devel/include/mirte_msgs/SetOLEDImage.h
Unlinking: /home/rob/mirte_ws/devel/include/mirte_msgs/SetServoAngleRequest.h
Unlinking: /home/rob/mirte_ws/devel/include/mirte_msgs/TurnResponse.h
Unlinking: /home/rob/mirte_ws/devel/include/mirte_msgs/MoveRequest.h
Unlinking: /home/rob/mirte_ws/devel/include/mirte_msgs/GetDistanceRequest.h
Unlinking: /home/rob/mirte_ws/devel/include/mirte_msgs/GetPinValueResponse.h
Unlinking: /home/rob/mirte_ws/devel/include/mirte_msgs/get_virtual_colorRequest.h
Unlinking: /home/rob/mirte_ws/devel/include/mirte_msgs/Move.h
Unlinking: /home/rob/mirte_ws/devel/include/mirte_msgs/GetEncoderRequest.h
Unlinking: /home/rob/mirte_ws/devel/include/mirte_msgs/color.h
Unlinking: /home/rob/mirte_ws/devel/include/mirte_msgs/SetLEDValueResponse.h
Unlinking: /home/rob/mirte_ws/devel/include/mirte_msgs/GetIntensityDigitalResponse.h
Unlinking: /home/rob/mirte_ws/devel/include/mirte_msgs/GetIntensity.h
Unlinking: /home/rob/mirte_ws/devel/include/mirte_msgs/Turn.h
Unlinking: /home/rob/mirte_ws/devel/include/mirte_msgs/GetDistanceResponse.h
Unlinking: /home/rob/mirte_ws/devel/include/mirte_msgs/get_virtual_color.h
Unlinking: /home/rob/mirte_ws/devel/include/mirte_msgs/SetPinModeRequest.h
Unlinking: /home/rob/mirte_ws/devel/include/mirte_msgs/SetServoAngleResponse.h
Unlinking: /home/rob/mirte_ws/devel/include/mirte_msgs/GetRangeResponse.h
Unlinking: /home/rob/mirte_ws/devel/include/mirte_msgs/TurnRequest.h
Unlinking: /home/rob/mirte_ws/devel/include/mirte_msgs/GetPinValueRequest.h
Unlinking: /home/rob/mirte_ws/devel/include/mirte_msgs/SetPinValue.h
Unlinking: /home/rob/mirte_ws/devel/include/mirte_msgs/SetPinValueRequest.h
Unlinking: /home/rob/mirte_ws/devel/include/mirte_msgs/SetLEDValueRequest.h
Unlinking: /home/rob/mirte_ws/devel/include/mirte_msgs/SetServoAngle.h
Unlinking: /home/rob/mirte_ws/devel/include/mirte_msgs/GetIntensityDigital.h
Unlinking: /home/rob/mirte_ws/devel/include/mirte_msgs/SetMotorSpeedRequest.h
Unlinking: /home/rob/mirte_ws/devel/lib/python3/dist-packages/mirte_msgs/__init__.py
Unlinking: /home/rob/mirte_ws/devel/lib/python3/dist-packages/mirte_msgs/srv/_GetIntensity.py
Unlinking: /home/rob/mirte_ws/devel/lib/python3/dist-packages/mirte_msgs/srv/_SetPinMode.py
Unlinking: /home/rob/mirte_ws/devel/lib/python3/dist-packages/mirte_msgs/srv/_GetIntensityDigital.py
Unlinking: /home/rob/mirte_ws/devel/lib/python3/dist-packages/mirte_msgs/srv/_GetEncoder.py
Unlinking: /home/rob/mirte_ws/devel/lib/python3/dist-packages/mirte_msgs/srv/_SetOLEDImage.py
Unlinking: /home/rob/mirte_ws/devel/lib/python3/dist-packages/mirte_msgs/srv/_GetRange.py
Unlinking: /home/rob/mirte_ws/devel/lib/python3/dist-packages/mirte_msgs/srv/_Turn.py
Unlinking: /home/rob/mirte_ws/devel/lib/python3/dist-packages/mirte_msgs/srv/_SetServoAngle.py
Unlinking: /home/rob/mirte_ws/devel/lib/python3/dist-packages/mirte_msgs/srv/_GetKeypad.py
Unlinking: /home/rob/mirte_ws/devel/lib/python3/dist-packages/mirte_msgs/srv/_GetPinValue.py
Unlinking: /home/rob/mirte_ws/devel/lib/python3/dist-packages/mirte_msgs/srv/_SetLEDValue.py
Unlinking: /home/rob/mirte_ws/devel/lib/python3/dist-packages/mirte_msgs/srv/_GetDistance.py
Unlinking: /home/rob/mirte_ws/devel/lib/python3/dist-packages/mirte_msgs/srv/_SetSingleLEDValue.py
Unlinking: /home/rob/mirte_ws/devel/lib/python3/dist-packages/mirte_msgs/srv/__init__.py
Unlinking: /home/rob/mirte_ws/devel/lib/python3/dist-packages/mirte_msgs/srv/_SetPinValue.py
Unlinking: /home/rob/mirte_ws/devel/lib/python3/dist-packages/mirte_msgs/srv/_get_barcode.py
Unlinking: /home/rob/mirte_ws/devel/lib/python3/dist-packages/mirte_msgs/srv/_Move.py
Unlinking: /home/rob/mirte_ws/devel/lib/python3/dist-packages/mirte_msgs/srv/_get_virtual_color.py
Unlinking: /home/rob/mirte_ws/devel/lib/python3/dist-packages/mirte_msgs/srv/_SetMotorSpeed.py
Unlinking: /home/rob/mirte_ws/devel/lib/python3/dist-packages/mirte_msgs/srv/_GetIMU.py
Unlinking: /home/rob/mirte_ws/devel/lib/python3/dist-packages/mirte_msgs/msg/_ServoPosition.py
Unlinking: /home/rob/mirte_ws/devel/lib/python3/dist-packages/mirte_msgs/msg/_Keypad.py
Unlinking: /home/rob/mirte_ws/devel/lib/python3/dist-packages/mirte_msgs/msg/__init__.py
Unlinking: /home/rob/mirte_ws/devel/lib/python3/dist-packages/mirte_msgs/msg/_color.py
Unlinking: /home/rob/mirte_ws/devel/lib/python3/dist-packages/mirte_msgs/msg/_Intensity.py
Unlinking: /home/rob/mirte_ws/devel/lib/python3/dist-packages/mirte_msgs/msg/_Encoder.py
Unlinking: /home/rob/mirte_ws/devel/lib/python3/dist-packages/mirte_msgs/msg/_IntensityDigital.py
Unlinking: /home/rob/mirte_ws/devel/lib/pkgconfig/mirte_msgs.pc
Unlinking: /home/rob/mirte_ws/devel/share/roseus/ros/mirte_msgs/manifest.l
Unlinking: /home/rob/mirte_ws/devel/share/roseus/ros/mirte_msgs/srv/SetSingleLEDValue.l
Unlinking: /home/rob/mirte_ws/devel/share/roseus/ros/mirte_msgs/srv/GetPinValue.l
Unlinking: /home/rob/mirte_ws/devel/share/roseus/ros/mirte_msgs/srv/SetOLEDImage.l
Unlinking: /home/rob/mirte_ws/devel/share/roseus/ros/mirte_msgs/srv/get_barcode.l
Unlinking: /home/rob/mirte_ws/devel/share/roseus/ros/mirte_msgs/srv/GetIMU.l
Unlinking: /home/rob/mirte_ws/devel/share/roseus/ros/mirte_msgs/srv/SetMotorSpeed.l
Unlinking: /home/rob/mirte_ws/devel/share/roseus/ros/mirte_msgs/srv/GetEncoder.l
Unlinking: /home/rob/mirte_ws/devel/share/roseus/ros/mirte_msgs/srv/GetIntensity.l
Unlinking: /home/rob/mirte_ws/devel/share/roseus/ros/mirte_msgs/srv/SetPinValue.l
Unlinking: /home/rob/mirte_ws/devel/share/roseus/ros/mirte_msgs/srv/GetKeypad.l
Unlinking: /home/rob/mirte_ws/devel/share/roseus/ros/mirte_msgs/srv/Move.l
Unlinking: /home/rob/mirte_ws/devel/share/roseus/ros/mirte_msgs/srv/GetDistance.l
Unlinking: /home/rob/mirte_ws/devel/share/roseus/ros/mirte_msgs/srv/get_virtual_color.l
Unlinking: /home/rob/mirte_ws/devel/share/roseus/ros/mirte_msgs/srv/Turn.l
Unlinking: /home/rob/mirte_ws/devel/share/roseus/ros/mirte_msgs/srv/SetLEDValue.l
Unlinking: /home/rob/mirte_ws/devel/share/roseus/ros/mirte_msgs/srv/SetServoAngle.l
Unlinking: /home/rob/mirte_ws/devel/share/roseus/ros/mirte_msgs/srv/GetIntensityDigital.l
Unlinking: /home/rob/mirte_ws/devel/share/roseus/ros/mirte_msgs/srv/GetRange.l
Unlinking: /home/rob/mirte_ws/devel/share/roseus/ros/mirte_msgs/srv/SetPinMode.l
Unlinking: /home/rob/mirte_ws/devel/share/roseus/ros/mirte_msgs/msg/Encoder.l
Unlinking: /home/rob/mirte_ws/devel/share/roseus/ros/mirte_msgs/msg/color.l
Unlinking: /home/rob/mirte_ws/devel/share/roseus/ros/mirte_msgs/msg/ServoPosition.l
Unlinking: /home/rob/mirte_ws/devel/share/roseus/ros/mirte_msgs/msg/IntensityDigital.l
Unlinking: /home/rob/mirte_ws/devel/share/roseus/ros/mirte_msgs/msg/Intensity.l
Unlinking: /home/rob/mirte_ws/devel/share/roseus/ros/mirte_msgs/msg/Keypad.l
Unlinking: /home/rob/mirte_ws/devel/share/gennodejs/ros/mirte_msgs/_index.js
Unlinking: /home/rob/mirte_ws/devel/share/gennodejs/ros/mirte_msgs/srv/get_barcode.js
Unlinking: /home/rob/mirte_ws/devel/share/gennodejs/ros/mirte_msgs/srv/SetOLEDImage.js
Unlinking: /home/rob/mirte_ws/devel/share/gennodejs/ros/mirte_msgs/srv/Move.js
Unlinking: /home/rob/mirte_ws/devel/share/gennodejs/ros/mirte_msgs/srv/GetKeypad.js
Unlinking: /home/rob/mirte_ws/devel/share/gennodejs/ros/mirte_msgs/srv/_index.js
Unlinking: /home/rob/mirte_ws/devel/share/gennodejs/ros/mirte_msgs/srv/GetIntensityDigital.js
Unlinking: /home/rob/mirte_ws/devel/share/gennodejs/ros/mirte_msgs/srv/GetIntensity.js
Unlinking: /home/rob/mirte_ws/devel/share/gennodejs/ros/mirte_msgs/srv/SetMotorSpeed.js
Unlinking: /home/rob/mirte_ws/devel/share/gennodejs/ros/mirte_msgs/srv/get_virtual_color.js
Unlinking: /home/rob/mirte_ws/devel/share/gennodejs/ros/mirte_msgs/srv/GetIMU.js
Unlinking: /home/rob/mirte_ws/devel/share/gennodejs/ros/mirte_msgs/srv/GetEncoder.js
Unlinking: /home/rob/mirte_ws/devel/share/gennodejs/ros/mirte_msgs/srv/SetServoAngle.js
Unlinking: /home/rob/mirte_ws/devel/share/gennodejs/ros/mirte_msgs/srv/GetPinValue.js
Unlinking: /home/rob/mirte_ws/devel/share/gennodejs/ros/mirte_msgs/srv/Turn.js
Unlinking: /home/rob/mirte_ws/devel/share/gennodejs/ros/mirte_msgs/srv/GetDistance.js
Unlinking: /home/rob/mirte_ws/devel/share/gennodejs/ros/mirte_msgs/srv/SetPinMode.js
Unlinking: /home/rob/mirte_ws/devel/share/gennodejs/ros/mirte_msgs/srv/SetLEDValue.js
Unlinking: /home/rob/mirte_ws/devel/share/gennodejs/ros/mirte_msgs/srv/SetSingleLEDValue.js
Unlinking: /home/rob/mirte_ws/devel/share/gennodejs/ros/mirte_msgs/srv/SetPinValue.js
Unlinking: /home/rob/mirte_ws/devel/share/gennodejs/ros/mirte_msgs/srv/GetRange.js
Unlinking: /home/rob/mirte_ws/devel/share/gennodejs/ros/mirte_msgs/msg/_index.js
Unlinking: /home/rob/mirte_ws/devel/share/gennodejs/ros/mirte_msgs/msg/ServoPosition.js
Unlinking: /home/rob/mirte_ws/devel/share/gennodejs/ros/mirte_msgs/msg/IntensityDigital.js
Unlinking: /home/rob/mirte_ws/devel/share/gennodejs/ros/mirte_msgs/msg/color.js
Unlinking: /home/rob/mirte_ws/devel/share/gennodejs/ros/mirte_msgs/msg/Encoder.js
Unlinking: /home/rob/mirte_ws/devel/share/gennodejs/ros/mirte_msgs/msg/Keypad.js
Unlinking: /home/rob/mirte_ws/devel/share/gennodejs/ros/mirte_msgs/msg/Intensity.js
Unlinking: /home/rob/mirte_ws/devel/share/common-lisp/ros/mirte_msgs/srv/_package_GetEncoder.lisp
Unlinking: /home/rob/mirte_ws/devel/share/common-lisp/ros/mirte_msgs/srv/_package_SetPinMode.lisp
Unlinking: /home/rob/mirte_ws/devel/share/common-lisp/ros/mirte_msgs/srv/_package_GetIntensityDigital.lisp
Unlinking: /home/rob/mirte_ws/devel/share/common-lisp/ros/mirte_msgs/srv/_package_SetOLEDImage.lisp
Unlinking: /home/rob/mirte_ws/devel/share/common-lisp/ros/mirte_msgs/srv/mirte_msgs-srv.asd
Unlinking: /home/rob/mirte_ws/devel/share/common-lisp/ros/mirte_msgs/srv/_package_Move.lisp
Unlinking: /home/rob/mirte_ws/devel/share/common-lisp/ros/mirte_msgs/srv/GetIMU.lisp
Unlinking: /home/rob/mirte_ws/devel/share/common-lisp/ros/mirte_msgs/srv/_package_SetMotorSpeed.lisp
Unlinking: /home/rob/mirte_ws/devel/share/common-lisp/ros/mirte_msgs/srv/GetIntensity.lisp
Unlinking: /home/rob/mirte_ws/devel/share/common-lisp/ros/mirte_msgs/srv/_package_GetPinValue.lisp
Unlinking: /home/rob/mirte_ws/devel/share/common-lisp/ros/mirte_msgs/srv/SetMotorSpeed.lisp
Unlinking: /home/rob/mirte_ws/devel/share/common-lisp/ros/mirte_msgs/srv/SetLEDValue.lisp
Unlinking: /home/rob/mirte_ws/devel/share/common-lisp/ros/mirte_msgs/srv/SetSingleLEDValue.lisp
Unlinking: /home/rob/mirte_ws/devel/share/common-lisp/ros/mirte_msgs/srv/GetIntensityDigital.lisp
Unlinking: /home/rob/mirte_ws/devel/share/common-lisp/ros/mirte_msgs/srv/_package_SetPinValue.lisp
Unlinking: /home/rob/mirte_ws/devel/share/common-lisp/ros/mirte_msgs/srv/_package_SetLEDValue.lisp
Unlinking: /home/rob/mirte_ws/devel/share/common-lisp/ros/mirte_msgs/srv/_package_GetIMU.lisp
Unlinking: /home/rob/mirte_ws/devel/share/common-lisp/ros/mirte_msgs/srv/GetKeypad.lisp
Unlinking: /home/rob/mirte_ws/devel/share/common-lisp/ros/mirte_msgs/srv/SetPinMode.lisp
Unlinking: /home/rob/mirte_ws/devel/share/common-lisp/ros/mirte_msgs/srv/_package_GetKeypad.lisp
Unlinking: /home/rob/mirte_ws/devel/share/common-lisp/ros/mirte_msgs/srv/_package.lisp
Unlinking: /home/rob/mirte_ws/devel/share/common-lisp/ros/mirte_msgs/srv/get_barcode.lisp
Unlinking: /home/rob/mirte_ws/devel/share/common-lisp/ros/mirte_msgs/srv/Move.lisp
Unlinking: /home/rob/mirte_ws/devel/share/common-lisp/ros/mirte_msgs/srv/get_virtual_color.lisp
Unlinking: /home/rob/mirte_ws/devel/share/common-lisp/ros/mirte_msgs/srv/GetPinValue.lisp
Unlinking: /home/rob/mirte_ws/devel/share/common-lisp/ros/mirte_msgs/srv/_package_GetIntensity.lisp
Unlinking: /home/rob/mirte_ws/devel/share/common-lisp/ros/mirte_msgs/srv/_package_GetRange.lisp
Unlinking: /home/rob/mirte_ws/devel/share/common-lisp/ros/mirte_msgs/srv/_package_SetSingleLEDValue.lisp
Unlinking: /home/rob/mirte_ws/devel/share/common-lisp/ros/mirte_msgs/srv/_package_get_virtual_color.lisp
Unlinking: /home/rob/mirte_ws/devel/share/common-lisp/ros/mirte_msgs/srv/SetOLEDImage.lisp
Unlinking: /home/rob/mirte_ws/devel/share/common-lisp/ros/mirte_msgs/srv/SetPinValue.lisp
Unlinking: /home/rob/mirte_ws/devel/share/common-lisp/ros/mirte_msgs/srv/_package_SetServoAngle.lisp
Unlinking: /home/rob/mirte_ws/devel/share/common-lisp/ros/mirte_msgs/srv/SetServoAngle.lisp
Unlinking: /home/rob/mirte_ws/devel/share/common-lisp/ros/mirte_msgs/srv/GetEncoder.lisp
Unlinking: /home/rob/mirte_ws/devel/share/common-lisp/ros/mirte_msgs/srv/_package_Turn.lisp
Unlinking: /home/rob/mirte_ws/devel/share/common-lisp/ros/mirte_msgs/srv/GetRange.lisp
Unlinking: /home/rob/mirte_ws/devel/share/common-lisp/ros/mirte_msgs/srv/Turn.lisp
Unlinking: /home/rob/mirte_ws/devel/share/common-lisp/ros/mirte_msgs/srv/GetDistance.lisp
Unlinking: /home/rob/mirte_ws/devel/share/common-lisp/ros/mirte_msgs/srv/_package_get_barcode.lisp
Unlinking: /home/rob/mirte_ws/devel/share/common-lisp/ros/mirte_msgs/srv/_package_GetDistance.lisp
Unlinking: /home/rob/mirte_ws/devel/share/common-lisp/ros/mirte_msgs/msg/Intensity.lisp
Unlinking: /home/rob/mirte_ws/devel/share/common-lisp/ros/mirte_msgs/msg/color.lisp
Unlinking: /home/rob/mirte_ws/devel/share/common-lisp/ros/mirte_msgs/msg/ServoPosition.lisp
Unlinking: /home/rob/mirte_ws/devel/share/common-lisp/ros/mirte_msgs/msg/Encoder.lisp
Unlinking: /home/rob/mirte_ws/devel/share/common-lisp/ros/mirte_msgs/msg/_package_color.lisp
Unlinking: /home/rob/mirte_ws/devel/share/common-lisp/ros/mirte_msgs/msg/_package_ServoPosition.lisp
Unlinking: /home/rob/mirte_ws/devel/share/common-lisp/ros/mirte_msgs/msg/IntensityDigital.lisp
Unlinking: /home/rob/mirte_ws/devel/share/common-lisp/ros/mirte_msgs/msg/_package_Intensity.lisp
Unlinking: /home/rob/mirte_ws/devel/share/common-lisp/ros/mirte_msgs/msg/_package.lisp
Unlinking: /home/rob/mirte_ws/devel/share/common-lisp/ros/mirte_msgs/msg/_package_Keypad.lisp
Unlinking: /home/rob/mirte_ws/devel/share/common-lisp/ros/mirte_msgs/msg/mirte_msgs-msg.asd
Unlinking: /home/rob/mirte_ws/devel/share/common-lisp/ros/mirte_msgs/msg/_package_Encoder.lisp
Unlinking: /home/rob/mirte_ws/devel/share/common-lisp/ros/mirte_msgs/msg/Keypad.lisp
Unlinking: /home/rob/mirte_ws/devel/share/common-lisp/ros/mirte_msgs/msg/_package_IntensityDigital.lisp
Unlinking: /home/rob/mirte_ws/devel/share/mirte_msgs/cmake/mirte_msgs-msg-paths.cmake
Unlinking: /home/rob/mirte_ws/devel/share/mirte_msgs/cmake/mirte_msgs-msg-extras.cmake
Unlinking: /home/rob/mirte_ws/devel/share/mirte_msgs/cmake/mirte_msgsConfig.cmake
Unlinking: /home/rob/mirte_ws/devel/share/mirte_msgs/cmake/mirte_msgsConfig-version.cmake
