Symlinking /home/rob/NGR-Goose/mirte_ws/devel/include/mirte_msgs_2/GetIMU.h
Symlinking /home/rob/NGR-Goose/mirte_ws/devel/include/mirte_msgs_2/get_barcodeResponse.h
Symlinking /home/rob/NGR-Goose/mirte_ws/devel/include/mirte_msgs_2/GetEncoderResponse.h
Symlinking /home/rob/NGR-Goose/mirte_ws/devel/include/mirte_msgs_2/GetIntensityDigitalRequest.h
Symlinking /home/rob/NGR-Goose/mirte_ws/devel/include/mirte_msgs_2/GetRange.h
Symlinking /home/rob/NGR-Goose/mirte_ws/devel/include/mirte_msgs_2/get_barcode.h
Symlinking /home/rob/NGR-Goose/mirte_ws/devel/include/mirte_msgs_2/get_barcodeRequest.h
Symlinking /home/rob/NGR-Goose/mirte_ws/devel/include/mirte_msgs_2/SetMotorSpeed.h
Symlinking /home/rob/NGR-Goose/mirte_ws/devel/include/mirte_msgs_2/SetLEDValue.h
Symlinking /home/rob/NGR-Goose/mirte_ws/devel/include/mirte_msgs_2/SetOLEDImageRequest.h
Symlinking /home/rob/NGR-Goose/mirte_ws/devel/include/mirte_msgs_2/SetMotorSpeedResponse.h
Symlinking /home/rob/NGR-Goose/mirte_ws/devel/include/mirte_msgs_2/Intensity.h
Symlinking /home/rob/NGR-Goose/mirte_ws/devel/include/mirte_msgs_2/SetSingleLEDValueResponse.h
Symlinking /home/rob/NGR-Goose/mirte_ws/devel/include/mirte_msgs_2/GetIMUResponse.h
Symlinking /home/rob/NGR-Goose/mirte_ws/devel/include/mirte_msgs_2/GetIntensityResponse.h
Symlinking /home/rob/NGR-Goose/mirte_ws/devel/include/mirte_msgs_2/SetSingleLEDValue.h
Symlinking /home/rob/NGR-Goose/mirte_ws/devel/include/mirte_msgs_2/GetKeypad.h
Symlinking /home/rob/NGR-Goose/mirte_ws/devel/include/mirte_msgs_2/GetPinValue.h
Symlinking /home/rob/NGR-Goose/mirte_ws/devel/include/mirte_msgs_2/Keypad.h
Symlinking /home/rob/NGR-Goose/mirte_ws/devel/include/mirte_msgs_2/SetSingleLEDValueRequest.h
Symlinking /home/rob/NGR-Goose/mirte_ws/devel/include/mirte_msgs_2/SetPinValueResponse.h
Symlinking /home/rob/NGR-Goose/mirte_ws/devel/include/mirte_msgs_2/GetKeypadRequest.h
Symlinking /home/rob/NGR-Goose/mirte_ws/devel/include/mirte_msgs_2/Encoder.h
Symlinking /home/rob/NGR-Goose/mirte_ws/devel/include/mirte_msgs_2/GetRangeRequest.h
Symlinking /home/rob/NGR-Goose/mirte_ws/devel/include/mirte_msgs_2/GetIMURequest.h
Symlinking /home/rob/NGR-Goose/mirte_ws/devel/include/mirte_msgs_2/IntensityDigital.h
Symlinking /home/rob/NGR-Goose/mirte_ws/devel/include/mirte_msgs_2/get_virtual_colorResponse.h
Symlinking /home/rob/NGR-Goose/mirte_ws/devel/include/mirte_msgs_2/ServoPosition.h
Symlinking /home/rob/NGR-Goose/mirte_ws/devel/include/mirte_msgs_2/SetPinMode.h
Symlinking /home/rob/NGR-Goose/mirte_ws/devel/include/mirte_msgs_2/MoveResponse.h
Symlinking /home/rob/NGR-Goose/mirte_ws/devel/include/mirte_msgs_2/GetDistance.h
Symlinking /home/rob/NGR-Goose/mirte_ws/devel/include/mirte_msgs_2/GetIntensityRequest.h
Symlinking /home/rob/NGR-Goose/mirte_ws/devel/include/mirte_msgs_2/SetOLEDImageResponse.h
Symlinking /home/rob/NGR-Goose/mirte_ws/devel/include/mirte_msgs_2/GetKeypadResponse.h
Symlinking /home/rob/NGR-Goose/mirte_ws/devel/include/mirte_msgs_2/SetPinModeResponse.h
Symlinking /home/rob/NGR-Goose/mirte_ws/devel/include/mirte_msgs_2/GetEncoder.h
Symlinking /home/rob/NGR-Goose/mirte_ws/devel/include/mirte_msgs_2/SetOLEDImage.h
Symlinking /home/rob/NGR-Goose/mirte_ws/devel/include/mirte_msgs_2/SetServoAngleRequest.h
Symlinking /home/rob/NGR-Goose/mirte_ws/devel/include/mirte_msgs_2/TurnResponse.h
Symlinking /home/rob/NGR-Goose/mirte_ws/devel/include/mirte_msgs_2/MoveRequest.h
Symlinking /home/rob/NGR-Goose/mirte_ws/devel/include/mirte_msgs_2/GetDistanceRequest.h
Symlinking /home/rob/NGR-Goose/mirte_ws/devel/include/mirte_msgs_2/GetPinValueResponse.h
Symlinking /home/rob/NGR-Goose/mirte_ws/devel/include/mirte_msgs_2/get_virtual_colorRequest.h
Symlinking /home/rob/NGR-Goose/mirte_ws/devel/include/mirte_msgs_2/Move.h
Symlinking /home/rob/NGR-Goose/mirte_ws/devel/include/mirte_msgs_2/GetEncoderRequest.h
Symlinking /home/rob/NGR-Goose/mirte_ws/devel/include/mirte_msgs_2/color.h
Symlinking /home/rob/NGR-Goose/mirte_ws/devel/include/mirte_msgs_2/SetLEDValueResponse.h
Symlinking /home/rob/NGR-Goose/mirte_ws/devel/include/mirte_msgs_2/GetIntensityDigitalResponse.h
Symlinking /home/rob/NGR-Goose/mirte_ws/devel/include/mirte_msgs_2/GetIntensity.h
Symlinking /home/rob/NGR-Goose/mirte_ws/devel/include/mirte_msgs_2/Turn.h
Symlinking /home/rob/NGR-Goose/mirte_ws/devel/include/mirte_msgs_2/GetDistanceResponse.h
Symlinking /home/rob/NGR-Goose/mirte_ws/devel/include/mirte_msgs_2/get_virtual_color.h
Symlinking /home/rob/NGR-Goose/mirte_ws/devel/include/mirte_msgs_2/SetPinModeRequest.h
Symlinking /home/rob/NGR-Goose/mirte_ws/devel/include/mirte_msgs_2/SetServoAngleResponse.h
Symlinking /home/rob/NGR-Goose/mirte_ws/devel/include/mirte_msgs_2/GetRangeResponse.h
Symlinking /home/rob/NGR-Goose/mirte_ws/devel/include/mirte_msgs_2/TurnRequest.h
Symlinking /home/rob/NGR-Goose/mirte_ws/devel/include/mirte_msgs_2/GetPinValueRequest.h
Symlinking /home/rob/NGR-Goose/mirte_ws/devel/include/mirte_msgs_2/SetPinValue.h
Symlinking /home/rob/NGR-Goose/mirte_ws/devel/include/mirte_msgs_2/SetPinValueRequest.h
Symlinking /home/rob/NGR-Goose/mirte_ws/devel/include/mirte_msgs_2/SetLEDValueRequest.h
Symlinking /home/rob/NGR-Goose/mirte_ws/devel/include/mirte_msgs_2/SetServoAngle.h
Symlinking /home/rob/NGR-Goose/mirte_ws/devel/include/mirte_msgs_2/GetIntensityDigital.h
Symlinking /home/rob/NGR-Goose/mirte_ws/devel/include/mirte_msgs_2/SetMotorSpeedRequest.h
Symlinking /home/rob/NGR-Goose/mirte_ws/devel/lib/python3/dist-packages/mirte_msgs_2/__init__.py
Symlinking /home/rob/NGR-Goose/mirte_ws/devel/lib/python3/dist-packages/mirte_msgs_2/srv/_GetIntensity.py
Symlinking /home/rob/NGR-Goose/mirte_ws/devel/lib/python3/dist-packages/mirte_msgs_2/srv/_SetPinMode.py
Symlinking /home/rob/NGR-Goose/mirte_ws/devel/lib/python3/dist-packages/mirte_msgs_2/srv/_GetIntensityDigital.py
Symlinking /home/rob/NGR-Goose/mirte_ws/devel/lib/python3/dist-packages/mirte_msgs_2/srv/_GetEncoder.py
Symlinking /home/rob/NGR-Goose/mirte_ws/devel/lib/python3/dist-packages/mirte_msgs_2/srv/_SetOLEDImage.py
Symlinking /home/rob/NGR-Goose/mirte_ws/devel/lib/python3/dist-packages/mirte_msgs_2/srv/_GetRange.py
Symlinking /home/rob/NGR-Goose/mirte_ws/devel/lib/python3/dist-packages/mirte_msgs_2/srv/_Turn.py
Symlinking /home/rob/NGR-Goose/mirte_ws/devel/lib/python3/dist-packages/mirte_msgs_2/srv/_SetServoAngle.py
Symlinking /home/rob/NGR-Goose/mirte_ws/devel/lib/python3/dist-packages/mirte_msgs_2/srv/_GetKeypad.py
Symlinking /home/rob/NGR-Goose/mirte_ws/devel/lib/python3/dist-packages/mirte_msgs_2/srv/_GetPinValue.py
Symlinking /home/rob/NGR-Goose/mirte_ws/devel/lib/python3/dist-packages/mirte_msgs_2/srv/_SetLEDValue.py
Symlinking /home/rob/NGR-Goose/mirte_ws/devel/lib/python3/dist-packages/mirte_msgs_2/srv/_GetDistance.py
Symlinking /home/rob/NGR-Goose/mirte_ws/devel/lib/python3/dist-packages/mirte_msgs_2/srv/_SetSingleLEDValue.py
Symlinking /home/rob/NGR-Goose/mirte_ws/devel/lib/python3/dist-packages/mirte_msgs_2/srv/__init__.py
Symlinking /home/rob/NGR-Goose/mirte_ws/devel/lib/python3/dist-packages/mirte_msgs_2/srv/_SetPinValue.py
Symlinking /home/rob/NGR-Goose/mirte_ws/devel/lib/python3/dist-packages/mirte_msgs_2/srv/_get_barcode.py
Symlinking /home/rob/NGR-Goose/mirte_ws/devel/lib/python3/dist-packages/mirte_msgs_2/srv/_Move.py
Symlinking /home/rob/NGR-Goose/mirte_ws/devel/lib/python3/dist-packages/mirte_msgs_2/srv/_get_virtual_color.py
Symlinking /home/rob/NGR-Goose/mirte_ws/devel/lib/python3/dist-packages/mirte_msgs_2/srv/_SetMotorSpeed.py
Symlinking /home/rob/NGR-Goose/mirte_ws/devel/lib/python3/dist-packages/mirte_msgs_2/srv/_GetIMU.py
Symlinking /home/rob/NGR-Goose/mirte_ws/devel/lib/python3/dist-packages/mirte_msgs_2/msg/_ServoPosition.py
Symlinking /home/rob/NGR-Goose/mirte_ws/devel/lib/python3/dist-packages/mirte_msgs_2/msg/_Keypad.py
Symlinking /home/rob/NGR-Goose/mirte_ws/devel/lib/python3/dist-packages/mirte_msgs_2/msg/__init__.py
Symlinking /home/rob/NGR-Goose/mirte_ws/devel/lib/python3/dist-packages/mirte_msgs_2/msg/_color.py
Symlinking /home/rob/NGR-Goose/mirte_ws/devel/lib/python3/dist-packages/mirte_msgs_2/msg/_Intensity.py
Symlinking /home/rob/NGR-Goose/mirte_ws/devel/lib/python3/dist-packages/mirte_msgs_2/msg/_Encoder.py
Symlinking /home/rob/NGR-Goose/mirte_ws/devel/lib/python3/dist-packages/mirte_msgs_2/msg/_IntensityDigital.py
Symlinking /home/rob/NGR-Goose/mirte_ws/devel/lib/pkgconfig/mirte_msgs_2.pc
Symlinking /home/rob/NGR-Goose/mirte_ws/devel/share/roseus/ros/mirte_msgs_2/manifest.l
Symlinking /home/rob/NGR-Goose/mirte_ws/devel/share/roseus/ros/mirte_msgs_2/srv/SetSingleLEDValue.l
Symlinking /home/rob/NGR-Goose/mirte_ws/devel/share/roseus/ros/mirte_msgs_2/srv/GetPinValue.l
Symlinking /home/rob/NGR-Goose/mirte_ws/devel/share/roseus/ros/mirte_msgs_2/srv/SetOLEDImage.l
Symlinking /home/rob/NGR-Goose/mirte_ws/devel/share/roseus/ros/mirte_msgs_2/srv/get_barcode.l
Symlinking /home/rob/NGR-Goose/mirte_ws/devel/share/roseus/ros/mirte_msgs_2/srv/GetIMU.l
Symlinking /home/rob/NGR-Goose/mirte_ws/devel/share/roseus/ros/mirte_msgs_2/srv/SetMotorSpeed.l
Symlinking /home/rob/NGR-Goose/mirte_ws/devel/share/roseus/ros/mirte_msgs_2/srv/GetEncoder.l
Symlinking /home/rob/NGR-Goose/mirte_ws/devel/share/roseus/ros/mirte_msgs_2/srv/GetIntensity.l
Symlinking /home/rob/NGR-Goose/mirte_ws/devel/share/roseus/ros/mirte_msgs_2/srv/SetPinValue.l
Symlinking /home/rob/NGR-Goose/mirte_ws/devel/share/roseus/ros/mirte_msgs_2/srv/GetKeypad.l
Symlinking /home/rob/NGR-Goose/mirte_ws/devel/share/roseus/ros/mirte_msgs_2/srv/Move.l
Symlinking /home/rob/NGR-Goose/mirte_ws/devel/share/roseus/ros/mirte_msgs_2/srv/GetDistance.l
Symlinking /home/rob/NGR-Goose/mirte_ws/devel/share/roseus/ros/mirte_msgs_2/srv/get_virtual_color.l
Symlinking /home/rob/NGR-Goose/mirte_ws/devel/share/roseus/ros/mirte_msgs_2/srv/Turn.l
Symlinking /home/rob/NGR-Goose/mirte_ws/devel/share/roseus/ros/mirte_msgs_2/srv/SetLEDValue.l
Symlinking /home/rob/NGR-Goose/mirte_ws/devel/share/roseus/ros/mirte_msgs_2/srv/SetServoAngle.l
Symlinking /home/rob/NGR-Goose/mirte_ws/devel/share/roseus/ros/mirte_msgs_2/srv/GetIntensityDigital.l
Symlinking /home/rob/NGR-Goose/mirte_ws/devel/share/roseus/ros/mirte_msgs_2/srv/GetRange.l
Symlinking /home/rob/NGR-Goose/mirte_ws/devel/share/roseus/ros/mirte_msgs_2/srv/SetPinMode.l
Symlinking /home/rob/NGR-Goose/mirte_ws/devel/share/roseus/ros/mirte_msgs_2/msg/Encoder.l
Symlinking /home/rob/NGR-Goose/mirte_ws/devel/share/roseus/ros/mirte_msgs_2/msg/color.l
Symlinking /home/rob/NGR-Goose/mirte_ws/devel/share/roseus/ros/mirte_msgs_2/msg/ServoPosition.l
Symlinking /home/rob/NGR-Goose/mirte_ws/devel/share/roseus/ros/mirte_msgs_2/msg/IntensityDigital.l
Symlinking /home/rob/NGR-Goose/mirte_ws/devel/share/roseus/ros/mirte_msgs_2/msg/Intensity.l
Symlinking /home/rob/NGR-Goose/mirte_ws/devel/share/roseus/ros/mirte_msgs_2/msg/Keypad.l
Symlinking /home/rob/NGR-Goose/mirte_ws/devel/share/mirte_msgs_2/cmake/mirte_msgs_2-msg-extras.cmake
Symlinking /home/rob/NGR-Goose/mirte_ws/devel/share/mirte_msgs_2/cmake/mirte_msgs_2-msg-paths.cmake
Symlinking /home/rob/NGR-Goose/mirte_ws/devel/share/mirte_msgs_2/cmake/mirte_msgs_2Config.cmake
Symlinking /home/rob/NGR-Goose/mirte_ws/devel/share/mirte_msgs_2/cmake/mirte_msgs_2Config-version.cmake
Symlinking /home/rob/NGR-Goose/mirte_ws/devel/share/gennodejs/ros/mirte_msgs_2/_index.js
Symlinking /home/rob/NGR-Goose/mirte_ws/devel/share/gennodejs/ros/mirte_msgs_2/srv/get_barcode.js
Symlinking /home/rob/NGR-Goose/mirte_ws/devel/share/gennodejs/ros/mirte_msgs_2/srv/SetOLEDImage.js
Symlinking /home/rob/NGR-Goose/mirte_ws/devel/share/gennodejs/ros/mirte_msgs_2/srv/Move.js
Symlinking /home/rob/NGR-Goose/mirte_ws/devel/share/gennodejs/ros/mirte_msgs_2/srv/GetKeypad.js
Symlinking /home/rob/NGR-Goose/mirte_ws/devel/share/gennodejs/ros/mirte_msgs_2/srv/_index.js
Symlinking /home/rob/NGR-Goose/mirte_ws/devel/share/gennodejs/ros/mirte_msgs_2/srv/GetIntensityDigital.js
Symlinking /home/rob/NGR-Goose/mirte_ws/devel/share/gennodejs/ros/mirte_msgs_2/srv/GetIntensity.js
Symlinking /home/rob/NGR-Goose/mirte_ws/devel/share/gennodejs/ros/mirte_msgs_2/srv/SetMotorSpeed.js
Symlinking /home/rob/NGR-Goose/mirte_ws/devel/share/gennodejs/ros/mirte_msgs_2/srv/get_virtual_color.js
Symlinking /home/rob/NGR-Goose/mirte_ws/devel/share/gennodejs/ros/mirte_msgs_2/srv/GetIMU.js
Symlinking /home/rob/NGR-Goose/mirte_ws/devel/share/gennodejs/ros/mirte_msgs_2/srv/GetEncoder.js
Symlinking /home/rob/NGR-Goose/mirte_ws/devel/share/gennodejs/ros/mirte_msgs_2/srv/SetServoAngle.js
Symlinking /home/rob/NGR-Goose/mirte_ws/devel/share/gennodejs/ros/mirte_msgs_2/srv/GetPinValue.js
Symlinking /home/rob/NGR-Goose/mirte_ws/devel/share/gennodejs/ros/mirte_msgs_2/srv/Turn.js
Symlinking /home/rob/NGR-Goose/mirte_ws/devel/share/gennodejs/ros/mirte_msgs_2/srv/GetDistance.js
Symlinking /home/rob/NGR-Goose/mirte_ws/devel/share/gennodejs/ros/mirte_msgs_2/srv/SetPinMode.js
Symlinking /home/rob/NGR-Goose/mirte_ws/devel/share/gennodejs/ros/mirte_msgs_2/srv/SetLEDValue.js
Symlinking /home/rob/NGR-Goose/mirte_ws/devel/share/gennodejs/ros/mirte_msgs_2/srv/SetSingleLEDValue.js
Symlinking /home/rob/NGR-Goose/mirte_ws/devel/share/gennodejs/ros/mirte_msgs_2/srv/SetPinValue.js
Symlinking /home/rob/NGR-Goose/mirte_ws/devel/share/gennodejs/ros/mirte_msgs_2/srv/GetRange.js
Symlinking /home/rob/NGR-Goose/mirte_ws/devel/share/gennodejs/ros/mirte_msgs_2/msg/_index.js
Symlinking /home/rob/NGR-Goose/mirte_ws/devel/share/gennodejs/ros/mirte_msgs_2/msg/ServoPosition.js
Symlinking /home/rob/NGR-Goose/mirte_ws/devel/share/gennodejs/ros/mirte_msgs_2/msg/IntensityDigital.js
Symlinking /home/rob/NGR-Goose/mirte_ws/devel/share/gennodejs/ros/mirte_msgs_2/msg/color.js
Symlinking /home/rob/NGR-Goose/mirte_ws/devel/share/gennodejs/ros/mirte_msgs_2/msg/Encoder.js
Symlinking /home/rob/NGR-Goose/mirte_ws/devel/share/gennodejs/ros/mirte_msgs_2/msg/Keypad.js
Symlinking /home/rob/NGR-Goose/mirte_ws/devel/share/gennodejs/ros/mirte_msgs_2/msg/Intensity.js
Symlinking /home/rob/NGR-Goose/mirte_ws/devel/share/common-lisp/ros/mirte_msgs_2/srv/_package_GetEncoder.lisp
Symlinking /home/rob/NGR-Goose/mirte_ws/devel/share/common-lisp/ros/mirte_msgs_2/srv/_package_SetPinMode.lisp
Symlinking /home/rob/NGR-Goose/mirte_ws/devel/share/common-lisp/ros/mirte_msgs_2/srv/_package_GetIntensityDigital.lisp
Symlinking /home/rob/NGR-Goose/mirte_ws/devel/share/common-lisp/ros/mirte_msgs_2/srv/_package_SetOLEDImage.lisp
Symlinking /home/rob/NGR-Goose/mirte_ws/devel/share/common-lisp/ros/mirte_msgs_2/srv/_package_Move.lisp
Symlinking /home/rob/NGR-Goose/mirte_ws/devel/share/common-lisp/ros/mirte_msgs_2/srv/GetIMU.lisp
Symlinking /home/rob/NGR-Goose/mirte_ws/devel/share/common-lisp/ros/mirte_msgs_2/srv/_package_SetMotorSpeed.lisp
Symlinking /home/rob/NGR-Goose/mirte_ws/devel/share/common-lisp/ros/mirte_msgs_2/srv/GetIntensity.lisp
Symlinking /home/rob/NGR-Goose/mirte_ws/devel/share/common-lisp/ros/mirte_msgs_2/srv/_package_GetPinValue.lisp
Symlinking /home/rob/NGR-Goose/mirte_ws/devel/share/common-lisp/ros/mirte_msgs_2/srv/SetMotorSpeed.lisp
Symlinking /home/rob/NGR-Goose/mirte_ws/devel/share/common-lisp/ros/mirte_msgs_2/srv/SetLEDValue.lisp
Symlinking /home/rob/NGR-Goose/mirte_ws/devel/share/common-lisp/ros/mirte_msgs_2/srv/SetSingleLEDValue.lisp
Symlinking /home/rob/NGR-Goose/mirte_ws/devel/share/common-lisp/ros/mirte_msgs_2/srv/GetIntensityDigital.lisp
Symlinking /home/rob/NGR-Goose/mirte_ws/devel/share/common-lisp/ros/mirte_msgs_2/srv/_package_SetPinValue.lisp
Symlinking /home/rob/NGR-Goose/mirte_ws/devel/share/common-lisp/ros/mirte_msgs_2/srv/_package_SetLEDValue.lisp
Symlinking /home/rob/NGR-Goose/mirte_ws/devel/share/common-lisp/ros/mirte_msgs_2/srv/_package_GetIMU.lisp
Symlinking /home/rob/NGR-Goose/mirte_ws/devel/share/common-lisp/ros/mirte_msgs_2/srv/GetKeypad.lisp
Symlinking /home/rob/NGR-Goose/mirte_ws/devel/share/common-lisp/ros/mirte_msgs_2/srv/SetPinMode.lisp
Symlinking /home/rob/NGR-Goose/mirte_ws/devel/share/common-lisp/ros/mirte_msgs_2/srv/_package_GetKeypad.lisp
Symlinking /home/rob/NGR-Goose/mirte_ws/devel/share/common-lisp/ros/mirte_msgs_2/srv/_package.lisp
Symlinking /home/rob/NGR-Goose/mirte_ws/devel/share/common-lisp/ros/mirte_msgs_2/srv/mirte_msgs_2-srv.asd
Symlinking /home/rob/NGR-Goose/mirte_ws/devel/share/common-lisp/ros/mirte_msgs_2/srv/get_barcode.lisp
Symlinking /home/rob/NGR-Goose/mirte_ws/devel/share/common-lisp/ros/mirte_msgs_2/srv/Move.lisp
Symlinking /home/rob/NGR-Goose/mirte_ws/devel/share/common-lisp/ros/mirte_msgs_2/srv/get_virtual_color.lisp
Symlinking /home/rob/NGR-Goose/mirte_ws/devel/share/common-lisp/ros/mirte_msgs_2/srv/GetPinValue.lisp
Symlinking /home/rob/NGR-Goose/mirte_ws/devel/share/common-lisp/ros/mirte_msgs_2/srv/_package_GetIntensity.lisp
Symlinking /home/rob/NGR-Goose/mirte_ws/devel/share/common-lisp/ros/mirte_msgs_2/srv/_package_GetRange.lisp
Symlinking /home/rob/NGR-Goose/mirte_ws/devel/share/common-lisp/ros/mirte_msgs_2/srv/_package_SetSingleLEDValue.lisp
Symlinking /home/rob/NGR-Goose/mirte_ws/devel/share/common-lisp/ros/mirte_msgs_2/srv/_package_get_virtual_color.lisp
Symlinking /home/rob/NGR-Goose/mirte_ws/devel/share/common-lisp/ros/mirte_msgs_2/srv/SetOLEDImage.lisp
Symlinking /home/rob/NGR-Goose/mirte_ws/devel/share/common-lisp/ros/mirte_msgs_2/srv/SetPinValue.lisp
Symlinking /home/rob/NGR-Goose/mirte_ws/devel/share/common-lisp/ros/mirte_msgs_2/srv/_package_SetServoAngle.lisp
Symlinking /home/rob/NGR-Goose/mirte_ws/devel/share/common-lisp/ros/mirte_msgs_2/srv/SetServoAngle.lisp
Symlinking /home/rob/NGR-Goose/mirte_ws/devel/share/common-lisp/ros/mirte_msgs_2/srv/GetEncoder.lisp
Symlinking /home/rob/NGR-Goose/mirte_ws/devel/share/common-lisp/ros/mirte_msgs_2/srv/_package_Turn.lisp
Symlinking /home/rob/NGR-Goose/mirte_ws/devel/share/common-lisp/ros/mirte_msgs_2/srv/GetRange.lisp
Symlinking /home/rob/NGR-Goose/mirte_ws/devel/share/common-lisp/ros/mirte_msgs_2/srv/Turn.lisp
Symlinking /home/rob/NGR-Goose/mirte_ws/devel/share/common-lisp/ros/mirte_msgs_2/srv/GetDistance.lisp
Symlinking /home/rob/NGR-Goose/mirte_ws/devel/share/common-lisp/ros/mirte_msgs_2/srv/_package_get_barcode.lisp
Symlinking /home/rob/NGR-Goose/mirte_ws/devel/share/common-lisp/ros/mirte_msgs_2/srv/_package_GetDistance.lisp
Symlinking /home/rob/NGR-Goose/mirte_ws/devel/share/common-lisp/ros/mirte_msgs_2/msg/Intensity.lisp
Symlinking /home/rob/NGR-Goose/mirte_ws/devel/share/common-lisp/ros/mirte_msgs_2/msg/color.lisp
Symlinking /home/rob/NGR-Goose/mirte_ws/devel/share/common-lisp/ros/mirte_msgs_2/msg/ServoPosition.lisp
Symlinking /home/rob/NGR-Goose/mirte_ws/devel/share/common-lisp/ros/mirte_msgs_2/msg/Encoder.lisp
Symlinking /home/rob/NGR-Goose/mirte_ws/devel/share/common-lisp/ros/mirte_msgs_2/msg/_package_color.lisp
Symlinking /home/rob/NGR-Goose/mirte_ws/devel/share/common-lisp/ros/mirte_msgs_2/msg/_package_ServoPosition.lisp
Symlinking /home/rob/NGR-Goose/mirte_ws/devel/share/common-lisp/ros/mirte_msgs_2/msg/IntensityDigital.lisp
Symlinking /home/rob/NGR-Goose/mirte_ws/devel/share/common-lisp/ros/mirte_msgs_2/msg/mirte_msgs_2-msg.asd
Symlinking /home/rob/NGR-Goose/mirte_ws/devel/share/common-lisp/ros/mirte_msgs_2/msg/_package_Intensity.lisp
Symlinking /home/rob/NGR-Goose/mirte_ws/devel/share/common-lisp/ros/mirte_msgs_2/msg/_package.lisp
Symlinking /home/rob/NGR-Goose/mirte_ws/devel/share/common-lisp/ros/mirte_msgs_2/msg/_package_Keypad.lisp
Symlinking /home/rob/NGR-Goose/mirte_ws/devel/share/common-lisp/ros/mirte_msgs_2/msg/_package_Encoder.lisp
Symlinking /home/rob/NGR-Goose/mirte_ws/devel/share/common-lisp/ros/mirte_msgs_2/msg/Keypad.lisp
Symlinking /home/rob/NGR-Goose/mirte_ws/devel/share/common-lisp/ros/mirte_msgs_2/msg/_package_IntensityDigital.lisp
