[35m[1mScanning dependencies of target _mirte_msgs_2_generate_messages_check_deps_GetIMU[0m
[35m[1mScanning dependencies of target std_msgs_generate_messages_py[0m
[35m[1mScanning dependencies of target _mirte_msgs_2_generate_messages_check_deps_GetRange[0m
[35m[1mScanning dependencies of target _mirte_msgs_2_generate_messages_check_deps_get_virtual_color[0m
[35m[1mScanning dependencies of target sensor_msgs_generate_messages_py[0m
[35m[1mScanning dependencies of target _mirte_msgs_2_generate_messages_check_deps_Intensity[0m
[35m[1mScanning dependencies of target _mirte_msgs_2_generate_messages_check_deps_Move[0m
[35m[1mScanning dependencies of target _mirte_msgs_2_generate_messages_check_deps_IntensityDigital[0m
[35m[1mScanning dependencies of target _mirte_msgs_2_generate_messages_check_deps_ServoPosition[0m
[35m[1mScanning dependencies of target geometry_msgs_generate_messages_py[0m
[35m[1mScanning dependencies of target _mirte_msgs_2_generate_messages_check_deps_Keypad[0m
[35m[1mScanning dependencies of target _mirte_msgs_2_generate_messages_check_deps_SetOLEDImage[0m
[35m[1mScanning dependencies of target _mirte_msgs_2_generate_messages_check_deps_GetEncoder[0m
[35m[1mScanning dependencies of target _mirte_msgs_2_generate_messages_check_deps_get_barcode[0m
[35m[1mScanning dependencies of target _mirte_msgs_2_generate_messages_check_deps_GetIntensityDigital[0m
[  0%] Built target std_msgs_generate_messages_py
[35m[1mScanning dependencies of target _mirte_msgs_2_generate_messages_check_deps_SetPinMode[0m
[  0%] Built target sensor_msgs_generate_messages_py
[35m[1mScanning dependencies of target _mirte_msgs_2_generate_messages_check_deps_color[0m
[  0%] Built target geometry_msgs_generate_messages_py
[35m[1mScanning dependencies of target _mirte_msgs_2_generate_messages_check_deps_GetIntensity[0m
[35m[1mScanning dependencies of target _mirte_msgs_2_generate_messages_check_deps_GetDistance[0m
[35m[1mScanning dependencies of target _mirte_msgs_2_generate_messages_check_deps_GetKeypad[0m
[  0%] Built target _mirte_msgs_2_generate_messages_check_deps_GetRange
[  0%] Built target _mirte_msgs_2_generate_messages_check_deps_IntensityDigital
[  0%] Built target _mirte_msgs_2_generate_messages_check_deps_ServoPosition
[  0%] Built target _mirte_msgs_2_generate_messages_check_deps_GetIMU
[  0%] Built target _mirte_msgs_2_generate_messages_check_deps_Intensity
[  0%] Built target _mirte_msgs_2_generate_messages_check_deps_get_virtual_color
[35m[1mScanning dependencies of target _mirte_msgs_2_generate_messages_check_deps_Encoder[0m
[35m[1mScanning dependencies of target _mirte_msgs_2_generate_messages_check_deps_SetPinValue[0m
[35m[1mScanning dependencies of target _mirte_msgs_2_generate_messages_check_deps_GetPinValue[0m
[  0%] Built target _mirte_msgs_2_generate_messages_check_deps_color
[  0%] Built target _mirte_msgs_2_generate_messages_check_deps_GetIntensityDigital
[35m[1mScanning dependencies of target _mirte_msgs_2_generate_messages_check_deps_SetLEDValue[0m
[  0%] Built target _mirte_msgs_2_generate_messages_check_deps_SetPinMode
[35m[1mScanning dependencies of target _mirte_msgs_2_generate_messages_check_deps_SetServoAngle[0m
[35m[1mScanning dependencies of target _mirte_msgs_2_generate_messages_check_deps_SetSingleLEDValue[0m
[  0%] Built target _mirte_msgs_2_generate_messages_check_deps_get_barcode
[35m[1mScanning dependencies of target _mirte_msgs_2_generate_messages_check_deps_SetMotorSpeed[0m
[35m[1mScanning dependencies of target _mirte_msgs_2_generate_messages_check_deps_Turn[0m
[35m[1mScanning dependencies of target std_msgs_generate_messages_lisp[0m
[35m[1mScanning dependencies of target sensor_msgs_generate_messages_lisp[0m
[  0%] Built target _mirte_msgs_2_generate_messages_check_deps_Keypad
[  0%] Built target _mirte_msgs_2_generate_messages_check_deps_GetEncoder
[  0%] Built target _mirte_msgs_2_generate_messages_check_deps_Move
[  0%] Built target _mirte_msgs_2_generate_messages_check_deps_GetIntensity
[  0%] Built target std_msgs_generate_messages_lisp
[  0%] Built target _mirte_msgs_2_generate_messages_check_deps_SetOLEDImage
[  0%] Built target sensor_msgs_generate_messages_lisp
[35m[1mScanning dependencies of target geometry_msgs_generate_messages_lisp[0m
[35m[1mScanning dependencies of target sensor_msgs_generate_messages_cpp[0m
[  0%] Built target _mirte_msgs_2_generate_messages_check_deps_GetDistance
[35m[1mScanning dependencies of target std_msgs_generate_messages_cpp[0m
[  0%] Built target _mirte_msgs_2_generate_messages_check_deps_GetKeypad
[35m[1mScanning dependencies of target std_msgs_generate_messages_nodejs[0m
[35m[1mScanning dependencies of target geometry_msgs_generate_messages_cpp[0m
[  0%] Built target geometry_msgs_generate_messages_lisp
[35m[1mScanning dependencies of target sensor_msgs_generate_messages_nodejs[0m
[35m[1mScanning dependencies of target geometry_msgs_generate_messages_nodejs[0m
[35m[1mScanning dependencies of target geometry_msgs_generate_messages_eus[0m
[  0%] Built target sensor_msgs_generate_messages_cpp
[35m[1mScanning dependencies of target sensor_msgs_generate_messages_eus[0m
[  0%] Built target geometry_msgs_generate_messages_cpp
[  0%] Built target _mirte_msgs_2_generate_messages_check_deps_SetPinValue
[  0%] Built target std_msgs_generate_messages_cpp
[  0%] Built target _mirte_msgs_2_generate_messages_check_deps_GetPinValue
[35m[1mScanning dependencies of target std_msgs_generate_messages_eus[0m
[  0%] Built target sensor_msgs_generate_messages_nodejs
[  0%] Built target std_msgs_generate_messages_nodejs
[  0%] Built target geometry_msgs_generate_messages_nodejs
[  0%] Built target geometry_msgs_generate_messages_eus
[  0%] Built target _mirte_msgs_2_generate_messages_check_deps_SetServoAngle
[  0%] Built target _mirte_msgs_2_generate_messages_check_deps_Encoder
[  0%] Built target _mirte_msgs_2_generate_messages_check_deps_SetSingleLEDValue
[  0%] Built target _mirte_msgs_2_generate_messages_check_deps_SetLEDValue
[  0%] Built target sensor_msgs_generate_messages_eus
[  0%] Built target _mirte_msgs_2_generate_messages_check_deps_SetMotorSpeed
[  0%] Built target std_msgs_generate_messages_eus
[  0%] Built target _mirte_msgs_2_generate_messages_check_deps_Turn
[35m[1mScanning dependencies of target mirte_msgs_2_generate_messages_py[0m
[35m[1mScanning dependencies of target mirte_msgs_2_generate_messages_lisp[0m
[35m[1mScanning dependencies of target mirte_msgs_2_generate_messages_cpp[0m
[35m[1mScanning dependencies of target mirte_msgs_2_generate_messages_eus[0m
[35m[1mScanning dependencies of target mirte_msgs_2_generate_messages_nodejs[0m
[  3%] [34m[1mGenerating Lisp code from mirte_msgs_2/Encoder.msg[0m
[  3%] [34m[1mGenerating C++ code from mirte_msgs_2/Encoder.msg[0m
[  3%] [34m[1mGenerating EusLisp code from mirte_msgs_2/Encoder.msg[0m
[  3%] [34m[1mGenerating Lisp code from mirte_msgs_2/color.msg[0m
[  6%] [34m[1mGenerating EusLisp code from mirte_msgs_2/color.msg[0m
[  6%] [34m[1mGenerating Python from MSG mirte_msgs_2/IntensityDigital[0m
[  9%] [34m[1mGenerating Python from MSG mirte_msgs_2/Intensity[0m
[  9%] [34m[1mGenerating Lisp code from mirte_msgs_2/Keypad.msg[0m
[  3%] [34m[1mGenerating C++ code from mirte_msgs_2/IntensityDigital.msg[0m
[ 11%] [34m[1mGenerating Lisp code from mirte_msgs_2/Intensity.msg[0m
[ 11%] [34m[1mGenerating Lisp code from mirte_msgs_2/IntensityDigital.msg[0m
[ 11%] [34m[1mGenerating EusLisp code from mirte_msgs_2/Intensity.msg[0m
[ 11%] [34m[1mGenerating Javascript code from mirte_msgs_2/Encoder.msg[0m
[ 13%] [34m[1mGenerating C++ code from mirte_msgs_2/color.msg[0m
[ 13%] [34m[1mGenerating C++ code from mirte_msgs_2/Intensity.msg[0m
[ 13%] [34m[1mGenerating Python from MSG mirte_msgs_2/color[0m
[ 14%] [34m[1mGenerating EusLisp code from mirte_msgs_2/IntensityDigital.msg[0m
[ 14%] [34m[1mGenerating Python from MSG mirte_msgs_2/Encoder[0m
[ 14%] [34m[1mGenerating Python from MSG mirte_msgs_2/Keypad[0m
[ 15%] [34m[1mGenerating Lisp code from mirte_msgs_2/ServoPosition.msg[0m
[ 15%] [34m[1mGenerating Javascript code from mirte_msgs_2/color.msg[0m
[ 15%] [34m[1mGenerating Javascript code from mirte_msgs_2/Intensity.msg[0m
[ 16%] [34m[1mGenerating Javascript code from mirte_msgs_2/IntensityDigital.msg[0m
[ 17%] [34m[1mGenerating Lisp code from mirte_msgs_2/GetDistance.srv[0m
[ 18%] [34m[1mGenerating Javascript code from mirte_msgs_2/Keypad.msg[0m
[ 18%] [34m[1mGenerating EusLisp code from mirte_msgs_2/Keypad.msg[0m
[ 20%] [34m[1mGenerating Python from MSG mirte_msgs_2/ServoPosition[0m
[ 21%] [34m[1mGenerating Python code from SRV mirte_msgs_2/GetDistance[0m
[ 22%] [34m[1mGenerating Python code from SRV mirte_msgs_2/GetIntensity[0m
[ 22%] [34m[1mGenerating Python code from SRV mirte_msgs_2/GetIntensityDigital[0m
[ 23%] [34m[1mGenerating Python code from SRV mirte_msgs_2/GetEncoder[0m
[ 24%] [34m[1mGenerating Lisp code from mirte_msgs_2/GetIntensity.srv[0m
[ 25%] [34m[1mGenerating Javascript code from mirte_msgs_2/ServoPosition.msg[0m
[ 26%] [34m[1mGenerating Python code from SRV mirte_msgs_2/GetKeypad[0m
[ 27%] [34m[1mGenerating C++ code from mirte_msgs_2/Keypad.msg[0m
[ 28%] [34m[1mGenerating Lisp code from mirte_msgs_2/GetIntensityDigital.srv[0m
[ 29%] [34m[1mGenerating C++ code from mirte_msgs_2/ServoPosition.msg[0m
[ 29%] [34m[1mGenerating Javascript code from mirte_msgs_2/GetDistance.srv[0m
[ 30%] [34m[1mGenerating Javascript code from mirte_msgs_2/GetIntensity.srv[0m
[ 30%] [34m[1mGenerating Python code from SRV mirte_msgs_2/SetPinMode[0m
[ 31%] [34m[1mGenerating Javascript code from mirte_msgs_2/GetIntensityDigital.srv[0m
[ 31%] [34m[1mGenerating Lisp code from mirte_msgs_2/GetEncoder.srv[0m
[ 32%] [34m[1mGenerating EusLisp code from mirte_msgs_2/ServoPosition.msg[0m
[ 33%] [34m[1mGenerating EusLisp code from mirte_msgs_2/GetDistance.srv[0m
[ 34%] [34m[1mGenerating EusLisp code from mirte_msgs_2/GetIntensity.srv[0m
[ 35%] [34m[1mGenerating Python code from SRV mirte_msgs_2/GetPinValue[0m
[ 36%] [34m[1mGenerating Javascript code from mirte_msgs_2/GetEncoder.srv[0m
[ 37%] [34m[1mGenerating Lisp code from mirte_msgs_2/GetKeypad.srv[0m
[ 37%] [34m[1mGenerating Javascript code from mirte_msgs_2/GetKeypad.srv[0m
[ 38%] [34m[1mGenerating Lisp code from mirte_msgs_2/SetPinMode.srv[0m
[ 40%] [34m[1mGenerating C++ code from mirte_msgs_2/GetDistance.srv[0m
[ 40%] [34m[1mGenerating C++ code from mirte_msgs_2/GetIntensity.srv[0m
[ 41%] [34m[1mGenerating C++ code from mirte_msgs_2/GetIntensityDigital.srv[0m
[ 42%] [34m[1mGenerating C++ code from mirte_msgs_2/GetEncoder.srv[0m
[ 42%] [34m[1mGenerating Lisp code from mirte_msgs_2/GetPinValue.srv[0m
[ 42%] [34m[1mGenerating EusLisp code from mirte_msgs_2/GetIntensityDigital.srv[0m
[ 43%] [34m[1mGenerating Javascript code from mirte_msgs_2/SetPinMode.srv[0m
[ 43%] [34m[1mGenerating C++ code from mirte_msgs_2/GetKeypad.srv[0m
[ 46%] [34m[1mGenerating Python code from SRV mirte_msgs_2/SetPinValue[0m
[ 46%] [34m[1mGenerating Lisp code from mirte_msgs_2/SetPinValue.srv[0m
[ 46%] [34m[1mGenerating Javascript code from mirte_msgs_2/GetPinValue.srv[0m
[ 47%] [34m[1mGenerating C++ code from mirte_msgs_2/GetPinValue.srv[0m
[ 49%] [34m[1mGenerating C++ code from mirte_msgs_2/SetPinMode.srv[0m
[ 49%] [34m[1mGenerating EusLisp code from mirte_msgs_2/GetKeypad.srv[0m
[ 50%] [34m[1mGenerating Python code from SRV mirte_msgs_2/SetLEDValue[0m
[ 51%] [34m[1mGenerating Javascript code from mirte_msgs_2/SetPinValue.srv[0m
[ 51%] [34m[1mGenerating Python code from SRV mirte_msgs_2/SetSingleLEDValue[0m
[ 52%] [34m[1mGenerating Lisp code from mirte_msgs_2/SetLEDValue.srv[0m
[ 53%] [34m[1mGenerating EusLisp code from mirte_msgs_2/GetEncoder.srv[0m
[ 54%] [34m[1mGenerating EusLisp code from mirte_msgs_2/SetPinMode.srv[0m
[ 55%] [34m[1mGenerating Python code from SRV mirte_msgs_2/SetOLEDImage[0m
[ 56%] [34m[1mGenerating Lisp code from mirte_msgs_2/SetSingleLEDValue.srv[0m
[ 57%] [34m[1mGenerating Python code from SRV mirte_msgs_2/SetServoAngle[0m
[ 57%] [34m[1mGenerating EusLisp code from mirte_msgs_2/GetPinValue.srv[0m
[ 58%] [34m[1mGenerating EusLisp code from mirte_msgs_2/SetLEDValue.srv[0m
[ 60%] [34m[1mGenerating Python code from SRV mirte_msgs_2/get_virtual_color[0m
[ 61%] [34m[1mGenerating C++ code from mirte_msgs_2/SetPinValue.srv[0m
[ 62%] [34m[1mGenerating EusLisp code from mirte_msgs_2/SetPinValue.srv[0m
[ 63%] [34m[1mGenerating EusLisp code from mirte_msgs_2/SetSingleLEDValue.srv[0m
[ 63%] [34m[1mGenerating EusLisp code from mirte_msgs_2/SetOLEDImage.srv[0m
[ 63%] [34m[1mGenerating C++ code from mirte_msgs_2/SetLEDValue.srv[0m
[ 64%] [34m[1mGenerating C++ code from mirte_msgs_2/SetSingleLEDValue.srv[0m
[ 65%] [34m[1mGenerating C++ code from mirte_msgs_2/SetOLEDImage.srv[0m
[ 66%] [34m[1mGenerating EusLisp code from mirte_msgs_2/SetServoAngle.srv[0m
[ 66%] [34m[1mGenerating Lisp code from mirte_msgs_2/SetOLEDImage.srv[0m
[ 66%] [34m[1mGenerating Javascript code from mirte_msgs_2/SetLEDValue.srv[0m
[ 66%] [34m[1mGenerating Python code from SRV mirte_msgs_2/get_barcode[0m
[ 67%] [34m[1mGenerating EusLisp code from mirte_msgs_2/get_virtual_color.srv[0m
[ 68%] [34m[1mGenerating C++ code from mirte_msgs_2/SetServoAngle.srv[0m
[ 69%] [34m[1mGenerating Python code from SRV mirte_msgs_2/SetMotorSpeed[0m
[ 70%] [34m[1mGenerating Lisp code from mirte_msgs_2/SetServoAngle.srv[0m
[ 71%] [34m[1mGenerating Python code from SRV mirte_msgs_2/Move[0m
[ 72%] [34m[1mGenerating Javascript code from mirte_msgs_2/SetSingleLEDValue.srv[0m
[ 73%] [34m[1mGenerating Python code from SRV mirte_msgs_2/Turn[0m
[ 73%] [34m[1mGenerating EusLisp code from mirte_msgs_2/get_barcode.srv[0m
[ 74%] [34m[1mGenerating Lisp code from mirte_msgs_2/get_virtual_color.srv[0m
[ 74%] [34m[1mGenerating Python code from SRV mirte_msgs_2/GetIMU[0m
[ 75%] [34m[1mGenerating Python code from SRV mirte_msgs_2/GetRange[0m
[ 76%] [34m[1mGenerating Javascript code from mirte_msgs_2/SetOLEDImage.srv[0m
[ 77%] [34m[1mGenerating Javascript code from mirte_msgs_2/SetServoAngle.srv[0m
[ 77%] [34m[1mGenerating Lisp code from mirte_msgs_2/SetMotorSpeed.srv[0m
[ 77%] [34m[1mGenerating Javascript code from mirte_msgs_2/get_virtual_color.srv[0m
[ 78%] [34m[1mGenerating EusLisp code from mirte_msgs_2/SetMotorSpeed.srv[0m
[ 80%] [34m[1mGenerating EusLisp code from mirte_msgs_2/Move.srv[0m
[ 81%] [34m[1mGenerating Javascript code from mirte_msgs_2/get_barcode.srv[0m
[ 82%] [34m[1mGenerating EusLisp code from mirte_msgs_2/Turn.srv[0m
[ 83%] [34m[1mGenerating Javascript code from mirte_msgs_2/SetMotorSpeed.srv[0m
[ 84%] [34m[1mGenerating Javascript code from mirte_msgs_2/Turn.srv[0m
[ 85%] [34m[1mGenerating Javascript code from mirte_msgs_2/GetIMU.srv[0m
[ 87%] [34m[1mGenerating Lisp code from mirte_msgs_2/get_barcode.srv[0m
[ 87%] [34m[1mGenerating Javascript code from mirte_msgs_2/GetRange.srv[0m
[ 87%] [34m[1mGenerating Javascript code from mirte_msgs_2/Move.srv[0m
[ 87%] [34m[1mGenerating EusLisp code from mirte_msgs_2/GetIMU.srv[0m
[ 88%] [34m[1mGenerating EusLisp code from mirte_msgs_2/GetRange.srv[0m
[ 88%] [34m[1mGenerating C++ code from mirte_msgs_2/get_virtual_color.srv[0m
[ 89%] [34m[1mGenerating C++ code from mirte_msgs_2/get_barcode.srv[0m
[ 90%] [34m[1mGenerating C++ code from mirte_msgs_2/SetMotorSpeed.srv[0m
[ 91%] [34m[1mGenerating C++ code from mirte_msgs_2/Move.srv[0m
[ 92%] [34m[1mGenerating Lisp code from mirte_msgs_2/Move.srv[0m
[ 92%] [34m[1mGenerating C++ code from mirte_msgs_2/Turn.srv[0m
[ 93%] [34m[1mGenerating C++ code from mirte_msgs_2/GetIMU.srv[0m
[ 94%] [34m[1mGenerating EusLisp manifest code for mirte_msgs_2[0m
[ 95%] [34m[1mGenerating Lisp code from mirte_msgs_2/Turn.srv[0m
[ 96%] [34m[1mGenerating C++ code from mirte_msgs_2/GetRange.srv[0m
[ 97%] [34m[1mGenerating Lisp code from mirte_msgs_2/GetIMU.srv[0m
[ 97%] Built target mirte_msgs_2_generate_messages_nodejs
[ 97%] [34m[1mGenerating Lisp code from mirte_msgs_2/GetRange.srv[0m
[ 98%] [34m[1mGenerating Python srv __init__.py for mirte_msgs_2[0m
[100%] [34m[1mGenerating Python msg __init__.py for mirte_msgs_2[0m
[100%] Built target mirte_msgs_2_generate_messages_lisp
[100%] Built target mirte_msgs_2_generate_messages_cpp
[100%] Built target mirte_msgs_2_generate_messages_py
[100%] Built target mirte_msgs_2_generate_messages_eus
[35m[1mScanning dependencies of target mirte_msgs_2_generate_messages[0m
[100%] Built target mirte_msgs_2_generate_messages
