Linked: (/home/rob/NGR-Goose/mirte_ws/devel/.private/mirte_msgs_2/include/mirte_msgs_2/GetIMU.h, /home/rob/NGR-Goose/mirte_ws/devel/include/mirte_msgs_2/GetIMU.h)
Linked: (/home/rob/NGR-Goose/mirte_ws/devel/.private/mirte_msgs_2/include/mirte_msgs_2/get_barcodeResponse.h, /home/rob/NGR-Goose/mirte_ws/devel/include/mirte_msgs_2/get_barcodeResponse.h)
Linked: (/home/rob/NGR-Goose/mirte_ws/devel/.private/mirte_msgs_2/include/mirte_msgs_2/GetEncoderResponse.h, /home/rob/NGR-Goose/mirte_ws/devel/include/mirte_msgs_2/GetEncoderResponse.h)
Linked: (/home/rob/NGR-Goose/mirte_ws/devel/.private/mirte_msgs_2/include/mirte_msgs_2/GetIntensityDigitalRequest.h, /home/rob/NGR-Goose/mirte_ws/devel/include/mirte_msgs_2/GetIntensityDigitalRequest.h)
Linked: (/home/rob/NGR-Goose/mirte_ws/devel/.private/mirte_msgs_2/include/mirte_msgs_2/GetRange.h, /home/rob/NGR-Goose/mirte_ws/devel/include/mirte_msgs_2/GetRange.h)
Linked: (/home/rob/NGR-Goose/mirte_ws/devel/.private/mirte_msgs_2/include/mirte_msgs_2/get_barcode.h, /home/rob/NGR-Goose/mirte_ws/devel/include/mirte_msgs_2/get_barcode.h)
Linked: (/home/rob/NGR-Goose/mirte_ws/devel/.private/mirte_msgs_2/include/mirte_msgs_2/get_barcodeRequest.h, /home/rob/NGR-Goose/mirte_ws/devel/include/mirte_msgs_2/get_barcodeRequest.h)
Linked: (/home/rob/NGR-Goose/mirte_ws/devel/.private/mirte_msgs_2/include/mirte_msgs_2/SetMotorSpeed.h, /home/rob/NGR-Goose/mirte_ws/devel/include/mirte_msgs_2/SetMotorSpeed.h)
Linked: (/home/rob/NGR-Goose/mirte_ws/devel/.private/mirte_msgs_2/include/mirte_msgs_2/SetLEDValue.h, /home/rob/NGR-Goose/mirte_ws/devel/include/mirte_msgs_2/SetLEDValue.h)
Linked: (/home/rob/NGR-Goose/mirte_ws/devel/.private/mirte_msgs_2/include/mirte_msgs_2/SetOLEDImageRequest.h, /home/rob/NGR-Goose/mirte_ws/devel/include/mirte_msgs_2/SetOLEDImageRequest.h)
Linked: (/home/rob/NGR-Goose/mirte_ws/devel/.private/mirte_msgs_2/include/mirte_msgs_2/SetMotorSpeedResponse.h, /home/rob/NGR-Goose/mirte_ws/devel/include/mirte_msgs_2/SetMotorSpeedResponse.h)
Linked: (/home/rob/NGR-Goose/mirte_ws/devel/.private/mirte_msgs_2/include/mirte_msgs_2/Intensity.h, /home/rob/NGR-Goose/mirte_ws/devel/include/mirte_msgs_2/Intensity.h)
Linked: (/home/rob/NGR-Goose/mirte_ws/devel/.private/mirte_msgs_2/include/mirte_msgs_2/SetSingleLEDValueResponse.h, /home/rob/NGR-Goose/mirte_ws/devel/include/mirte_msgs_2/SetSingleLEDValueResponse.h)
Linked: (/home/rob/NGR-Goose/mirte_ws/devel/.private/mirte_msgs_2/include/mirte_msgs_2/GetIMUResponse.h, /home/rob/NGR-Goose/mirte_ws/devel/include/mirte_msgs_2/GetIMUResponse.h)
Linked: (/home/rob/NGR-Goose/mirte_ws/devel/.private/mirte_msgs_2/include/mirte_msgs_2/GetIntensityResponse.h, /home/rob/NGR-Goose/mirte_ws/devel/include/mirte_msgs_2/GetIntensityResponse.h)
Linked: (/home/rob/NGR-Goose/mirte_ws/devel/.private/mirte_msgs_2/include/mirte_msgs_2/SetSingleLEDValue.h, /home/rob/NGR-Goose/mirte_ws/devel/include/mirte_msgs_2/SetSingleLEDValue.h)
Linked: (/home/rob/NGR-Goose/mirte_ws/devel/.private/mirte_msgs_2/include/mirte_msgs_2/GetKeypad.h, /home/rob/NGR-Goose/mirte_ws/devel/include/mirte_msgs_2/GetKeypad.h)
Linked: (/home/rob/NGR-Goose/mirte_ws/devel/.private/mirte_msgs_2/include/mirte_msgs_2/GetPinValue.h, /home/rob/NGR-Goose/mirte_ws/devel/include/mirte_msgs_2/GetPinValue.h)
Linked: (/home/rob/NGR-Goose/mirte_ws/devel/.private/mirte_msgs_2/include/mirte_msgs_2/Keypad.h, /home/rob/NGR-Goose/mirte_ws/devel/include/mirte_msgs_2/Keypad.h)
Linked: (/home/rob/NGR-Goose/mirte_ws/devel/.private/mirte_msgs_2/include/mirte_msgs_2/SetSingleLEDValueRequest.h, /home/rob/NGR-Goose/mirte_ws/devel/include/mirte_msgs_2/SetSingleLEDValueRequest.h)
Linked: (/home/rob/NGR-Goose/mirte_ws/devel/.private/mirte_msgs_2/include/mirte_msgs_2/SetPinValueResponse.h, /home/rob/NGR-Goose/mirte_ws/devel/include/mirte_msgs_2/SetPinValueResponse.h)
Linked: (/home/rob/NGR-Goose/mirte_ws/devel/.private/mirte_msgs_2/include/mirte_msgs_2/GetKeypadRequest.h, /home/rob/NGR-Goose/mirte_ws/devel/include/mirte_msgs_2/GetKeypadRequest.h)
Linked: (/home/rob/NGR-Goose/mirte_ws/devel/.private/mirte_msgs_2/include/mirte_msgs_2/Encoder.h, /home/rob/NGR-Goose/mirte_ws/devel/include/mirte_msgs_2/Encoder.h)
Linked: (/home/rob/NGR-Goose/mirte_ws/devel/.private/mirte_msgs_2/include/mirte_msgs_2/GetRangeRequest.h, /home/rob/NGR-Goose/mirte_ws/devel/include/mirte_msgs_2/GetRangeRequest.h)
Linked: (/home/rob/NGR-Goose/mirte_ws/devel/.private/mirte_msgs_2/include/mirte_msgs_2/GetIMURequest.h, /home/rob/NGR-Goose/mirte_ws/devel/include/mirte_msgs_2/GetIMURequest.h)
Linked: (/home/rob/NGR-Goose/mirte_ws/devel/.private/mirte_msgs_2/include/mirte_msgs_2/IntensityDigital.h, /home/rob/NGR-Goose/mirte_ws/devel/include/mirte_msgs_2/IntensityDigital.h)
Linked: (/home/rob/NGR-Goose/mirte_ws/devel/.private/mirte_msgs_2/include/mirte_msgs_2/get_virtual_colorResponse.h, /home/rob/NGR-Goose/mirte_ws/devel/include/mirte_msgs_2/get_virtual_colorResponse.h)
Linked: (/home/rob/NGR-Goose/mirte_ws/devel/.private/mirte_msgs_2/include/mirte_msgs_2/ServoPosition.h, /home/rob/NGR-Goose/mirte_ws/devel/include/mirte_msgs_2/ServoPosition.h)
Linked: (/home/rob/NGR-Goose/mirte_ws/devel/.private/mirte_msgs_2/include/mirte_msgs_2/SetPinMode.h, /home/rob/NGR-Goose/mirte_ws/devel/include/mirte_msgs_2/SetPinMode.h)
Linked: (/home/rob/NGR-Goose/mirte_ws/devel/.private/mirte_msgs_2/include/mirte_msgs_2/MoveResponse.h, /home/rob/NGR-Goose/mirte_ws/devel/include/mirte_msgs_2/MoveResponse.h)
Linked: (/home/rob/NGR-Goose/mirte_ws/devel/.private/mirte_msgs_2/include/mirte_msgs_2/GetDistance.h, /home/rob/NGR-Goose/mirte_ws/devel/include/mirte_msgs_2/GetDistance.h)
Linked: (/home/rob/NGR-Goose/mirte_ws/devel/.private/mirte_msgs_2/include/mirte_msgs_2/GetIntensityRequest.h, /home/rob/NGR-Goose/mirte_ws/devel/include/mirte_msgs_2/GetIntensityRequest.h)
Linked: (/home/rob/NGR-Goose/mirte_ws/devel/.private/mirte_msgs_2/include/mirte_msgs_2/SetOLEDImageResponse.h, /home/rob/NGR-Goose/mirte_ws/devel/include/mirte_msgs_2/SetOLEDImageResponse.h)
Linked: (/home/rob/NGR-Goose/mirte_ws/devel/.private/mirte_msgs_2/include/mirte_msgs_2/GetKeypadResponse.h, /home/rob/NGR-Goose/mirte_ws/devel/include/mirte_msgs_2/GetKeypadResponse.h)
Linked: (/home/rob/NGR-Goose/mirte_ws/devel/.private/mirte_msgs_2/include/mirte_msgs_2/SetPinModeResponse.h, /home/rob/NGR-Goose/mirte_ws/devel/include/mirte_msgs_2/SetPinModeResponse.h)
Linked: (/home/rob/NGR-Goose/mirte_ws/devel/.private/mirte_msgs_2/include/mirte_msgs_2/GetEncoder.h, /home/rob/NGR-Goose/mirte_ws/devel/include/mirte_msgs_2/GetEncoder.h)
Linked: (/home/rob/NGR-Goose/mirte_ws/devel/.private/mirte_msgs_2/include/mirte_msgs_2/SetOLEDImage.h, /home/rob/NGR-Goose/mirte_ws/devel/include/mirte_msgs_2/SetOLEDImage.h)
Linked: (/home/rob/NGR-Goose/mirte_ws/devel/.private/mirte_msgs_2/include/mirte_msgs_2/SetServoAngleRequest.h, /home/rob/NGR-Goose/mirte_ws/devel/include/mirte_msgs_2/SetServoAngleRequest.h)
Linked: (/home/rob/NGR-Goose/mirte_ws/devel/.private/mirte_msgs_2/include/mirte_msgs_2/TurnResponse.h, /home/rob/NGR-Goose/mirte_ws/devel/include/mirte_msgs_2/TurnResponse.h)
Linked: (/home/rob/NGR-Goose/mirte_ws/devel/.private/mirte_msgs_2/include/mirte_msgs_2/MoveRequest.h, /home/rob/NGR-Goose/mirte_ws/devel/include/mirte_msgs_2/MoveRequest.h)
Linked: (/home/rob/NGR-Goose/mirte_ws/devel/.private/mirte_msgs_2/include/mirte_msgs_2/GetDistanceRequest.h, /home/rob/NGR-Goose/mirte_ws/devel/include/mirte_msgs_2/GetDistanceRequest.h)
Linked: (/home/rob/NGR-Goose/mirte_ws/devel/.private/mirte_msgs_2/include/mirte_msgs_2/GetPinValueResponse.h, /home/rob/NGR-Goose/mirte_ws/devel/include/mirte_msgs_2/GetPinValueResponse.h)
Linked: (/home/rob/NGR-Goose/mirte_ws/devel/.private/mirte_msgs_2/include/mirte_msgs_2/get_virtual_colorRequest.h, /home/rob/NGR-Goose/mirte_ws/devel/include/mirte_msgs_2/get_virtual_colorRequest.h)
Linked: (/home/rob/NGR-Goose/mirte_ws/devel/.private/mirte_msgs_2/include/mirte_msgs_2/Move.h, /home/rob/NGR-Goose/mirte_ws/devel/include/mirte_msgs_2/Move.h)
Linked: (/home/rob/NGR-Goose/mirte_ws/devel/.private/mirte_msgs_2/include/mirte_msgs_2/GetEncoderRequest.h, /home/rob/NGR-Goose/mirte_ws/devel/include/mirte_msgs_2/GetEncoderRequest.h)
Linked: (/home/rob/NGR-Goose/mirte_ws/devel/.private/mirte_msgs_2/include/mirte_msgs_2/color.h, /home/rob/NGR-Goose/mirte_ws/devel/include/mirte_msgs_2/color.h)
Linked: (/home/rob/NGR-Goose/mirte_ws/devel/.private/mirte_msgs_2/include/mirte_msgs_2/SetLEDValueResponse.h, /home/rob/NGR-Goose/mirte_ws/devel/include/mirte_msgs_2/SetLEDValueResponse.h)
Linked: (/home/rob/NGR-Goose/mirte_ws/devel/.private/mirte_msgs_2/include/mirte_msgs_2/GetIntensityDigitalResponse.h, /home/rob/NGR-Goose/mirte_ws/devel/include/mirte_msgs_2/GetIntensityDigitalResponse.h)
Linked: (/home/rob/NGR-Goose/mirte_ws/devel/.private/mirte_msgs_2/include/mirte_msgs_2/GetIntensity.h, /home/rob/NGR-Goose/mirte_ws/devel/include/mirte_msgs_2/GetIntensity.h)
Linked: (/home/rob/NGR-Goose/mirte_ws/devel/.private/mirte_msgs_2/include/mirte_msgs_2/Turn.h, /home/rob/NGR-Goose/mirte_ws/devel/include/mirte_msgs_2/Turn.h)
Linked: (/home/rob/NGR-Goose/mirte_ws/devel/.private/mirte_msgs_2/include/mirte_msgs_2/GetDistanceResponse.h, /home/rob/NGR-Goose/mirte_ws/devel/include/mirte_msgs_2/GetDistanceResponse.h)
Linked: (/home/rob/NGR-Goose/mirte_ws/devel/.private/mirte_msgs_2/include/mirte_msgs_2/get_virtual_color.h, /home/rob/NGR-Goose/mirte_ws/devel/include/mirte_msgs_2/get_virtual_color.h)
Linked: (/home/rob/NGR-Goose/mirte_ws/devel/.private/mirte_msgs_2/include/mirte_msgs_2/SetPinModeRequest.h, /home/rob/NGR-Goose/mirte_ws/devel/include/mirte_msgs_2/SetPinModeRequest.h)
Linked: (/home/rob/NGR-Goose/mirte_ws/devel/.private/mirte_msgs_2/include/mirte_msgs_2/SetServoAngleResponse.h, /home/rob/NGR-Goose/mirte_ws/devel/include/mirte_msgs_2/SetServoAngleResponse.h)
Linked: (/home/rob/NGR-Goose/mirte_ws/devel/.private/mirte_msgs_2/include/mirte_msgs_2/GetRangeResponse.h, /home/rob/NGR-Goose/mirte_ws/devel/include/mirte_msgs_2/GetRangeResponse.h)
Linked: (/home/rob/NGR-Goose/mirte_ws/devel/.private/mirte_msgs_2/include/mirte_msgs_2/TurnRequest.h, /home/rob/NGR-Goose/mirte_ws/devel/include/mirte_msgs_2/TurnRequest.h)
Linked: (/home/rob/NGR-Goose/mirte_ws/devel/.private/mirte_msgs_2/include/mirte_msgs_2/GetPinValueRequest.h, /home/rob/NGR-Goose/mirte_ws/devel/include/mirte_msgs_2/GetPinValueRequest.h)
Linked: (/home/rob/NGR-Goose/mirte_ws/devel/.private/mirte_msgs_2/include/mirte_msgs_2/SetPinValue.h, /home/rob/NGR-Goose/mirte_ws/devel/include/mirte_msgs_2/SetPinValue.h)
Linked: (/home/rob/NGR-Goose/mirte_ws/devel/.private/mirte_msgs_2/include/mirte_msgs_2/SetPinValueRequest.h, /home/rob/NGR-Goose/mirte_ws/devel/include/mirte_msgs_2/SetPinValueRequest.h)
Linked: (/home/rob/NGR-Goose/mirte_ws/devel/.private/mirte_msgs_2/include/mirte_msgs_2/SetLEDValueRequest.h, /home/rob/NGR-Goose/mirte_ws/devel/include/mirte_msgs_2/SetLEDValueRequest.h)
Linked: (/home/rob/NGR-Goose/mirte_ws/devel/.private/mirte_msgs_2/include/mirte_msgs_2/SetServoAngle.h, /home/rob/NGR-Goose/mirte_ws/devel/include/mirte_msgs_2/SetServoAngle.h)
Linked: (/home/rob/NGR-Goose/mirte_ws/devel/.private/mirte_msgs_2/include/mirte_msgs_2/GetIntensityDigital.h, /home/rob/NGR-Goose/mirte_ws/devel/include/mirte_msgs_2/GetIntensityDigital.h)
Linked: (/home/rob/NGR-Goose/mirte_ws/devel/.private/mirte_msgs_2/include/mirte_msgs_2/SetMotorSpeedRequest.h, /home/rob/NGR-Goose/mirte_ws/devel/include/mirte_msgs_2/SetMotorSpeedRequest.h)
Linked: (/home/rob/NGR-Goose/mirte_ws/devel/.private/mirte_msgs_2/lib/python3/dist-packages/mirte_msgs_2/__init__.py, /home/rob/NGR-Goose/mirte_ws/devel/lib/python3/dist-packages/mirte_msgs_2/__init__.py)
Linked: (/home/rob/NGR-Goose/mirte_ws/devel/.private/mirte_msgs_2/lib/python3/dist-packages/mirte_msgs_2/srv/_GetIntensity.py, /home/rob/NGR-Goose/mirte_ws/devel/lib/python3/dist-packages/mirte_msgs_2/srv/_GetIntensity.py)
Linked: (/home/rob/NGR-Goose/mirte_ws/devel/.private/mirte_msgs_2/lib/python3/dist-packages/mirte_msgs_2/srv/_SetPinMode.py, /home/rob/NGR-Goose/mirte_ws/devel/lib/python3/dist-packages/mirte_msgs_2/srv/_SetPinMode.py)
Linked: (/home/rob/NGR-Goose/mirte_ws/devel/.private/mirte_msgs_2/lib/python3/dist-packages/mirte_msgs_2/srv/_GetIntensityDigital.py, /home/rob/NGR-Goose/mirte_ws/devel/lib/python3/dist-packages/mirte_msgs_2/srv/_GetIntensityDigital.py)
Linked: (/home/rob/NGR-Goose/mirte_ws/devel/.private/mirte_msgs_2/lib/python3/dist-packages/mirte_msgs_2/srv/_GetEncoder.py, /home/rob/NGR-Goose/mirte_ws/devel/lib/python3/dist-packages/mirte_msgs_2/srv/_GetEncoder.py)
Linked: (/home/rob/NGR-Goose/mirte_ws/devel/.private/mirte_msgs_2/lib/python3/dist-packages/mirte_msgs_2/srv/_SetOLEDImage.py, /home/rob/NGR-Goose/mirte_ws/devel/lib/python3/dist-packages/mirte_msgs_2/srv/_SetOLEDImage.py)
Linked: (/home/rob/NGR-Goose/mirte_ws/devel/.private/mirte_msgs_2/lib/python3/dist-packages/mirte_msgs_2/srv/_GetRange.py, /home/rob/NGR-Goose/mirte_ws/devel/lib/python3/dist-packages/mirte_msgs_2/srv/_GetRange.py)
Linked: (/home/rob/NGR-Goose/mirte_ws/devel/.private/mirte_msgs_2/lib/python3/dist-packages/mirte_msgs_2/srv/_Turn.py, /home/rob/NGR-Goose/mirte_ws/devel/lib/python3/dist-packages/mirte_msgs_2/srv/_Turn.py)
Linked: (/home/rob/NGR-Goose/mirte_ws/devel/.private/mirte_msgs_2/lib/python3/dist-packages/mirte_msgs_2/srv/_SetServoAngle.py, /home/rob/NGR-Goose/mirte_ws/devel/lib/python3/dist-packages/mirte_msgs_2/srv/_SetServoAngle.py)
Linked: (/home/rob/NGR-Goose/mirte_ws/devel/.private/mirte_msgs_2/lib/python3/dist-packages/mirte_msgs_2/srv/_GetKeypad.py, /home/rob/NGR-Goose/mirte_ws/devel/lib/python3/dist-packages/mirte_msgs_2/srv/_GetKeypad.py)
Linked: (/home/rob/NGR-Goose/mirte_ws/devel/.private/mirte_msgs_2/lib/python3/dist-packages/mirte_msgs_2/srv/_GetPinValue.py, /home/rob/NGR-Goose/mirte_ws/devel/lib/python3/dist-packages/mirte_msgs_2/srv/_GetPinValue.py)
Linked: (/home/rob/NGR-Goose/mirte_ws/devel/.private/mirte_msgs_2/lib/python3/dist-packages/mirte_msgs_2/srv/_SetLEDValue.py, /home/rob/NGR-Goose/mirte_ws/devel/lib/python3/dist-packages/mirte_msgs_2/srv/_SetLEDValue.py)
Linked: (/home/rob/NGR-Goose/mirte_ws/devel/.private/mirte_msgs_2/lib/python3/dist-packages/mirte_msgs_2/srv/_GetDistance.py, /home/rob/NGR-Goose/mirte_ws/devel/lib/python3/dist-packages/mirte_msgs_2/srv/_GetDistance.py)
Linked: (/home/rob/NGR-Goose/mirte_ws/devel/.private/mirte_msgs_2/lib/python3/dist-packages/mirte_msgs_2/srv/_SetSingleLEDValue.py, /home/rob/NGR-Goose/mirte_ws/devel/lib/python3/dist-packages/mirte_msgs_2/srv/_SetSingleLEDValue.py)
Linked: (/home/rob/NGR-Goose/mirte_ws/devel/.private/mirte_msgs_2/lib/python3/dist-packages/mirte_msgs_2/srv/__init__.py, /home/rob/NGR-Goose/mirte_ws/devel/lib/python3/dist-packages/mirte_msgs_2/srv/__init__.py)
Linked: (/home/rob/NGR-Goose/mirte_ws/devel/.private/mirte_msgs_2/lib/python3/dist-packages/mirte_msgs_2/srv/_SetPinValue.py, /home/rob/NGR-Goose/mirte_ws/devel/lib/python3/dist-packages/mirte_msgs_2/srv/_SetPinValue.py)
Linked: (/home/rob/NGR-Goose/mirte_ws/devel/.private/mirte_msgs_2/lib/python3/dist-packages/mirte_msgs_2/srv/_get_barcode.py, /home/rob/NGR-Goose/mirte_ws/devel/lib/python3/dist-packages/mirte_msgs_2/srv/_get_barcode.py)
Linked: (/home/rob/NGR-Goose/mirte_ws/devel/.private/mirte_msgs_2/lib/python3/dist-packages/mirte_msgs_2/srv/_Move.py, /home/rob/NGR-Goose/mirte_ws/devel/lib/python3/dist-packages/mirte_msgs_2/srv/_Move.py)
Linked: (/home/rob/NGR-Goose/mirte_ws/devel/.private/mirte_msgs_2/lib/python3/dist-packages/mirte_msgs_2/srv/_get_virtual_color.py, /home/rob/NGR-Goose/mirte_ws/devel/lib/python3/dist-packages/mirte_msgs_2/srv/_get_virtual_color.py)
Linked: (/home/rob/NGR-Goose/mirte_ws/devel/.private/mirte_msgs_2/lib/python3/dist-packages/mirte_msgs_2/srv/_SetMotorSpeed.py, /home/rob/NGR-Goose/mirte_ws/devel/lib/python3/dist-packages/mirte_msgs_2/srv/_SetMotorSpeed.py)
Linked: (/home/rob/NGR-Goose/mirte_ws/devel/.private/mirte_msgs_2/lib/python3/dist-packages/mirte_msgs_2/srv/_GetIMU.py, /home/rob/NGR-Goose/mirte_ws/devel/lib/python3/dist-packages/mirte_msgs_2/srv/_GetIMU.py)
Linked: (/home/rob/NGR-Goose/mirte_ws/devel/.private/mirte_msgs_2/lib/python3/dist-packages/mirte_msgs_2/msg/_ServoPosition.py, /home/rob/NGR-Goose/mirte_ws/devel/lib/python3/dist-packages/mirte_msgs_2/msg/_ServoPosition.py)
Linked: (/home/rob/NGR-Goose/mirte_ws/devel/.private/mirte_msgs_2/lib/python3/dist-packages/mirte_msgs_2/msg/_Keypad.py, /home/rob/NGR-Goose/mirte_ws/devel/lib/python3/dist-packages/mirte_msgs_2/msg/_Keypad.py)
Linked: (/home/rob/NGR-Goose/mirte_ws/devel/.private/mirte_msgs_2/lib/python3/dist-packages/mirte_msgs_2/msg/__init__.py, /home/rob/NGR-Goose/mirte_ws/devel/lib/python3/dist-packages/mirte_msgs_2/msg/__init__.py)
Linked: (/home/rob/NGR-Goose/mirte_ws/devel/.private/mirte_msgs_2/lib/python3/dist-packages/mirte_msgs_2/msg/_color.py, /home/rob/NGR-Goose/mirte_ws/devel/lib/python3/dist-packages/mirte_msgs_2/msg/_color.py)
Linked: (/home/rob/NGR-Goose/mirte_ws/devel/.private/mirte_msgs_2/lib/python3/dist-packages/mirte_msgs_2/msg/_Intensity.py, /home/rob/NGR-Goose/mirte_ws/devel/lib/python3/dist-packages/mirte_msgs_2/msg/_Intensity.py)
Linked: (/home/rob/NGR-Goose/mirte_ws/devel/.private/mirte_msgs_2/lib/python3/dist-packages/mirte_msgs_2/msg/_Encoder.py, /home/rob/NGR-Goose/mirte_ws/devel/lib/python3/dist-packages/mirte_msgs_2/msg/_Encoder.py)
Linked: (/home/rob/NGR-Goose/mirte_ws/devel/.private/mirte_msgs_2/lib/python3/dist-packages/mirte_msgs_2/msg/_IntensityDigital.py, /home/rob/NGR-Goose/mirte_ws/devel/lib/python3/dist-packages/mirte_msgs_2/msg/_IntensityDigital.py)
Linked: (/home/rob/NGR-Goose/mirte_ws/devel/.private/mirte_msgs_2/lib/pkgconfig/mirte_msgs_2.pc, /home/rob/NGR-Goose/mirte_ws/devel/lib/pkgconfig/mirte_msgs_2.pc)
Linked: (/home/rob/NGR-Goose/mirte_ws/devel/.private/mirte_msgs_2/share/roseus/ros/mirte_msgs_2/manifest.l, /home/rob/NGR-Goose/mirte_ws/devel/share/roseus/ros/mirte_msgs_2/manifest.l)
Linked: (/home/rob/NGR-Goose/mirte_ws/devel/.private/mirte_msgs_2/share/roseus/ros/mirte_msgs_2/srv/SetSingleLEDValue.l, /home/rob/NGR-Goose/mirte_ws/devel/share/roseus/ros/mirte_msgs_2/srv/SetSingleLEDValue.l)
Linked: (/home/rob/NGR-Goose/mirte_ws/devel/.private/mirte_msgs_2/share/roseus/ros/mirte_msgs_2/srv/GetPinValue.l, /home/rob/NGR-Goose/mirte_ws/devel/share/roseus/ros/mirte_msgs_2/srv/GetPinValue.l)
Linked: (/home/rob/NGR-Goose/mirte_ws/devel/.private/mirte_msgs_2/share/roseus/ros/mirte_msgs_2/srv/SetOLEDImage.l, /home/rob/NGR-Goose/mirte_ws/devel/share/roseus/ros/mirte_msgs_2/srv/SetOLEDImage.l)
Linked: (/home/rob/NGR-Goose/mirte_ws/devel/.private/mirte_msgs_2/share/roseus/ros/mirte_msgs_2/srv/get_barcode.l, /home/rob/NGR-Goose/mirte_ws/devel/share/roseus/ros/mirte_msgs_2/srv/get_barcode.l)
Linked: (/home/rob/NGR-Goose/mirte_ws/devel/.private/mirte_msgs_2/share/roseus/ros/mirte_msgs_2/srv/GetIMU.l, /home/rob/NGR-Goose/mirte_ws/devel/share/roseus/ros/mirte_msgs_2/srv/GetIMU.l)
Linked: (/home/rob/NGR-Goose/mirte_ws/devel/.private/mirte_msgs_2/share/roseus/ros/mirte_msgs_2/srv/SetMotorSpeed.l, /home/rob/NGR-Goose/mirte_ws/devel/share/roseus/ros/mirte_msgs_2/srv/SetMotorSpeed.l)
Linked: (/home/rob/NGR-Goose/mirte_ws/devel/.private/mirte_msgs_2/share/roseus/ros/mirte_msgs_2/srv/GetEncoder.l, /home/rob/NGR-Goose/mirte_ws/devel/share/roseus/ros/mirte_msgs_2/srv/GetEncoder.l)
Linked: (/home/rob/NGR-Goose/mirte_ws/devel/.private/mirte_msgs_2/share/roseus/ros/mirte_msgs_2/srv/GetIntensity.l, /home/rob/NGR-Goose/mirte_ws/devel/share/roseus/ros/mirte_msgs_2/srv/GetIntensity.l)
Linked: (/home/rob/NGR-Goose/mirte_ws/devel/.private/mirte_msgs_2/share/roseus/ros/mirte_msgs_2/srv/SetPinValue.l, /home/rob/NGR-Goose/mirte_ws/devel/share/roseus/ros/mirte_msgs_2/srv/SetPinValue.l)
Linked: (/home/rob/NGR-Goose/mirte_ws/devel/.private/mirte_msgs_2/share/roseus/ros/mirte_msgs_2/srv/GetKeypad.l, /home/rob/NGR-Goose/mirte_ws/devel/share/roseus/ros/mirte_msgs_2/srv/GetKeypad.l)
Linked: (/home/rob/NGR-Goose/mirte_ws/devel/.private/mirte_msgs_2/share/roseus/ros/mirte_msgs_2/srv/Move.l, /home/rob/NGR-Goose/mirte_ws/devel/share/roseus/ros/mirte_msgs_2/srv/Move.l)
Linked: (/home/rob/NGR-Goose/mirte_ws/devel/.private/mirte_msgs_2/share/roseus/ros/mirte_msgs_2/srv/GetDistance.l, /home/rob/NGR-Goose/mirte_ws/devel/share/roseus/ros/mirte_msgs_2/srv/GetDistance.l)
Linked: (/home/rob/NGR-Goose/mirte_ws/devel/.private/mirte_msgs_2/share/roseus/ros/mirte_msgs_2/srv/get_virtual_color.l, /home/rob/NGR-Goose/mirte_ws/devel/share/roseus/ros/mirte_msgs_2/srv/get_virtual_color.l)
Linked: (/home/rob/NGR-Goose/mirte_ws/devel/.private/mirte_msgs_2/share/roseus/ros/mirte_msgs_2/srv/Turn.l, /home/rob/NGR-Goose/mirte_ws/devel/share/roseus/ros/mirte_msgs_2/srv/Turn.l)
Linked: (/home/rob/NGR-Goose/mirte_ws/devel/.private/mirte_msgs_2/share/roseus/ros/mirte_msgs_2/srv/SetLEDValue.l, /home/rob/NGR-Goose/mirte_ws/devel/share/roseus/ros/mirte_msgs_2/srv/SetLEDValue.l)
Linked: (/home/rob/NGR-Goose/mirte_ws/devel/.private/mirte_msgs_2/share/roseus/ros/mirte_msgs_2/srv/SetServoAngle.l, /home/rob/NGR-Goose/mirte_ws/devel/share/roseus/ros/mirte_msgs_2/srv/SetServoAngle.l)
Linked: (/home/rob/NGR-Goose/mirte_ws/devel/.private/mirte_msgs_2/share/roseus/ros/mirte_msgs_2/srv/GetIntensityDigital.l, /home/rob/NGR-Goose/mirte_ws/devel/share/roseus/ros/mirte_msgs_2/srv/GetIntensityDigital.l)
Linked: (/home/rob/NGR-Goose/mirte_ws/devel/.private/mirte_msgs_2/share/roseus/ros/mirte_msgs_2/srv/GetRange.l, /home/rob/NGR-Goose/mirte_ws/devel/share/roseus/ros/mirte_msgs_2/srv/GetRange.l)
Linked: (/home/rob/NGR-Goose/mirte_ws/devel/.private/mirte_msgs_2/share/roseus/ros/mirte_msgs_2/srv/SetPinMode.l, /home/rob/NGR-Goose/mirte_ws/devel/share/roseus/ros/mirte_msgs_2/srv/SetPinMode.l)
Linked: (/home/rob/NGR-Goose/mirte_ws/devel/.private/mirte_msgs_2/share/roseus/ros/mirte_msgs_2/msg/Encoder.l, /home/rob/NGR-Goose/mirte_ws/devel/share/roseus/ros/mirte_msgs_2/msg/Encoder.l)
Linked: (/home/rob/NGR-Goose/mirte_ws/devel/.private/mirte_msgs_2/share/roseus/ros/mirte_msgs_2/msg/color.l, /home/rob/NGR-Goose/mirte_ws/devel/share/roseus/ros/mirte_msgs_2/msg/color.l)
Linked: (/home/rob/NGR-Goose/mirte_ws/devel/.private/mirte_msgs_2/share/roseus/ros/mirte_msgs_2/msg/ServoPosition.l, /home/rob/NGR-Goose/mirte_ws/devel/share/roseus/ros/mirte_msgs_2/msg/ServoPosition.l)
Linked: (/home/rob/NGR-Goose/mirte_ws/devel/.private/mirte_msgs_2/share/roseus/ros/mirte_msgs_2/msg/IntensityDigital.l, /home/rob/NGR-Goose/mirte_ws/devel/share/roseus/ros/mirte_msgs_2/msg/IntensityDigital.l)
Linked: (/home/rob/NGR-Goose/mirte_ws/devel/.private/mirte_msgs_2/share/roseus/ros/mirte_msgs_2/msg/Intensity.l, /home/rob/NGR-Goose/mirte_ws/devel/share/roseus/ros/mirte_msgs_2/msg/Intensity.l)
Linked: (/home/rob/NGR-Goose/mirte_ws/devel/.private/mirte_msgs_2/share/roseus/ros/mirte_msgs_2/msg/Keypad.l, /home/rob/NGR-Goose/mirte_ws/devel/share/roseus/ros/mirte_msgs_2/msg/Keypad.l)
Linked: (/home/rob/NGR-Goose/mirte_ws/devel/.private/mirte_msgs_2/share/mirte_msgs_2/cmake/mirte_msgs_2-msg-extras.cmake, /home/rob/NGR-Goose/mirte_ws/devel/share/mirte_msgs_2/cmake/mirte_msgs_2-msg-extras.cmake)
Linked: (/home/rob/NGR-Goose/mirte_ws/devel/.private/mirte_msgs_2/share/mirte_msgs_2/cmake/mirte_msgs_2-msg-paths.cmake, /home/rob/NGR-Goose/mirte_ws/devel/share/mirte_msgs_2/cmake/mirte_msgs_2-msg-paths.cmake)
Linked: (/home/rob/NGR-Goose/mirte_ws/devel/.private/mirte_msgs_2/share/mirte_msgs_2/cmake/mirte_msgs_2Config.cmake, /home/rob/NGR-Goose/mirte_ws/devel/share/mirte_msgs_2/cmake/mirte_msgs_2Config.cmake)
Linked: (/home/rob/NGR-Goose/mirte_ws/devel/.private/mirte_msgs_2/share/mirte_msgs_2/cmake/mirte_msgs_2Config-version.cmake, /home/rob/NGR-Goose/mirte_ws/devel/share/mirte_msgs_2/cmake/mirte_msgs_2Config-version.cmake)
Linked: (/home/rob/NGR-Goose/mirte_ws/devel/.private/mirte_msgs_2/share/gennodejs/ros/mirte_msgs_2/_index.js, /home/rob/NGR-Goose/mirte_ws/devel/share/gennodejs/ros/mirte_msgs_2/_index.js)
Linked: (/home/rob/NGR-Goose/mirte_ws/devel/.private/mirte_msgs_2/share/gennodejs/ros/mirte_msgs_2/srv/get_barcode.js, /home/rob/NGR-Goose/mirte_ws/devel/share/gennodejs/ros/mirte_msgs_2/srv/get_barcode.js)
Linked: (/home/rob/NGR-Goose/mirte_ws/devel/.private/mirte_msgs_2/share/gennodejs/ros/mirte_msgs_2/srv/SetOLEDImage.js, /home/rob/NGR-Goose/mirte_ws/devel/share/gennodejs/ros/mirte_msgs_2/srv/SetOLEDImage.js)
Linked: (/home/rob/NGR-Goose/mirte_ws/devel/.private/mirte_msgs_2/share/gennodejs/ros/mirte_msgs_2/srv/Move.js, /home/rob/NGR-Goose/mirte_ws/devel/share/gennodejs/ros/mirte_msgs_2/srv/Move.js)
Linked: (/home/rob/NGR-Goose/mirte_ws/devel/.private/mirte_msgs_2/share/gennodejs/ros/mirte_msgs_2/srv/GetKeypad.js, /home/rob/NGR-Goose/mirte_ws/devel/share/gennodejs/ros/mirte_msgs_2/srv/GetKeypad.js)
Linked: (/home/rob/NGR-Goose/mirte_ws/devel/.private/mirte_msgs_2/share/gennodejs/ros/mirte_msgs_2/srv/_index.js, /home/rob/NGR-Goose/mirte_ws/devel/share/gennodejs/ros/mirte_msgs_2/srv/_index.js)
Linked: (/home/rob/NGR-Goose/mirte_ws/devel/.private/mirte_msgs_2/share/gennodejs/ros/mirte_msgs_2/srv/GetIntensityDigital.js, /home/rob/NGR-Goose/mirte_ws/devel/share/gennodejs/ros/mirte_msgs_2/srv/GetIntensityDigital.js)
Linked: (/home/rob/NGR-Goose/mirte_ws/devel/.private/mirte_msgs_2/share/gennodejs/ros/mirte_msgs_2/srv/GetIntensity.js, /home/rob/NGR-Goose/mirte_ws/devel/share/gennodejs/ros/mirte_msgs_2/srv/GetIntensity.js)
Linked: (/home/rob/NGR-Goose/mirte_ws/devel/.private/mirte_msgs_2/share/gennodejs/ros/mirte_msgs_2/srv/SetMotorSpeed.js, /home/rob/NGR-Goose/mirte_ws/devel/share/gennodejs/ros/mirte_msgs_2/srv/SetMotorSpeed.js)
Linked: (/home/rob/NGR-Goose/mirte_ws/devel/.private/mirte_msgs_2/share/gennodejs/ros/mirte_msgs_2/srv/get_virtual_color.js, /home/rob/NGR-Goose/mirte_ws/devel/share/gennodejs/ros/mirte_msgs_2/srv/get_virtual_color.js)
Linked: (/home/rob/NGR-Goose/mirte_ws/devel/.private/mirte_msgs_2/share/gennodejs/ros/mirte_msgs_2/srv/GetIMU.js, /home/rob/NGR-Goose/mirte_ws/devel/share/gennodejs/ros/mirte_msgs_2/srv/GetIMU.js)
Linked: (/home/rob/NGR-Goose/mirte_ws/devel/.private/mirte_msgs_2/share/gennodejs/ros/mirte_msgs_2/srv/GetEncoder.js, /home/rob/NGR-Goose/mirte_ws/devel/share/gennodejs/ros/mirte_msgs_2/srv/GetEncoder.js)
Linked: (/home/rob/NGR-Goose/mirte_ws/devel/.private/mirte_msgs_2/share/gennodejs/ros/mirte_msgs_2/srv/SetServoAngle.js, /home/rob/NGR-Goose/mirte_ws/devel/share/gennodejs/ros/mirte_msgs_2/srv/SetServoAngle.js)
Linked: (/home/rob/NGR-Goose/mirte_ws/devel/.private/mirte_msgs_2/share/gennodejs/ros/mirte_msgs_2/srv/GetPinValue.js, /home/rob/NGR-Goose/mirte_ws/devel/share/gennodejs/ros/mirte_msgs_2/srv/GetPinValue.js)
Linked: (/home/rob/NGR-Goose/mirte_ws/devel/.private/mirte_msgs_2/share/gennodejs/ros/mirte_msgs_2/srv/Turn.js, /home/rob/NGR-Goose/mirte_ws/devel/share/gennodejs/ros/mirte_msgs_2/srv/Turn.js)
Linked: (/home/rob/NGR-Goose/mirte_ws/devel/.private/mirte_msgs_2/share/gennodejs/ros/mirte_msgs_2/srv/GetDistance.js, /home/rob/NGR-Goose/mirte_ws/devel/share/gennodejs/ros/mirte_msgs_2/srv/GetDistance.js)
Linked: (/home/rob/NGR-Goose/mirte_ws/devel/.private/mirte_msgs_2/share/gennodejs/ros/mirte_msgs_2/srv/SetPinMode.js, /home/rob/NGR-Goose/mirte_ws/devel/share/gennodejs/ros/mirte_msgs_2/srv/SetPinMode.js)
Linked: (/home/rob/NGR-Goose/mirte_ws/devel/.private/mirte_msgs_2/share/gennodejs/ros/mirte_msgs_2/srv/SetLEDValue.js, /home/rob/NGR-Goose/mirte_ws/devel/share/gennodejs/ros/mirte_msgs_2/srv/SetLEDValue.js)
Linked: (/home/rob/NGR-Goose/mirte_ws/devel/.private/mirte_msgs_2/share/gennodejs/ros/mirte_msgs_2/srv/SetSingleLEDValue.js, /home/rob/NGR-Goose/mirte_ws/devel/share/gennodejs/ros/mirte_msgs_2/srv/SetSingleLEDValue.js)
Linked: (/home/rob/NGR-Goose/mirte_ws/devel/.private/mirte_msgs_2/share/gennodejs/ros/mirte_msgs_2/srv/SetPinValue.js, /home/rob/NGR-Goose/mirte_ws/devel/share/gennodejs/ros/mirte_msgs_2/srv/SetPinValue.js)
Linked: (/home/rob/NGR-Goose/mirte_ws/devel/.private/mirte_msgs_2/share/gennodejs/ros/mirte_msgs_2/srv/GetRange.js, /home/rob/NGR-Goose/mirte_ws/devel/share/gennodejs/ros/mirte_msgs_2/srv/GetRange.js)
Linked: (/home/rob/NGR-Goose/mirte_ws/devel/.private/mirte_msgs_2/share/gennodejs/ros/mirte_msgs_2/msg/_index.js, /home/rob/NGR-Goose/mirte_ws/devel/share/gennodejs/ros/mirte_msgs_2/msg/_index.js)
Linked: (/home/rob/NGR-Goose/mirte_ws/devel/.private/mirte_msgs_2/share/gennodejs/ros/mirte_msgs_2/msg/ServoPosition.js, /home/rob/NGR-Goose/mirte_ws/devel/share/gennodejs/ros/mirte_msgs_2/msg/ServoPosition.js)
Linked: (/home/rob/NGR-Goose/mirte_ws/devel/.private/mirte_msgs_2/share/gennodejs/ros/mirte_msgs_2/msg/IntensityDigital.js, /home/rob/NGR-Goose/mirte_ws/devel/share/gennodejs/ros/mirte_msgs_2/msg/IntensityDigital.js)
Linked: (/home/rob/NGR-Goose/mirte_ws/devel/.private/mirte_msgs_2/share/gennodejs/ros/mirte_msgs_2/msg/color.js, /home/rob/NGR-Goose/mirte_ws/devel/share/gennodejs/ros/mirte_msgs_2/msg/color.js)
Linked: (/home/rob/NGR-Goose/mirte_ws/devel/.private/mirte_msgs_2/share/gennodejs/ros/mirte_msgs_2/msg/Encoder.js, /home/rob/NGR-Goose/mirte_ws/devel/share/gennodejs/ros/mirte_msgs_2/msg/Encoder.js)
Linked: (/home/rob/NGR-Goose/mirte_ws/devel/.private/mirte_msgs_2/share/gennodejs/ros/mirte_msgs_2/msg/Keypad.js, /home/rob/NGR-Goose/mirte_ws/devel/share/gennodejs/ros/mirte_msgs_2/msg/Keypad.js)
Linked: (/home/rob/NGR-Goose/mirte_ws/devel/.private/mirte_msgs_2/share/gennodejs/ros/mirte_msgs_2/msg/Intensity.js, /home/rob/NGR-Goose/mirte_ws/devel/share/gennodejs/ros/mirte_msgs_2/msg/Intensity.js)
Linked: (/home/rob/NGR-Goose/mirte_ws/devel/.private/mirte_msgs_2/share/common-lisp/ros/mirte_msgs_2/srv/_package_GetEncoder.lisp, /home/rob/NGR-Goose/mirte_ws/devel/share/common-lisp/ros/mirte_msgs_2/srv/_package_GetEncoder.lisp)
Linked: (/home/rob/NGR-Goose/mirte_ws/devel/.private/mirte_msgs_2/share/common-lisp/ros/mirte_msgs_2/srv/_package_SetPinMode.lisp, /home/rob/NGR-Goose/mirte_ws/devel/share/common-lisp/ros/mirte_msgs_2/srv/_package_SetPinMode.lisp)
Linked: (/home/rob/NGR-Goose/mirte_ws/devel/.private/mirte_msgs_2/share/common-lisp/ros/mirte_msgs_2/srv/_package_GetIntensityDigital.lisp, /home/rob/NGR-Goose/mirte_ws/devel/share/common-lisp/ros/mirte_msgs_2/srv/_package_GetIntensityDigital.lisp)
Linked: (/home/rob/NGR-Goose/mirte_ws/devel/.private/mirte_msgs_2/share/common-lisp/ros/mirte_msgs_2/srv/_package_SetOLEDImage.lisp, /home/rob/NGR-Goose/mirte_ws/devel/share/common-lisp/ros/mirte_msgs_2/srv/_package_SetOLEDImage.lisp)
Linked: (/home/rob/NGR-Goose/mirte_ws/devel/.private/mirte_msgs_2/share/common-lisp/ros/mirte_msgs_2/srv/_package_Move.lisp, /home/rob/NGR-Goose/mirte_ws/devel/share/common-lisp/ros/mirte_msgs_2/srv/_package_Move.lisp)
Linked: (/home/rob/NGR-Goose/mirte_ws/devel/.private/mirte_msgs_2/share/common-lisp/ros/mirte_msgs_2/srv/GetIMU.lisp, /home/rob/NGR-Goose/mirte_ws/devel/share/common-lisp/ros/mirte_msgs_2/srv/GetIMU.lisp)
Linked: (/home/rob/NGR-Goose/mirte_ws/devel/.private/mirte_msgs_2/share/common-lisp/ros/mirte_msgs_2/srv/_package_SetMotorSpeed.lisp, /home/rob/NGR-Goose/mirte_ws/devel/share/common-lisp/ros/mirte_msgs_2/srv/_package_SetMotorSpeed.lisp)
Linked: (/home/rob/NGR-Goose/mirte_ws/devel/.private/mirte_msgs_2/share/common-lisp/ros/mirte_msgs_2/srv/GetIntensity.lisp, /home/rob/NGR-Goose/mirte_ws/devel/share/common-lisp/ros/mirte_msgs_2/srv/GetIntensity.lisp)
Linked: (/home/rob/NGR-Goose/mirte_ws/devel/.private/mirte_msgs_2/share/common-lisp/ros/mirte_msgs_2/srv/_package_GetPinValue.lisp, /home/rob/NGR-Goose/mirte_ws/devel/share/common-lisp/ros/mirte_msgs_2/srv/_package_GetPinValue.lisp)
Linked: (/home/rob/NGR-Goose/mirte_ws/devel/.private/mirte_msgs_2/share/common-lisp/ros/mirte_msgs_2/srv/SetMotorSpeed.lisp, /home/rob/NGR-Goose/mirte_ws/devel/share/common-lisp/ros/mirte_msgs_2/srv/SetMotorSpeed.lisp)
Linked: (/home/rob/NGR-Goose/mirte_ws/devel/.private/mirte_msgs_2/share/common-lisp/ros/mirte_msgs_2/srv/SetLEDValue.lisp, /home/rob/NGR-Goose/mirte_ws/devel/share/common-lisp/ros/mirte_msgs_2/srv/SetLEDValue.lisp)
Linked: (/home/rob/NGR-Goose/mirte_ws/devel/.private/mirte_msgs_2/share/common-lisp/ros/mirte_msgs_2/srv/SetSingleLEDValue.lisp, /home/rob/NGR-Goose/mirte_ws/devel/share/common-lisp/ros/mirte_msgs_2/srv/SetSingleLEDValue.lisp)
Linked: (/home/rob/NGR-Goose/mirte_ws/devel/.private/mirte_msgs_2/share/common-lisp/ros/mirte_msgs_2/srv/GetIntensityDigital.lisp, /home/rob/NGR-Goose/mirte_ws/devel/share/common-lisp/ros/mirte_msgs_2/srv/GetIntensityDigital.lisp)
Linked: (/home/rob/NGR-Goose/mirte_ws/devel/.private/mirte_msgs_2/share/common-lisp/ros/mirte_msgs_2/srv/_package_SetPinValue.lisp, /home/rob/NGR-Goose/mirte_ws/devel/share/common-lisp/ros/mirte_msgs_2/srv/_package_SetPinValue.lisp)
Linked: (/home/rob/NGR-Goose/mirte_ws/devel/.private/mirte_msgs_2/share/common-lisp/ros/mirte_msgs_2/srv/_package_SetLEDValue.lisp, /home/rob/NGR-Goose/mirte_ws/devel/share/common-lisp/ros/mirte_msgs_2/srv/_package_SetLEDValue.lisp)
Linked: (/home/rob/NGR-Goose/mirte_ws/devel/.private/mirte_msgs_2/share/common-lisp/ros/mirte_msgs_2/srv/_package_GetIMU.lisp, /home/rob/NGR-Goose/mirte_ws/devel/share/common-lisp/ros/mirte_msgs_2/srv/_package_GetIMU.lisp)
Linked: (/home/rob/NGR-Goose/mirte_ws/devel/.private/mirte_msgs_2/share/common-lisp/ros/mirte_msgs_2/srv/GetKeypad.lisp, /home/rob/NGR-Goose/mirte_ws/devel/share/common-lisp/ros/mirte_msgs_2/srv/GetKeypad.lisp)
Linked: (/home/rob/NGR-Goose/mirte_ws/devel/.private/mirte_msgs_2/share/common-lisp/ros/mirte_msgs_2/srv/SetPinMode.lisp, /home/rob/NGR-Goose/mirte_ws/devel/share/common-lisp/ros/mirte_msgs_2/srv/SetPinMode.lisp)
Linked: (/home/rob/NGR-Goose/mirte_ws/devel/.private/mirte_msgs_2/share/common-lisp/ros/mirte_msgs_2/srv/_package_GetKeypad.lisp, /home/rob/NGR-Goose/mirte_ws/devel/share/common-lisp/ros/mirte_msgs_2/srv/_package_GetKeypad.lisp)
Linked: (/home/rob/NGR-Goose/mirte_ws/devel/.private/mirte_msgs_2/share/common-lisp/ros/mirte_msgs_2/srv/_package.lisp, /home/rob/NGR-Goose/mirte_ws/devel/share/common-lisp/ros/mirte_msgs_2/srv/_package.lisp)
Linked: (/home/rob/NGR-Goose/mirte_ws/devel/.private/mirte_msgs_2/share/common-lisp/ros/mirte_msgs_2/srv/mirte_msgs_2-srv.asd, /home/rob/NGR-Goose/mirte_ws/devel/share/common-lisp/ros/mirte_msgs_2/srv/mirte_msgs_2-srv.asd)
Linked: (/home/rob/NGR-Goose/mirte_ws/devel/.private/mirte_msgs_2/share/common-lisp/ros/mirte_msgs_2/srv/get_barcode.lisp, /home/rob/NGR-Goose/mirte_ws/devel/share/common-lisp/ros/mirte_msgs_2/srv/get_barcode.lisp)
Linked: (/home/rob/NGR-Goose/mirte_ws/devel/.private/mirte_msgs_2/share/common-lisp/ros/mirte_msgs_2/srv/Move.lisp, /home/rob/NGR-Goose/mirte_ws/devel/share/common-lisp/ros/mirte_msgs_2/srv/Move.lisp)
Linked: (/home/rob/NGR-Goose/mirte_ws/devel/.private/mirte_msgs_2/share/common-lisp/ros/mirte_msgs_2/srv/get_virtual_color.lisp, /home/rob/NGR-Goose/mirte_ws/devel/share/common-lisp/ros/mirte_msgs_2/srv/get_virtual_color.lisp)
Linked: (/home/rob/NGR-Goose/mirte_ws/devel/.private/mirte_msgs_2/share/common-lisp/ros/mirte_msgs_2/srv/GetPinValue.lisp, /home/rob/NGR-Goose/mirte_ws/devel/share/common-lisp/ros/mirte_msgs_2/srv/GetPinValue.lisp)
Linked: (/home/rob/NGR-Goose/mirte_ws/devel/.private/mirte_msgs_2/share/common-lisp/ros/mirte_msgs_2/srv/_package_GetIntensity.lisp, /home/rob/NGR-Goose/mirte_ws/devel/share/common-lisp/ros/mirte_msgs_2/srv/_package_GetIntensity.lisp)
Linked: (/home/rob/NGR-Goose/mirte_ws/devel/.private/mirte_msgs_2/share/common-lisp/ros/mirte_msgs_2/srv/_package_GetRange.lisp, /home/rob/NGR-Goose/mirte_ws/devel/share/common-lisp/ros/mirte_msgs_2/srv/_package_GetRange.lisp)
Linked: (/home/rob/NGR-Goose/mirte_ws/devel/.private/mirte_msgs_2/share/common-lisp/ros/mirte_msgs_2/srv/_package_SetSingleLEDValue.lisp, /home/rob/NGR-Goose/mirte_ws/devel/share/common-lisp/ros/mirte_msgs_2/srv/_package_SetSingleLEDValue.lisp)
Linked: (/home/rob/NGR-Goose/mirte_ws/devel/.private/mirte_msgs_2/share/common-lisp/ros/mirte_msgs_2/srv/_package_get_virtual_color.lisp, /home/rob/NGR-Goose/mirte_ws/devel/share/common-lisp/ros/mirte_msgs_2/srv/_package_get_virtual_color.lisp)
Linked: (/home/rob/NGR-Goose/mirte_ws/devel/.private/mirte_msgs_2/share/common-lisp/ros/mirte_msgs_2/srv/SetOLEDImage.lisp, /home/rob/NGR-Goose/mirte_ws/devel/share/common-lisp/ros/mirte_msgs_2/srv/SetOLEDImage.lisp)
Linked: (/home/rob/NGR-Goose/mirte_ws/devel/.private/mirte_msgs_2/share/common-lisp/ros/mirte_msgs_2/srv/SetPinValue.lisp, /home/rob/NGR-Goose/mirte_ws/devel/share/common-lisp/ros/mirte_msgs_2/srv/SetPinValue.lisp)
Linked: (/home/rob/NGR-Goose/mirte_ws/devel/.private/mirte_msgs_2/share/common-lisp/ros/mirte_msgs_2/srv/_package_SetServoAngle.lisp, /home/rob/NGR-Goose/mirte_ws/devel/share/common-lisp/ros/mirte_msgs_2/srv/_package_SetServoAngle.lisp)
Linked: (/home/rob/NGR-Goose/mirte_ws/devel/.private/mirte_msgs_2/share/common-lisp/ros/mirte_msgs_2/srv/SetServoAngle.lisp, /home/rob/NGR-Goose/mirte_ws/devel/share/common-lisp/ros/mirte_msgs_2/srv/SetServoAngle.lisp)
Linked: (/home/rob/NGR-Goose/mirte_ws/devel/.private/mirte_msgs_2/share/common-lisp/ros/mirte_msgs_2/srv/GetEncoder.lisp, /home/rob/NGR-Goose/mirte_ws/devel/share/common-lisp/ros/mirte_msgs_2/srv/GetEncoder.lisp)
Linked: (/home/rob/NGR-Goose/mirte_ws/devel/.private/mirte_msgs_2/share/common-lisp/ros/mirte_msgs_2/srv/_package_Turn.lisp, /home/rob/NGR-Goose/mirte_ws/devel/share/common-lisp/ros/mirte_msgs_2/srv/_package_Turn.lisp)
Linked: (/home/rob/NGR-Goose/mirte_ws/devel/.private/mirte_msgs_2/share/common-lisp/ros/mirte_msgs_2/srv/GetRange.lisp, /home/rob/NGR-Goose/mirte_ws/devel/share/common-lisp/ros/mirte_msgs_2/srv/GetRange.lisp)
Linked: (/home/rob/NGR-Goose/mirte_ws/devel/.private/mirte_msgs_2/share/common-lisp/ros/mirte_msgs_2/srv/Turn.lisp, /home/rob/NGR-Goose/mirte_ws/devel/share/common-lisp/ros/mirte_msgs_2/srv/Turn.lisp)
Linked: (/home/rob/NGR-Goose/mirte_ws/devel/.private/mirte_msgs_2/share/common-lisp/ros/mirte_msgs_2/srv/GetDistance.lisp, /home/rob/NGR-Goose/mirte_ws/devel/share/common-lisp/ros/mirte_msgs_2/srv/GetDistance.lisp)
Linked: (/home/rob/NGR-Goose/mirte_ws/devel/.private/mirte_msgs_2/share/common-lisp/ros/mirte_msgs_2/srv/_package_get_barcode.lisp, /home/rob/NGR-Goose/mirte_ws/devel/share/common-lisp/ros/mirte_msgs_2/srv/_package_get_barcode.lisp)
Linked: (/home/rob/NGR-Goose/mirte_ws/devel/.private/mirte_msgs_2/share/common-lisp/ros/mirte_msgs_2/srv/_package_GetDistance.lisp, /home/rob/NGR-Goose/mirte_ws/devel/share/common-lisp/ros/mirte_msgs_2/srv/_package_GetDistance.lisp)
Linked: (/home/rob/NGR-Goose/mirte_ws/devel/.private/mirte_msgs_2/share/common-lisp/ros/mirte_msgs_2/msg/Intensity.lisp, /home/rob/NGR-Goose/mirte_ws/devel/share/common-lisp/ros/mirte_msgs_2/msg/Intensity.lisp)
Linked: (/home/rob/NGR-Goose/mirte_ws/devel/.private/mirte_msgs_2/share/common-lisp/ros/mirte_msgs_2/msg/color.lisp, /home/rob/NGR-Goose/mirte_ws/devel/share/common-lisp/ros/mirte_msgs_2/msg/color.lisp)
Linked: (/home/rob/NGR-Goose/mirte_ws/devel/.private/mirte_msgs_2/share/common-lisp/ros/mirte_msgs_2/msg/ServoPosition.lisp, /home/rob/NGR-Goose/mirte_ws/devel/share/common-lisp/ros/mirte_msgs_2/msg/ServoPosition.lisp)
Linked: (/home/rob/NGR-Goose/mirte_ws/devel/.private/mirte_msgs_2/share/common-lisp/ros/mirte_msgs_2/msg/Encoder.lisp, /home/rob/NGR-Goose/mirte_ws/devel/share/common-lisp/ros/mirte_msgs_2/msg/Encoder.lisp)
Linked: (/home/rob/NGR-Goose/mirte_ws/devel/.private/mirte_msgs_2/share/common-lisp/ros/mirte_msgs_2/msg/_package_color.lisp, /home/rob/NGR-Goose/mirte_ws/devel/share/common-lisp/ros/mirte_msgs_2/msg/_package_color.lisp)
Linked: (/home/rob/NGR-Goose/mirte_ws/devel/.private/mirte_msgs_2/share/common-lisp/ros/mirte_msgs_2/msg/_package_ServoPosition.lisp, /home/rob/NGR-Goose/mirte_ws/devel/share/common-lisp/ros/mirte_msgs_2/msg/_package_ServoPosition.lisp)
Linked: (/home/rob/NGR-Goose/mirte_ws/devel/.private/mirte_msgs_2/share/common-lisp/ros/mirte_msgs_2/msg/IntensityDigital.lisp, /home/rob/NGR-Goose/mirte_ws/devel/share/common-lisp/ros/mirte_msgs_2/msg/IntensityDigital.lisp)
Linked: (/home/rob/NGR-Goose/mirte_ws/devel/.private/mirte_msgs_2/share/common-lisp/ros/mirte_msgs_2/msg/mirte_msgs_2-msg.asd, /home/rob/NGR-Goose/mirte_ws/devel/share/common-lisp/ros/mirte_msgs_2/msg/mirte_msgs_2-msg.asd)
Linked: (/home/rob/NGR-Goose/mirte_ws/devel/.private/mirte_msgs_2/share/common-lisp/ros/mirte_msgs_2/msg/_package_Intensity.lisp, /home/rob/NGR-Goose/mirte_ws/devel/share/common-lisp/ros/mirte_msgs_2/msg/_package_Intensity.lisp)
Linked: (/home/rob/NGR-Goose/mirte_ws/devel/.private/mirte_msgs_2/share/common-lisp/ros/mirte_msgs_2/msg/_package.lisp, /home/rob/NGR-Goose/mirte_ws/devel/share/common-lisp/ros/mirte_msgs_2/msg/_package.lisp)
Linked: (/home/rob/NGR-Goose/mirte_ws/devel/.private/mirte_msgs_2/share/common-lisp/ros/mirte_msgs_2/msg/_package_Keypad.lisp, /home/rob/NGR-Goose/mirte_ws/devel/share/common-lisp/ros/mirte_msgs_2/msg/_package_Keypad.lisp)
Linked: (/home/rob/NGR-Goose/mirte_ws/devel/.private/mirte_msgs_2/share/common-lisp/ros/mirte_msgs_2/msg/_package_Encoder.lisp, /home/rob/NGR-Goose/mirte_ws/devel/share/common-lisp/ros/mirte_msgs_2/msg/_package_Encoder.lisp)
Linked: (/home/rob/NGR-Goose/mirte_ws/devel/.private/mirte_msgs_2/share/common-lisp/ros/mirte_msgs_2/msg/Keypad.lisp, /home/rob/NGR-Goose/mirte_ws/devel/share/common-lisp/ros/mirte_msgs_2/msg/Keypad.lisp)
Linked: (/home/rob/NGR-Goose/mirte_ws/devel/.private/mirte_msgs_2/share/common-lisp/ros/mirte_msgs_2/msg/_package_IntensityDigital.lisp, /home/rob/NGR-Goose/mirte_ws/devel/share/common-lisp/ros/mirte_msgs_2/msg/_package_IntensityDigital.lisp)
